<?xml version="1.0" encoding="UTF-8"?>
<robot generator="Robot 7.2.2 (Python 3.10.16 on darwin)" generated="2025-02-25T16:26:30.910816" rpa="false" schemaversion="5">
<suite id="s1" name="Challenge" source="/Users/bruno/Desktop/challenge/Challenge/challenge.robot">
<test id="s1-t1" name="Complete RPA Challenge" line="14">
<kw name="Open Browser" owner="SeleniumLibrary">
<msg time="2025-02-25T16:26:31.180932" level="INFO">Opening browser 'Chrome' to base url 'https://rpachallenge.com/'.</msg>
<arg>${URL}</arg>
<arg>${BROWSER}</arg>
<doc>Opens a new browser instance to the optional ``url``.</doc>
<status status="PASS" start="2025-02-25T16:26:31.180782" elapsed="6.523997"/>
</kw>
<kw name="Maximize Browser Window" owner="SeleniumLibrary">
<doc>Maximizes current browser window.</doc>
<status status="PASS" start="2025-02-25T16:26:37.705842" elapsed="0.347223"/>
</kw>
<kw name="Click Button" owner="SeleniumLibrary">
<msg time="2025-02-25T16:26:38.054199" level="INFO">Clicking button 'xpath=//button[contains(text(),'Start')]'.</msg>
<arg>xpath=//button[contains(text(),'Start')]</arg>
<doc>Clicks the button identified by ``locator``.</doc>
<status status="PASS" start="2025-02-25T16:26:38.053474" elapsed="0.054168"/>
</kw>
<kw name="Read Excel File">
<kw name="Open Workbook" owner="RPA.Excel.Files">
<msg time="2025-02-25T16:26:38.153267" level="INFO">Opened workbook: &lt;RPA.Excel.Files.XlsxWorkbook object at 0x1038cc8b0&gt;</msg>
<arg>${file_path}</arg>
<doc>Open an existing Excel workbook.</doc>
<status status="PASS" start="2025-02-25T16:26:38.108338" elapsed="0.044998"/>
</kw>
<kw name="Read Worksheet As Table" owner="RPA.Excel.Files">
<msg time="2025-02-25T16:26:38.170102" level="INFO">Created table: Table(columns=['First Name', 'Last Name', 'Company Name', 'Role in Company', 'Address', 'Email', 'Phone Number'], rows=10)</msg>
<msg time="2025-02-25T16:26:38.170273" level="INFO">${data} = Table(columns=['First Name', 'Last Name', 'Company Name', 'Role in Company', 'Address', 'Email', 'Phone Number'], rows=10)</msg>
<var>${data}</var>
<arg>header=True</arg>
<doc>Read the contents of a worksheet into a Table container. Allows
sorting/filtering/manipulating using the ``RPA.Tables`` library.</doc>
<status status="PASS" start="2025-02-25T16:26:38.153461" elapsed="0.016830"/>
</kw>
<kw name="Close Workbook" owner="RPA.Excel.Files">
<msg time="2025-02-25T16:26:38.170456" level="INFO">Closing workbook: &lt;RPA.Excel.Files.XlsxWorkbook object at 0x1038cc8b0&gt;</msg>
<doc>Close the active workbook.</doc>
<status status="PASS" start="2025-02-25T16:26:38.170383" elapsed="0.000105"/>
</kw>
<return>
<value>${data}</value>
<status status="PASS" start="2025-02-25T16:26:38.170523" elapsed="0.000047"/>
</return>
<msg time="2025-02-25T16:26:38.170653" level="INFO">${data} = Table(columns=['First Name', 'Last Name', 'Company Name', 'Role in Company', 'Address', 'Email', 'Phone Number'], rows=10)</msg>
<var>${data}</var>
<arg>${EXCEL}</arg>
<status status="PASS" start="2025-02-25T16:26:38.108025" elapsed="0.062644"/>
</kw>
<for flavor="IN">
<iter>
<kw name="Fill And Submit Form">
<kw name="Get WebElements" owner="SeleniumLibrary">
<msg time="2025-02-25T16:26:38.176367" level="INFO">${fields} = [&lt;selenium.webdriver.remote.webelement.WebElement (session="e2792176d8c85f3e9a3cec9397acd167", element="f.9335DE9BBF2C47E6D6156AD9C15F27EA.d.263D024BC66A2193D3AE3475E976827E.e.58")&gt;, &lt;selenium.webdriv...</msg>
<var>${fields}</var>
<arg>//label</arg>
<doc>Returns a list of WebElement objects matching the ``locator``.</doc>
<status status="PASS" start="2025-02-25T16:26:38.171222" elapsed="0.005168"/>
</kw>
<for flavor="IN">
<iter>
<kw name="Get Text" owner="SeleniumLibrary">
<msg time="2025-02-25T16:26:38.183281" level="INFO">${label} = Phone Number</msg>
<var>${label}</var>
<arg>${field}</arg>
<doc>Returns the text value of the element identified by ``locator``.</doc>
<status status="PASS" start="2025-02-25T16:26:38.176590" elapsed="0.006713"/>
</kw>
<kw name="Strip String" owner="String">
<msg time="2025-02-25T16:26:38.183495" level="INFO">${label} = Phone Number</msg>
<var>${label}</var>
<arg>${label}</arg>
<doc>Remove leading and/or trailing whitespaces from the given string.</doc>
<status status="PASS" start="2025-02-25T16:26:38.183382" elapsed="0.000128"/>
</kw>
<kw name="Set Variable" owner="BuiltIn">
<msg time="2025-02-25T16:26:38.183753" level="INFO">${input_locator} = xpath=//label[contains(text(),'Phone Number')]/following-sibling::input</msg>
<var>${input_locator}</var>
<arg>xpath=//label[contains(text(),'${label}')]/following-sibling::input</arg>
<doc>Returns the given values which can then be assigned to a variables.</doc>
<status status="PASS" start="2025-02-25T16:26:38.183605" elapsed="0.000163"/>
</kw>
<kw name="Get From Dictionary" owner="Collections">
<msg time="2025-02-25T16:26:38.183990" level="INFO">${value} = 40716543298</msg>
<var>${value}</var>
<arg>${row}</arg>
<arg>${label}</arg>
<doc>Returns a value from the given ``dictionary`` based on the given ``key``.</doc>
<status status="PASS" start="2025-02-25T16:26:38.183851" elapsed="0.000166"/>
</kw>
<kw name="Run Keyword If" owner="BuiltIn">
<kw name="Input Text" owner="SeleniumLibrary">
<msg time="2025-02-25T16:26:38.184443" level="INFO">Typing text '40716543298' into text field 'xpath=//label[contains(text(),'Phone Number')]/following-sibling::input'.</msg>
<arg>${input_locator}</arg>
<arg>${value}</arg>
<doc>Types the given ``text`` into the text field identified by ``locator``.</doc>
<status status="PASS" start="2025-02-25T16:26:38.184299" elapsed="0.104623"/>
</kw>
<arg>'${value}' != ''</arg>
<arg>Input Text</arg>
<arg>${input_locator}</arg>
<arg>${value}</arg>
<doc>Runs the given keyword with the given arguments, if ``condition`` is true.</doc>
<status status="PASS" start="2025-02-25T16:26:38.184121" elapsed="0.104879"/>
</kw>
<var name="${field}">&lt;selenium.webdriver.remote.webelement.WebElement (session="e2792176d8c85f3e9a3cec9397acd167", element="f.9335DE9BBF2C47E6D6156AD9C15F27EA.d.263D024BC66A2193D3AE3475E976827E.e.58")&gt;</var>
<status status="PASS" start="2025-02-25T16:26:38.176524" elapsed="0.112511"/>
</iter>
<iter>
<kw name="Get Text" owner="SeleniumLibrary">
<msg time="2025-02-25T16:26:38.297644" level="INFO">${label} = Last Name</msg>
<var>${label}</var>
<arg>${field}</arg>
<doc>Returns the text value of the element identified by ``locator``.</doc>
<status status="PASS" start="2025-02-25T16:26:38.289244" elapsed="0.008429"/>
</kw>
<kw name="Strip String" owner="String">
<msg time="2025-02-25T16:26:38.297896" level="INFO">${label} = Last Name</msg>
<var>${label}</var>
<arg>${label}</arg>
<doc>Remove leading and/or trailing whitespaces from the given string.</doc>
<status status="PASS" start="2025-02-25T16:26:38.297781" elapsed="0.000132"/>
</kw>
<kw name="Set Variable" owner="BuiltIn">
<msg time="2025-02-25T16:26:38.298083" level="INFO">${input_locator} = xpath=//label[contains(text(),'Last Name')]/following-sibling::input</msg>
<var>${input_locator}</var>
<arg>xpath=//label[contains(text(),'${label}')]/following-sibling::input</arg>
<doc>Returns the given values which can then be assigned to a variables.</doc>
<status status="PASS" start="2025-02-25T16:26:38.297979" elapsed="0.000119"/>
</kw>
<kw name="Get From Dictionary" owner="Collections">
<msg time="2025-02-25T16:26:38.298264" level="INFO">${value} = Smith</msg>
<var>${value}</var>
<arg>${row}</arg>
<arg>${label}</arg>
<doc>Returns a value from the given ``dictionary`` based on the given ``key``.</doc>
<status status="PASS" start="2025-02-25T16:26:38.298160" elapsed="0.000119"/>
</kw>
<kw name="Run Keyword If" owner="BuiltIn">
<kw name="Input Text" owner="SeleniumLibrary">
<msg time="2025-02-25T16:26:38.298617" level="INFO">Typing text 'Smith' into text field 'xpath=//label[contains(text(),'Last Name')]/following-sibling::input'.</msg>
<arg>${input_locator}</arg>
<arg>${value}</arg>
<doc>Types the given ``text`` into the text field identified by ``locator``.</doc>
<status status="PASS" start="2025-02-25T16:26:38.298494" elapsed="0.040356"/>
</kw>
<arg>'${value}' != ''</arg>
<arg>Input Text</arg>
<arg>${input_locator}</arg>
<arg>${value}</arg>
<doc>Runs the given keyword with the given arguments, if ``condition`` is true.</doc>
<status status="PASS" start="2025-02-25T16:26:38.298349" elapsed="0.040581"/>
</kw>
<var name="${field}">&lt;selenium.webdriver.remote.webelement.WebElement (session="e2792176d8c85f3e9a3cec9397acd167", element="f.9335DE9BBF2C47E6D6156AD9C15F27EA.d.263D024BC66A2193D3AE3475E976827E.e.59")&gt;</var>
<status status="PASS" start="2025-02-25T16:26:38.289148" elapsed="0.049921"/>
</iter>
<iter>
<kw name="Get Text" owner="SeleniumLibrary">
<msg time="2025-02-25T16:26:38.342362" level="INFO">${label} = Email</msg>
<var>${label}</var>
<arg>${field}</arg>
<doc>Returns the text value of the element identified by ``locator``.</doc>
<status status="PASS" start="2025-02-25T16:26:38.339272" elapsed="0.003118"/>
</kw>
<kw name="Strip String" owner="String">
<msg time="2025-02-25T16:26:38.342611" level="INFO">${label} = Email</msg>
<var>${label}</var>
<arg>${label}</arg>
<doc>Remove leading and/or trailing whitespaces from the given string.</doc>
<status status="PASS" start="2025-02-25T16:26:38.342493" elapsed="0.000134"/>
</kw>
<kw name="Set Variable" owner="BuiltIn">
<msg time="2025-02-25T16:26:38.342809" level="INFO">${input_locator} = xpath=//label[contains(text(),'Email')]/following-sibling::input</msg>
<var>${input_locator}</var>
<arg>xpath=//label[contains(text(),'${label}')]/following-sibling::input</arg>
<doc>Returns the given values which can then be assigned to a variables.</doc>
<status status="PASS" start="2025-02-25T16:26:38.342698" elapsed="0.000127"/>
</kw>
<kw name="Get From Dictionary" owner="Collections">
<msg time="2025-02-25T16:26:38.343001" level="INFO">${value} = jsmith@itsolutions.co.uk</msg>
<var>${value}</var>
<arg>${row}</arg>
<arg>${label}</arg>
<doc>Returns a value from the given ``dictionary`` based on the given ``key``.</doc>
<status status="PASS" start="2025-02-25T16:26:38.342892" elapsed="0.000125"/>
</kw>
<kw name="Run Keyword If" owner="BuiltIn">
<kw name="Input Text" owner="SeleniumLibrary">
<msg time="2025-02-25T16:26:38.343372" level="INFO">Typing text 'jsmith@itsolutions.co.uk' into text field 'xpath=//label[contains(text(),'Email')]/following-sibling::input'.</msg>
<arg>${input_locator}</arg>
<arg>${value}</arg>
<doc>Types the given ``text`` into the text field identified by ``locator``.</doc>
<status status="PASS" start="2025-02-25T16:26:38.343251" elapsed="0.037950"/>
</kw>
<arg>'${value}' != ''</arg>
<arg>Input Text</arg>
<arg>${input_locator}</arg>
<arg>${value}</arg>
<doc>Runs the given keyword with the given arguments, if ``condition`` is true.</doc>
<status status="PASS" start="2025-02-25T16:26:38.343092" elapsed="0.038182"/>
</kw>
<var name="${field}">&lt;selenium.webdriver.remote.webelement.WebElement (session="e2792176d8c85f3e9a3cec9397acd167", element="f.9335DE9BBF2C47E6D6156AD9C15F27EA.d.263D024BC66A2193D3AE3475E976827E.e.60")&gt;</var>
<status status="PASS" start="2025-02-25T16:26:38.339180" elapsed="0.042125"/>
</iter>
<iter>
<kw name="Get Text" owner="SeleniumLibrary">
<msg time="2025-02-25T16:26:38.385286" level="INFO">${label} = Role in Company</msg>
<var>${label}</var>
<arg>${field}</arg>
<doc>Returns the text value of the element identified by ``locator``.</doc>
<status status="PASS" start="2025-02-25T16:26:38.381495" elapsed="0.003818"/>
</kw>
<kw name="Strip String" owner="String">
<msg time="2025-02-25T16:26:38.385539" level="INFO">${label} = Role in Company</msg>
<var>${label}</var>
<arg>${label}</arg>
<doc>Remove leading and/or trailing whitespaces from the given string.</doc>
<status status="PASS" start="2025-02-25T16:26:38.385429" elapsed="0.000127"/>
</kw>
<kw name="Set Variable" owner="BuiltIn">
<msg time="2025-02-25T16:26:38.385727" level="INFO">${input_locator} = xpath=//label[contains(text(),'Role in Company')]/following-sibling::input</msg>
<var>${input_locator}</var>
<arg>xpath=//label[contains(text(),'${label}')]/following-sibling::input</arg>
<doc>Returns the given values which can then be assigned to a variables.</doc>
<status status="PASS" start="2025-02-25T16:26:38.385621" elapsed="0.000120"/>
</kw>
<kw name="Get From Dictionary" owner="Collections">
<msg time="2025-02-25T16:26:38.385909" level="INFO">${value} = Analyst</msg>
<var>${value}</var>
<arg>${row}</arg>
<arg>${label}</arg>
<doc>Returns a value from the given ``dictionary`` based on the given ``key``.</doc>
<status status="PASS" start="2025-02-25T16:26:38.385805" elapsed="0.000119"/>
</kw>
<kw name="Run Keyword If" owner="BuiltIn">
<kw name="Input Text" owner="SeleniumLibrary">
<msg time="2025-02-25T16:26:38.386232" level="INFO">Typing text 'Analyst' into text field 'xpath=//label[contains(text(),'Role in Company')]/following-sibling::input'.</msg>
<arg>${input_locator}</arg>
<arg>${value}</arg>
<doc>Types the given ``text`` into the text field identified by ``locator``.</doc>
<status status="PASS" start="2025-02-25T16:26:38.386119" elapsed="0.030247"/>
</kw>
<arg>'${value}' != ''</arg>
<arg>Input Text</arg>
<arg>${input_locator}</arg>
<arg>${value}</arg>
<doc>Runs the given keyword with the given arguments, if ``condition`` is true.</doc>
<status status="PASS" start="2025-02-25T16:26:38.385990" elapsed="0.030441"/>
</kw>
<var name="${field}">&lt;selenium.webdriver.remote.webelement.WebElement (session="e2792176d8c85f3e9a3cec9397acd167", element="f.9335DE9BBF2C47E6D6156AD9C15F27EA.d.263D024BC66A2193D3AE3475E976827E.e.61")&gt;</var>
<status status="PASS" start="2025-02-25T16:26:38.381408" elapsed="0.035055"/>
</iter>
<iter>
<kw name="Get Text" owner="SeleniumLibrary">
<msg time="2025-02-25T16:26:38.420222" level="INFO">${label} = Company Name</msg>
<var>${label}</var>
<arg>${field}</arg>
<doc>Returns the text value of the element identified by ``locator``.</doc>
<status status="PASS" start="2025-02-25T16:26:38.416639" elapsed="0.003607"/>
</kw>
<kw name="Strip String" owner="String">
<msg time="2025-02-25T16:26:38.420438" level="INFO">${label} = Company Name</msg>
<var>${label}</var>
<arg>${label}</arg>
<doc>Remove leading and/or trailing whitespaces from the given string.</doc>
<status status="PASS" start="2025-02-25T16:26:38.420336" elapsed="0.000117"/>
</kw>
<kw name="Set Variable" owner="BuiltIn">
<msg time="2025-02-25T16:26:38.420616" level="INFO">${input_locator} = xpath=//label[contains(text(),'Company Name')]/following-sibling::input</msg>
<var>${input_locator}</var>
<arg>xpath=//label[contains(text(),'${label}')]/following-sibling::input</arg>
<doc>Returns the given values which can then be assigned to a variables.</doc>
<status status="PASS" start="2025-02-25T16:26:38.420517" elapsed="0.000113"/>
</kw>
<kw name="Get From Dictionary" owner="Collections">
<msg time="2025-02-25T16:26:38.420784" level="INFO">${value} = IT Solutions</msg>
<var>${value}</var>
<arg>${row}</arg>
<arg>${label}</arg>
<doc>Returns a value from the given ``dictionary`` based on the given ``key``.</doc>
<status status="PASS" start="2025-02-25T16:26:38.420689" elapsed="0.000108"/>
</kw>
<kw name="Run Keyword If" owner="BuiltIn">
<kw name="Input Text" owner="SeleniumLibrary">
<msg time="2025-02-25T16:26:38.421091" level="INFO">Typing text 'IT Solutions' into text field 'xpath=//label[contains(text(),'Company Name')]/following-sibling::input'.</msg>
<arg>${input_locator}</arg>
<arg>${value}</arg>
<doc>Types the given ``text`` into the text field identified by ``locator``.</doc>
<status status="PASS" start="2025-02-25T16:26:38.420986" elapsed="0.033199"/>
</kw>
<arg>'${value}' != ''</arg>
<arg>Input Text</arg>
<arg>${input_locator}</arg>
<arg>${value}</arg>
<doc>Runs the given keyword with the given arguments, if ``condition`` is true.</doc>
<status status="PASS" start="2025-02-25T16:26:38.420863" elapsed="0.033394"/>
</kw>
<var name="${field}">&lt;selenium.webdriver.remote.webelement.WebElement (session="e2792176d8c85f3e9a3cec9397acd167", element="f.9335DE9BBF2C47E6D6156AD9C15F27EA.d.263D024BC66A2193D3AE3475E976827E.e.62")&gt;</var>
<status status="PASS" start="2025-02-25T16:26:38.416558" elapsed="0.037734"/>
</iter>
<iter>
<kw name="Get Text" owner="SeleniumLibrary">
<msg time="2025-02-25T16:26:38.457894" level="INFO">${label} = Address</msg>
<var>${label}</var>
<arg>${field}</arg>
<doc>Returns the text value of the element identified by ``locator``.</doc>
<status status="PASS" start="2025-02-25T16:26:38.454486" elapsed="0.003476"/>
</kw>
<kw name="Strip String" owner="String">
<msg time="2025-02-25T16:26:38.458166" level="INFO">${label} = Address</msg>
<var>${label}</var>
<arg>${label}</arg>
<doc>Remove leading and/or trailing whitespaces from the given string.</doc>
<status status="PASS" start="2025-02-25T16:26:38.458056" elapsed="0.000125"/>
</kw>
<kw name="Set Variable" owner="BuiltIn">
<msg time="2025-02-25T16:26:38.458343" level="INFO">${input_locator} = xpath=//label[contains(text(),'Address')]/following-sibling::input</msg>
<var>${input_locator}</var>
<arg>xpath=//label[contains(text(),'${label}')]/following-sibling::input</arg>
<doc>Returns the given values which can then be assigned to a variables.</doc>
<status status="PASS" start="2025-02-25T16:26:38.458244" elapsed="0.000113"/>
</kw>
<kw name="Get From Dictionary" owner="Collections">
<msg time="2025-02-25T16:26:38.458511" level="INFO">${value} = 98 North Road</msg>
<var>${value}</var>
<arg>${row}</arg>
<arg>${label}</arg>
<doc>Returns a value from the given ``dictionary`` based on the given ``key``.</doc>
<status status="PASS" start="2025-02-25T16:26:38.458415" elapsed="0.000110"/>
</kw>
<kw name="Run Keyword If" owner="BuiltIn">
<kw name="Input Text" owner="SeleniumLibrary">
<msg time="2025-02-25T16:26:38.458825" level="INFO">Typing text '98 North Road' into text field 'xpath=//label[contains(text(),'Address')]/following-sibling::input'.</msg>
<arg>${input_locator}</arg>
<arg>${value}</arg>
<doc>Types the given ``text`` into the text field identified by ``locator``.</doc>
<status status="PASS" start="2025-02-25T16:26:38.458716" elapsed="0.031419"/>
</kw>
<arg>'${value}' != ''</arg>
<arg>Input Text</arg>
<arg>${input_locator}</arg>
<arg>${value}</arg>
<doc>Runs the given keyword with the given arguments, if ``condition`` is true.</doc>
<status status="PASS" start="2025-02-25T16:26:38.458590" elapsed="0.031615"/>
</kw>
<var name="${field}">&lt;selenium.webdriver.remote.webelement.WebElement (session="e2792176d8c85f3e9a3cec9397acd167", element="f.9335DE9BBF2C47E6D6156AD9C15F27EA.d.263D024BC66A2193D3AE3475E976827E.e.63")&gt;</var>
<status status="PASS" start="2025-02-25T16:26:38.454397" elapsed="0.035841"/>
</iter>
<iter>
<kw name="Get Text" owner="SeleniumLibrary">
<msg time="2025-02-25T16:26:38.493839" level="INFO">${label} = First Name</msg>
<var>${label}</var>
<arg>${field}</arg>
<doc>Returns the text value of the element identified by ``locator``.</doc>
<status status="PASS" start="2025-02-25T16:26:38.490422" elapsed="0.003442"/>
</kw>
<kw name="Strip String" owner="String">
<msg time="2025-02-25T16:26:38.494088" level="INFO">${label} = First Name</msg>
<var>${label}</var>
<arg>${label}</arg>
<doc>Remove leading and/or trailing whitespaces from the given string.</doc>
<status status="PASS" start="2025-02-25T16:26:38.493974" elapsed="0.000129"/>
</kw>
<kw name="Set Variable" owner="BuiltIn">
<msg time="2025-02-25T16:26:38.494263" level="INFO">${input_locator} = xpath=//label[contains(text(),'First Name')]/following-sibling::input</msg>
<var>${input_locator}</var>
<arg>xpath=//label[contains(text(),'${label}')]/following-sibling::input</arg>
<doc>Returns the given values which can then be assigned to a variables.</doc>
<status status="PASS" start="2025-02-25T16:26:38.494165" elapsed="0.000112"/>
</kw>
<kw name="Get From Dictionary" owner="Collections">
<msg time="2025-02-25T16:26:38.494440" level="INFO">${value} = John</msg>
<var>${value}</var>
<arg>${row}</arg>
<arg>${label}</arg>
<doc>Returns a value from the given ``dictionary`` based on the given ``key``.</doc>
<status status="PASS" start="2025-02-25T16:26:38.494336" elapsed="0.000118"/>
</kw>
<kw name="Run Keyword If" owner="BuiltIn">
<kw name="Input Text" owner="SeleniumLibrary">
<msg time="2025-02-25T16:26:38.494765" level="INFO">Typing text 'John' into text field 'xpath=//label[contains(text(),'First Name')]/following-sibling::input'.</msg>
<arg>${input_locator}</arg>
<arg>${value}</arg>
<doc>Types the given ``text`` into the text field identified by ``locator``.</doc>
<status status="PASS" start="2025-02-25T16:26:38.494658" elapsed="0.029638"/>
</kw>
<arg>'${value}' != ''</arg>
<arg>Input Text</arg>
<arg>${input_locator}</arg>
<arg>${value}</arg>
<doc>Runs the given keyword with the given arguments, if ``condition`` is true.</doc>
<status status="PASS" start="2025-02-25T16:26:38.494533" elapsed="0.029828"/>
</kw>
<var name="${field}">&lt;selenium.webdriver.remote.webelement.WebElement (session="e2792176d8c85f3e9a3cec9397acd167", element="f.9335DE9BBF2C47E6D6156AD9C15F27EA.d.263D024BC66A2193D3AE3475E976827E.e.64")&gt;</var>
<status status="PASS" start="2025-02-25T16:26:38.490337" elapsed="0.034056"/>
</iter>
<var>${field}</var>
<value>@{fields}</value>
<status status="PASS" start="2025-02-25T16:26:38.176435" elapsed="0.347989"/>
</for>
<kw name="Click Button" owner="SeleniumLibrary">
<msg time="2025-02-25T16:26:38.524669" level="INFO">Clicking button 'xpath=//input[@type='submit']'.</msg>
<arg>xpath=//input[@type='submit']</arg>
<doc>Clicks the button identified by ``locator``.</doc>
<status status="PASS" start="2025-02-25T16:26:38.524544" elapsed="0.032017"/>
</kw>
<arg>${row}</arg>
<status status="PASS" start="2025-02-25T16:26:38.171062" elapsed="0.385583"/>
</kw>
<var name="${row}">{'First Name': 'John', 'Last Name': 'Smith', 'Company Name': 'IT Solutions', 'Role in Company': 'Analyst', 'Address': '98 North Road', 'Email': 'jsmith@itsolutions.co.uk', 'Phone Number': 40716543298}</var>
<status status="PASS" start="2025-02-25T16:26:38.170952" elapsed="0.385728"/>
</iter>
<iter>
<kw name="Fill And Submit Form">
<kw name="Get WebElements" owner="SeleniumLibrary">
<msg time="2025-02-25T16:26:38.560036" level="INFO">${fields} = [&lt;selenium.webdriver.remote.webelement.WebElement (session="e2792176d8c85f3e9a3cec9397acd167", element="f.9335DE9BBF2C47E6D6156AD9C15F27EA.d.263D024BC66A2193D3AE3475E976827E.e.88")&gt;, &lt;selenium.webdriv...</msg>
<var>${fields}</var>
<arg>//label</arg>
<doc>Returns a list of WebElement objects matching the ``locator``.</doc>
<status status="PASS" start="2025-02-25T16:26:38.557074" elapsed="0.002990"/>
</kw>
<for flavor="IN">
<iter>
<kw name="Get Text" owner="SeleniumLibrary">
<msg time="2025-02-25T16:26:38.563476" level="INFO">${label} = Role in Company</msg>
<var>${label}</var>
<arg>${field}</arg>
<doc>Returns the text value of the element identified by ``locator``.</doc>
<status status="PASS" start="2025-02-25T16:26:38.560272" elapsed="0.003223"/>
</kw>
<kw name="Strip String" owner="String">
<msg time="2025-02-25T16:26:38.563662" level="INFO">${label} = Role in Company</msg>
<var>${label}</var>
<arg>${label}</arg>
<doc>Remove leading and/or trailing whitespaces from the given string.</doc>
<status status="PASS" start="2025-02-25T16:26:38.563570" elapsed="0.000107"/>
</kw>
<kw name="Set Variable" owner="BuiltIn">
<msg time="2025-02-25T16:26:38.563836" level="INFO">${input_locator} = xpath=//label[contains(text(),'Role in Company')]/following-sibling::input</msg>
<var>${input_locator}</var>
<arg>xpath=//label[contains(text(),'${label}')]/following-sibling::input</arg>
<doc>Returns the given values which can then be assigned to a variables.</doc>
<status status="PASS" start="2025-02-25T16:26:38.563740" elapsed="0.000111"/>
</kw>
<kw name="Get From Dictionary" owner="Collections">
<msg time="2025-02-25T16:26:38.564002" level="INFO">${value} = Medical Engineer</msg>
<var>${value}</var>
<arg>${row}</arg>
<arg>${label}</arg>
<doc>Returns a value from the given ``dictionary`` based on the given ``key``.</doc>
<status status="PASS" start="2025-02-25T16:26:38.563908" elapsed="0.000108"/>
</kw>
<kw name="Run Keyword If" owner="BuiltIn">
<kw name="Input Text" owner="SeleniumLibrary">
<msg time="2025-02-25T16:26:38.564307" level="INFO">Typing text 'Medical Engineer' into text field 'xpath=//label[contains(text(),'Role in Company')]/following-sibling::input'.</msg>
<arg>${input_locator}</arg>
<arg>${value}</arg>
<doc>Types the given ``text`` into the text field identified by ``locator``.</doc>
<status status="PASS" start="2025-02-25T16:26:38.564205" elapsed="0.032392"/>
</kw>
<arg>'${value}' != ''</arg>
<arg>Input Text</arg>
<arg>${input_locator}</arg>
<arg>${value}</arg>
<doc>Runs the given keyword with the given arguments, if ``condition`` is true.</doc>
<status status="PASS" start="2025-02-25T16:26:38.564082" elapsed="0.032642"/>
</kw>
<var name="${field}">&lt;selenium.webdriver.remote.webelement.WebElement (session="e2792176d8c85f3e9a3cec9397acd167", element="f.9335DE9BBF2C47E6D6156AD9C15F27EA.d.263D024BC66A2193D3AE3475E976827E.e.88")&gt;</var>
<status status="PASS" start="2025-02-25T16:26:38.560208" elapsed="0.036551"/>
</iter>
<iter>
<kw name="Get Text" owner="SeleniumLibrary">
<msg time="2025-02-25T16:26:38.600388" level="INFO">${label} = Email</msg>
<var>${label}</var>
<arg>${field}</arg>
<doc>Returns the text value of the element identified by ``locator``.</doc>
<status status="PASS" start="2025-02-25T16:26:38.596955" elapsed="0.003460"/>
</kw>
<kw name="Strip String" owner="String">
<msg time="2025-02-25T16:26:38.600638" level="INFO">${label} = Email</msg>
<var>${label}</var>
<arg>${label}</arg>
<doc>Remove leading and/or trailing whitespaces from the given string.</doc>
<status status="PASS" start="2025-02-25T16:26:38.600522" elapsed="0.000137"/>
</kw>
<kw name="Set Variable" owner="BuiltIn">
<msg time="2025-02-25T16:26:38.600900" level="INFO">${input_locator} = xpath=//label[contains(text(),'Email')]/following-sibling::input</msg>
<var>${input_locator}</var>
<arg>xpath=//label[contains(text(),'${label}')]/following-sibling::input</arg>
<doc>Returns the given values which can then be assigned to a variables.</doc>
<status status="PASS" start="2025-02-25T16:26:38.600761" elapsed="0.000161"/>
</kw>
<kw name="Get From Dictionary" owner="Collections">
<msg time="2025-02-25T16:26:38.601212" level="INFO">${value} = jdorsey@mc.com</msg>
<var>${value}</var>
<arg>${row}</arg>
<arg>${label}</arg>
<doc>Returns a value from the given ``dictionary`` based on the given ``key``.</doc>
<status status="PASS" start="2025-02-25T16:26:38.601013" elapsed="0.000219"/>
</kw>
<kw name="Run Keyword If" owner="BuiltIn">
<kw name="Input Text" owner="SeleniumLibrary">
<msg time="2025-02-25T16:26:38.601617" level="INFO">Typing text 'jdorsey@mc.com' into text field 'xpath=//label[contains(text(),'Email')]/following-sibling::input'.</msg>
<arg>${input_locator}</arg>
<arg>${value}</arg>
<doc>Types the given ``text`` into the text field identified by ``locator``.</doc>
<status status="PASS" start="2025-02-25T16:26:38.601484" elapsed="0.034584"/>
</kw>
<arg>'${value}' != ''</arg>
<arg>Input Text</arg>
<arg>${input_locator}</arg>
<arg>${value}</arg>
<doc>Runs the given keyword with the given arguments, if ``condition`` is true.</doc>
<status status="PASS" start="2025-02-25T16:26:38.601316" elapsed="0.034995"/>
</kw>
<var name="${field}">&lt;selenium.webdriver.remote.webelement.WebElement (session="e2792176d8c85f3e9a3cec9397acd167", element="f.9335DE9BBF2C47E6D6156AD9C15F27EA.d.263D024BC66A2193D3AE3475E976827E.e.89")&gt;</var>
<status status="PASS" start="2025-02-25T16:26:38.596864" elapsed="0.039508"/>
</iter>
<iter>
<kw name="Get Text" owner="SeleniumLibrary">
<msg time="2025-02-25T16:26:38.641072" level="INFO">${label} = First Name</msg>
<var>${label}</var>
<arg>${field}</arg>
<doc>Returns the text value of the element identified by ``locator``.</doc>
<status status="PASS" start="2025-02-25T16:26:38.636684" elapsed="0.004417"/>
</kw>
<kw name="Strip String" owner="String">
<msg time="2025-02-25T16:26:38.641325" level="INFO">${label} = First Name</msg>
<var>${label}</var>
<arg>${label}</arg>
<doc>Remove leading and/or trailing whitespaces from the given string.</doc>
<status status="PASS" start="2025-02-25T16:26:38.641216" elapsed="0.000123"/>
</kw>
<kw name="Set Variable" owner="BuiltIn">
<msg time="2025-02-25T16:26:38.641513" level="INFO">${input_locator} = xpath=//label[contains(text(),'First Name')]/following-sibling::input</msg>
<var>${input_locator}</var>
<arg>xpath=//label[contains(text(),'${label}')]/following-sibling::input</arg>
<doc>Returns the given values which can then be assigned to a variables.</doc>
<status status="PASS" start="2025-02-25T16:26:38.641402" elapsed="0.000125"/>
</kw>
<kw name="Get From Dictionary" owner="Collections">
<msg time="2025-02-25T16:26:38.641683" level="INFO">${value} = Jane</msg>
<var>${value}</var>
<arg>${row}</arg>
<arg>${label}</arg>
<doc>Returns a value from the given ``dictionary`` based on the given ``key``.</doc>
<status status="PASS" start="2025-02-25T16:26:38.641586" elapsed="0.000111"/>
</kw>
<kw name="Run Keyword If" owner="BuiltIn">
<kw name="Input Text" owner="SeleniumLibrary">
<msg time="2025-02-25T16:26:38.642002" level="INFO">Typing text 'Jane' into text field 'xpath=//label[contains(text(),'First Name')]/following-sibling::input'.</msg>
<arg>${input_locator}</arg>
<arg>${value}</arg>
<doc>Types the given ``text`` into the text field identified by ``locator``.</doc>
<status status="PASS" start="2025-02-25T16:26:38.641895" elapsed="0.028169"/>
</kw>
<arg>'${value}' != ''</arg>
<arg>Input Text</arg>
<arg>${input_locator}</arg>
<arg>${value}</arg>
<doc>Runs the given keyword with the given arguments, if ``condition`` is true.</doc>
<status status="PASS" start="2025-02-25T16:26:38.641764" elapsed="0.028370"/>
</kw>
<var name="${field}">&lt;selenium.webdriver.remote.webelement.WebElement (session="e2792176d8c85f3e9a3cec9397acd167", element="f.9335DE9BBF2C47E6D6156AD9C15F27EA.d.263D024BC66A2193D3AE3475E976827E.e.90")&gt;</var>
<status status="PASS" start="2025-02-25T16:26:38.636566" elapsed="0.033600"/>
</iter>
<iter>
<kw name="Get Text" owner="SeleniumLibrary">
<msg time="2025-02-25T16:26:38.673721" level="INFO">${label} = Phone Number</msg>
<var>${label}</var>
<arg>${field}</arg>
<doc>Returns the text value of the element identified by ``locator``.</doc>
<status status="PASS" start="2025-02-25T16:26:38.670352" elapsed="0.003390"/>
</kw>
<kw name="Strip String" owner="String">
<msg time="2025-02-25T16:26:38.673940" level="INFO">${label} = Phone Number</msg>
<var>${label}</var>
<arg>${label}</arg>
<doc>Remove leading and/or trailing whitespaces from the given string.</doc>
<status status="PASS" start="2025-02-25T16:26:38.673841" elapsed="0.000113"/>
</kw>
<kw name="Set Variable" owner="BuiltIn">
<msg time="2025-02-25T16:26:38.674113" level="INFO">${input_locator} = xpath=//label[contains(text(),'Phone Number')]/following-sibling::input</msg>
<var>${input_locator}</var>
<arg>xpath=//label[contains(text(),'${label}')]/following-sibling::input</arg>
<doc>Returns the given values which can then be assigned to a variables.</doc>
<status status="PASS" start="2025-02-25T16:26:38.674014" elapsed="0.000114"/>
</kw>
<kw name="Get From Dictionary" owner="Collections">
<msg time="2025-02-25T16:26:38.674285" level="INFO">${value} = 40791345621</msg>
<var>${value}</var>
<arg>${row}</arg>
<arg>${label}</arg>
<doc>Returns a value from the given ``dictionary`` based on the given ``key``.</doc>
<status status="PASS" start="2025-02-25T16:26:38.674186" elapsed="0.000113"/>
</kw>
<kw name="Run Keyword If" owner="BuiltIn">
<kw name="Input Text" owner="SeleniumLibrary">
<msg time="2025-02-25T16:26:38.674616" level="INFO">Typing text '40791345621' into text field 'xpath=//label[contains(text(),'Phone Number')]/following-sibling::input'.</msg>
<arg>${input_locator}</arg>
<arg>${value}</arg>
<doc>Types the given ``text`` into the text field identified by ``locator``.</doc>
<status status="PASS" start="2025-02-25T16:26:38.674512" elapsed="0.033042"/>
</kw>
<arg>'${value}' != ''</arg>
<arg>Input Text</arg>
<arg>${input_locator}</arg>
<arg>${value}</arg>
<doc>Runs the given keyword with the given arguments, if ``condition`` is true.</doc>
<status status="PASS" start="2025-02-25T16:26:38.674364" elapsed="0.033325"/>
</kw>
<var name="${field}">&lt;selenium.webdriver.remote.webelement.WebElement (session="e2792176d8c85f3e9a3cec9397acd167", element="f.9335DE9BBF2C47E6D6156AD9C15F27EA.d.263D024BC66A2193D3AE3475E976827E.e.91")&gt;</var>
<status status="PASS" start="2025-02-25T16:26:38.670268" elapsed="0.037464"/>
</iter>
<iter>
<kw name="Get Text" owner="SeleniumLibrary">
<msg time="2025-02-25T16:26:38.711830" level="INFO">${label} = Company Name</msg>
<var>${label}</var>
<arg>${field}</arg>
<doc>Returns the text value of the element identified by ``locator``.</doc>
<status status="PASS" start="2025-02-25T16:26:38.708069" elapsed="0.003788"/>
</kw>
<kw name="Strip String" owner="String">
<msg time="2025-02-25T16:26:38.712063" level="INFO">${label} = Company Name</msg>
<var>${label}</var>
<arg>${label}</arg>
<doc>Remove leading and/or trailing whitespaces from the given string.</doc>
<status status="PASS" start="2025-02-25T16:26:38.711953" elapsed="0.000129"/>
</kw>
<kw name="Set Variable" owner="BuiltIn">
<msg time="2025-02-25T16:26:38.712250" level="INFO">${input_locator} = xpath=//label[contains(text(),'Company Name')]/following-sibling::input</msg>
<var>${input_locator}</var>
<arg>xpath=//label[contains(text(),'${label}')]/following-sibling::input</arg>
<doc>Returns the given values which can then be assigned to a variables.</doc>
<status status="PASS" start="2025-02-25T16:26:38.712147" elapsed="0.000117"/>
</kw>
<kw name="Get From Dictionary" owner="Collections">
<msg time="2025-02-25T16:26:38.712445" level="INFO">${value} = MediCare</msg>
<var>${value}</var>
<arg>${row}</arg>
<arg>${label}</arg>
<doc>Returns a value from the given ``dictionary`` based on the given ``key``.</doc>
<status status="PASS" start="2025-02-25T16:26:38.712335" elapsed="0.000125"/>
</kw>
<kw name="Run Keyword If" owner="BuiltIn">
<kw name="Input Text" owner="SeleniumLibrary">
<msg time="2025-02-25T16:26:38.712775" level="INFO">Typing text 'MediCare' into text field 'xpath=//label[contains(text(),'Company Name')]/following-sibling::input'.</msg>
<arg>${input_locator}</arg>
<arg>${value}</arg>
<doc>Types the given ``text`` into the text field identified by ``locator``.</doc>
<status status="PASS" start="2025-02-25T16:26:38.712665" elapsed="0.029704"/>
</kw>
<arg>'${value}' != ''</arg>
<arg>Input Text</arg>
<arg>${input_locator}</arg>
<arg>${value}</arg>
<doc>Runs the given keyword with the given arguments, if ``condition`` is true.</doc>
<status status="PASS" start="2025-02-25T16:26:38.712535" elapsed="0.029907"/>
</kw>
<var name="${field}">&lt;selenium.webdriver.remote.webelement.WebElement (session="e2792176d8c85f3e9a3cec9397acd167", element="f.9335DE9BBF2C47E6D6156AD9C15F27EA.d.263D024BC66A2193D3AE3475E976827E.e.92")&gt;</var>
<status status="PASS" start="2025-02-25T16:26:38.707911" elapsed="0.034571"/>
</iter>
<iter>
<kw name="Get Text" owner="SeleniumLibrary">
<msg time="2025-02-25T16:26:38.746233" level="INFO">${label} = Address</msg>
<var>${label}</var>
<arg>${field}</arg>
<doc>Returns the text value of the element identified by ``locator``.</doc>
<status status="PASS" start="2025-02-25T16:26:38.742690" elapsed="0.003567"/>
</kw>
<kw name="Strip String" owner="String">
<msg time="2025-02-25T16:26:38.746449" level="INFO">${label} = Address</msg>
<var>${label}</var>
<arg>${label}</arg>
<doc>Remove leading and/or trailing whitespaces from the given string.</doc>
<status status="PASS" start="2025-02-25T16:26:38.746345" elapsed="0.000119"/>
</kw>
<kw name="Set Variable" owner="BuiltIn">
<msg time="2025-02-25T16:26:38.746627" level="INFO">${input_locator} = xpath=//label[contains(text(),'Address')]/following-sibling::input</msg>
<var>${input_locator}</var>
<arg>xpath=//label[contains(text(),'${label}')]/following-sibling::input</arg>
<doc>Returns the given values which can then be assigned to a variables.</doc>
<status status="PASS" start="2025-02-25T16:26:38.746526" elapsed="0.000115"/>
</kw>
<kw name="Get From Dictionary" owner="Collections">
<msg time="2025-02-25T16:26:38.747141" level="INFO">${value} = 11 Crown Street</msg>
<var>${value}</var>
<arg>${row}</arg>
<arg>${label}</arg>
<doc>Returns a value from the given ``dictionary`` based on the given ``key``.</doc>
<status status="PASS" start="2025-02-25T16:26:38.746700" elapsed="0.000457"/>
</kw>
<kw name="Run Keyword If" owner="BuiltIn">
<kw name="Input Text" owner="SeleniumLibrary">
<msg time="2025-02-25T16:26:38.747457" level="INFO">Typing text '11 Crown Street' into text field 'xpath=//label[contains(text(),'Address')]/following-sibling::input'.</msg>
<arg>${input_locator}</arg>
<arg>${value}</arg>
<doc>Types the given ``text`` into the text field identified by ``locator``.</doc>
<status status="PASS" start="2025-02-25T16:26:38.747350" elapsed="0.030935"/>
</kw>
<arg>'${value}' != ''</arg>
<arg>Input Text</arg>
<arg>${input_locator}</arg>
<arg>${value}</arg>
<doc>Runs the given keyword with the given arguments, if ``condition`` is true.</doc>
<status status="PASS" start="2025-02-25T16:26:38.747225" elapsed="0.031132"/>
</kw>
<var name="${field}">&lt;selenium.webdriver.remote.webelement.WebElement (session="e2792176d8c85f3e9a3cec9397acd167", element="f.9335DE9BBF2C47E6D6156AD9C15F27EA.d.263D024BC66A2193D3AE3475E976827E.e.93")&gt;</var>
<status status="PASS" start="2025-02-25T16:26:38.742602" elapsed="0.035786"/>
</iter>
<iter>
<kw name="Get Text" owner="SeleniumLibrary">
<msg time="2025-02-25T16:26:38.782088" level="INFO">${label} = Last Name</msg>
<var>${label}</var>
<arg>${field}</arg>
<doc>Returns the text value of the element identified by ``locator``.</doc>
<status status="PASS" start="2025-02-25T16:26:38.778578" elapsed="0.003537"/>
</kw>
<kw name="Strip String" owner="String">
<msg time="2025-02-25T16:26:38.782323" level="INFO">${label} = Last Name</msg>
<var>${label}</var>
<arg>${label}</arg>
<doc>Remove leading and/or trailing whitespaces from the given string.</doc>
<status status="PASS" start="2025-02-25T16:26:38.782212" elapsed="0.000127"/>
</kw>
<kw name="Set Variable" owner="BuiltIn">
<msg time="2025-02-25T16:26:38.782499" level="INFO">${input_locator} = xpath=//label[contains(text(),'Last Name')]/following-sibling::input</msg>
<var>${input_locator}</var>
<arg>xpath=//label[contains(text(),'${label}')]/following-sibling::input</arg>
<doc>Returns the given values which can then be assigned to a variables.</doc>
<status status="PASS" start="2025-02-25T16:26:38.782401" elapsed="0.000113"/>
</kw>
<kw name="Get From Dictionary" owner="Collections">
<msg time="2025-02-25T16:26:38.782670" level="INFO">${value} = Dorsey</msg>
<var>${value}</var>
<arg>${row}</arg>
<arg>${label}</arg>
<doc>Returns a value from the given ``dictionary`` based on the given ``key``.</doc>
<status status="PASS" start="2025-02-25T16:26:38.782575" elapsed="0.000109"/>
</kw>
<kw name="Run Keyword If" owner="BuiltIn">
<kw name="Input Text" owner="SeleniumLibrary">
<msg time="2025-02-25T16:26:38.782986" level="INFO">Typing text 'Dorsey' into text field 'xpath=//label[contains(text(),'Last Name')]/following-sibling::input'.</msg>
<arg>${input_locator}</arg>
<arg>${value}</arg>
<doc>Types the given ``text`` into the text field identified by ``locator``.</doc>
<status status="PASS" start="2025-02-25T16:26:38.782878" elapsed="0.028619"/>
</kw>
<arg>'${value}' != ''</arg>
<arg>Input Text</arg>
<arg>${input_locator}</arg>
<arg>${value}</arg>
<doc>Runs the given keyword with the given arguments, if ``condition`` is true.</doc>
<status status="PASS" start="2025-02-25T16:26:38.782751" elapsed="0.028821"/>
</kw>
<var name="${field}">&lt;selenium.webdriver.remote.webelement.WebElement (session="e2792176d8c85f3e9a3cec9397acd167", element="f.9335DE9BBF2C47E6D6156AD9C15F27EA.d.263D024BC66A2193D3AE3475E976827E.e.94")&gt;</var>
<status status="PASS" start="2025-02-25T16:26:38.778491" elapsed="0.033113"/>
</iter>
<var>${field}</var>
<value>@{fields}</value>
<status status="PASS" start="2025-02-25T16:26:38.560114" elapsed="0.251526"/>
</for>
<kw name="Click Button" owner="SeleniumLibrary">
<msg time="2025-02-25T16:26:38.811882" level="INFO">Clicking button 'xpath=//input[@type='submit']'.</msg>
<arg>xpath=//input[@type='submit']</arg>
<doc>Clicks the button identified by ``locator``.</doc>
<status status="PASS" start="2025-02-25T16:26:38.811750" elapsed="0.027837"/>
</kw>
<arg>${row}</arg>
<status status="PASS" start="2025-02-25T16:26:38.556891" elapsed="0.282780"/>
</kw>
<var name="${row}">{'First Name': 'Jane', 'Last Name': 'Dorsey', 'Company Name': 'MediCare', 'Role in Company': 'Medical Engineer', 'Address': '11 Crown Street', 'Email': 'jdorsey@mc.com', 'Phone Number': 40791345621}</var>
<status status="PASS" start="2025-02-25T16:26:38.556771" elapsed="0.282929"/>
</iter>
<iter>
<kw name="Fill And Submit Form">
<kw name="Get WebElements" owner="SeleniumLibrary">
<msg time="2025-02-25T16:26:38.845753" level="INFO">${fields} = [&lt;selenium.webdriver.remote.webelement.WebElement (session="e2792176d8c85f3e9a3cec9397acd167", element="f.9335DE9BBF2C47E6D6156AD9C15F27EA.d.263D024BC66A2193D3AE3475E976827E.e.111")&gt;, &lt;selenium.webdri...</msg>
<var>${fields}</var>
<arg>//label</arg>
<doc>Returns a list of WebElement objects matching the ``locator``.</doc>
<status status="PASS" start="2025-02-25T16:26:38.840134" elapsed="0.005646"/>
</kw>
<for flavor="IN">
<iter>
<kw name="Get Text" owner="SeleniumLibrary">
<msg time="2025-02-25T16:26:38.849013" level="INFO">${label} = Phone Number</msg>
<var>${label}</var>
<arg>${field}</arg>
<doc>Returns the text value of the element identified by ``locator``.</doc>
<status status="PASS" start="2025-02-25T16:26:38.845984" elapsed="0.003051"/>
</kw>
<kw name="Strip String" owner="String">
<msg time="2025-02-25T16:26:38.849221" level="INFO">${label} = Phone Number</msg>
<var>${label}</var>
<arg>${label}</arg>
<doc>Remove leading and/or trailing whitespaces from the given string.</doc>
<status status="PASS" start="2025-02-25T16:26:38.849118" elapsed="0.000119"/>
</kw>
<kw name="Set Variable" owner="BuiltIn">
<msg time="2025-02-25T16:26:38.849410" level="INFO">${input_locator} = xpath=//label[contains(text(),'Phone Number')]/following-sibling::input</msg>
<var>${input_locator}</var>
<arg>xpath=//label[contains(text(),'${label}')]/following-sibling::input</arg>
<doc>Returns the given values which can then be assigned to a variables.</doc>
<status status="PASS" start="2025-02-25T16:26:38.849304" elapsed="0.000122"/>
</kw>
<kw name="Get From Dictionary" owner="Collections">
<msg time="2025-02-25T16:26:38.849602" level="INFO">${value} = 40735416854</msg>
<var>${value}</var>
<arg>${row}</arg>
<arg>${label}</arg>
<doc>Returns a value from the given ``dictionary`` based on the given ``key``.</doc>
<status status="PASS" start="2025-02-25T16:26:38.849489" elapsed="0.000129"/>
</kw>
<kw name="Run Keyword If" owner="BuiltIn">
<kw name="Input Text" owner="SeleniumLibrary">
<msg time="2025-02-25T16:26:38.849974" level="INFO">Typing text '40735416854' into text field 'xpath=//label[contains(text(),'Phone Number')]/following-sibling::input'.</msg>
<arg>${input_locator}</arg>
<arg>${value}</arg>
<doc>Types the given ``text`` into the text field identified by ``locator``.</doc>
<status status="PASS" start="2025-02-25T16:26:38.849829" elapsed="0.030228"/>
</kw>
<arg>'${value}' != ''</arg>
<arg>Input Text</arg>
<arg>${input_locator}</arg>
<arg>${value}</arg>
<doc>Runs the given keyword with the given arguments, if ``condition`` is true.</doc>
<status status="PASS" start="2025-02-25T16:26:38.849691" elapsed="0.030434"/>
</kw>
<var name="${field}">&lt;selenium.webdriver.remote.webelement.WebElement (session="e2792176d8c85f3e9a3cec9397acd167", element="f.9335DE9BBF2C47E6D6156AD9C15F27EA.d.263D024BC66A2193D3AE3475E976827E.e.111")&gt;</var>
<status status="PASS" start="2025-02-25T16:26:38.845919" elapsed="0.034238"/>
</iter>
<iter>
<kw name="Get Text" owner="SeleniumLibrary">
<msg time="2025-02-25T16:26:38.883609" level="INFO">${label} = Role in Company</msg>
<var>${label}</var>
<arg>${field}</arg>
<doc>Returns the text value of the element identified by ``locator``.</doc>
<status status="PASS" start="2025-02-25T16:26:38.880339" elapsed="0.003313"/>
</kw>
<kw name="Strip String" owner="String">
<msg time="2025-02-25T16:26:38.883933" level="INFO">${label} = Role in Company</msg>
<var>${label}</var>
<arg>${label}</arg>
<doc>Remove leading and/or trailing whitespaces from the given string.</doc>
<status status="PASS" start="2025-02-25T16:26:38.883800" elapsed="0.000161"/>
</kw>
<kw name="Set Variable" owner="BuiltIn">
<msg time="2025-02-25T16:26:38.884167" level="INFO">${input_locator} = xpath=//label[contains(text(),'Role in Company')]/following-sibling::input</msg>
<var>${input_locator}</var>
<arg>xpath=//label[contains(text(),'${label}')]/following-sibling::input</arg>
<doc>Returns the given values which can then be assigned to a variables.</doc>
<status status="PASS" start="2025-02-25T16:26:38.884051" elapsed="0.000135"/>
</kw>
<kw name="Get From Dictionary" owner="Collections">
<msg time="2025-02-25T16:26:38.884499" level="INFO">${value} = Accountant</msg>
<var>${value}</var>
<arg>${row}</arg>
<arg>${label}</arg>
<doc>Returns a value from the given ``dictionary`` based on the given ``key``.</doc>
<status status="PASS" start="2025-02-25T16:26:38.884295" elapsed="0.000229"/>
</kw>
<kw name="Run Keyword If" owner="BuiltIn">
<kw name="Input Text" owner="SeleniumLibrary">
<msg time="2025-02-25T16:26:38.884897" level="INFO">Typing text 'Accountant' into text field 'xpath=//label[contains(text(),'Role in Company')]/following-sibling::input'.</msg>
<arg>${input_locator}</arg>
<arg>${value}</arg>
<doc>Types the given ``text`` into the text field identified by ``locator``.</doc>
<status status="PASS" start="2025-02-25T16:26:38.884780" elapsed="0.028593"/>
</kw>
<arg>'${value}' != ''</arg>
<arg>Input Text</arg>
<arg>${input_locator}</arg>
<arg>${value}</arg>
<doc>Runs the given keyword with the given arguments, if ``condition`` is true.</doc>
<status status="PASS" start="2025-02-25T16:26:38.884614" elapsed="0.028829"/>
</kw>
<var name="${field}">&lt;selenium.webdriver.remote.webelement.WebElement (session="e2792176d8c85f3e9a3cec9397acd167", element="f.9335DE9BBF2C47E6D6156AD9C15F27EA.d.263D024BC66A2193D3AE3475E976827E.e.112")&gt;</var>
<status status="PASS" start="2025-02-25T16:26:38.880254" elapsed="0.033221"/>
</iter>
<iter>
<kw name="Get Text" owner="SeleniumLibrary">
<msg time="2025-02-25T16:26:38.917029" level="INFO">${label} = Address</msg>
<var>${label}</var>
<arg>${field}</arg>
<doc>Returns the text value of the element identified by ``locator``.</doc>
<status status="PASS" start="2025-02-25T16:26:38.913659" elapsed="0.003403"/>
</kw>
<kw name="Strip String" owner="String">
<msg time="2025-02-25T16:26:38.917279" level="INFO">${label} = Address</msg>
<var>${label}</var>
<arg>${label}</arg>
<doc>Remove leading and/or trailing whitespaces from the given string.</doc>
<status status="PASS" start="2025-02-25T16:26:38.917163" elapsed="0.000137"/>
</kw>
<kw name="Set Variable" owner="BuiltIn">
<msg time="2025-02-25T16:26:38.917488" level="INFO">${input_locator} = xpath=//label[contains(text(),'Address')]/following-sibling::input</msg>
<var>${input_locator}</var>
<arg>xpath=//label[contains(text(),'${label}')]/following-sibling::input</arg>
<doc>Returns the given values which can then be assigned to a variables.</doc>
<status status="PASS" start="2025-02-25T16:26:38.917371" elapsed="0.000149"/>
</kw>
<kw name="Get From Dictionary" owner="Collections">
<msg time="2025-02-25T16:26:38.917788" level="INFO">${value} = 22 Guild Street</msg>
<var>${value}</var>
<arg>${row}</arg>
<arg>${label}</arg>
<doc>Returns a value from the given ``dictionary`` based on the given ``key``.</doc>
<status status="PASS" start="2025-02-25T16:26:38.917639" elapsed="0.000167"/>
</kw>
<kw name="Run Keyword If" owner="BuiltIn">
<kw name="Input Text" owner="SeleniumLibrary">
<msg time="2025-02-25T16:26:38.918196" level="INFO">Typing text '22 Guild Street' into text field 'xpath=//label[contains(text(),'Address')]/following-sibling::input'.</msg>
<arg>${input_locator}</arg>
<arg>${value}</arg>
<doc>Types the given ``text`` into the text field identified by ``locator``.</doc>
<status status="PASS" start="2025-02-25T16:26:38.918043" elapsed="0.030153"/>
</kw>
<arg>'${value}' != ''</arg>
<arg>Input Text</arg>
<arg>${input_locator}</arg>
<arg>${value}</arg>
<doc>Runs the given keyword with the given arguments, if ``condition`` is true.</doc>
<status status="PASS" start="2025-02-25T16:26:38.917897" elapsed="0.030368"/>
</kw>
<var name="${field}">&lt;selenium.webdriver.remote.webelement.WebElement (session="e2792176d8c85f3e9a3cec9397acd167", element="f.9335DE9BBF2C47E6D6156AD9C15F27EA.d.263D024BC66A2193D3AE3475E976827E.e.113")&gt;</var>
<status status="PASS" start="2025-02-25T16:26:38.913578" elapsed="0.034719"/>
</iter>
<iter>
<kw name="Get Text" owner="SeleniumLibrary">
<msg time="2025-02-25T16:26:38.952049" level="INFO">${label} = Last Name</msg>
<var>${label}</var>
<arg>${field}</arg>
<doc>Returns the text value of the element identified by ``locator``.</doc>
<status status="PASS" start="2025-02-25T16:26:38.948534" elapsed="0.003540"/>
</kw>
<kw name="Strip String" owner="String">
<msg time="2025-02-25T16:26:38.952272" level="INFO">${label} = Last Name</msg>
<var>${label}</var>
<arg>${label}</arg>
<doc>Remove leading and/or trailing whitespaces from the given string.</doc>
<status status="PASS" start="2025-02-25T16:26:38.952167" elapsed="0.000120"/>
</kw>
<kw name="Set Variable" owner="BuiltIn">
<msg time="2025-02-25T16:26:38.952472" level="INFO">${input_locator} = xpath=//label[contains(text(),'Last Name')]/following-sibling::input</msg>
<var>${input_locator}</var>
<arg>xpath=//label[contains(text(),'${label}')]/following-sibling::input</arg>
<doc>Returns the given values which can then be assigned to a variables.</doc>
<status status="PASS" start="2025-02-25T16:26:38.952357" elapsed="0.000232"/>
</kw>
<kw name="Get From Dictionary" owner="Collections">
<msg time="2025-02-25T16:26:38.952751" level="INFO">${value} = Kipling</msg>
<var>${value}</var>
<arg>${row}</arg>
<arg>${label}</arg>
<doc>Returns a value from the given ``dictionary`` based on the given ``key``.</doc>
<status status="PASS" start="2025-02-25T16:26:38.952651" elapsed="0.000115"/>
</kw>
<kw name="Run Keyword If" owner="BuiltIn">
<kw name="Input Text" owner="SeleniumLibrary">
<msg time="2025-02-25T16:26:38.953073" level="INFO">Typing text 'Kipling' into text field 'xpath=//label[contains(text(),'Last Name')]/following-sibling::input'.</msg>
<arg>${input_locator}</arg>
<arg>${value}</arg>
<doc>Types the given ``text`` into the text field identified by ``locator``.</doc>
<status status="PASS" start="2025-02-25T16:26:38.952966" elapsed="0.029038"/>
</kw>
<arg>'${value}' != ''</arg>
<arg>Input Text</arg>
<arg>${input_locator}</arg>
<arg>${value}</arg>
<doc>Runs the given keyword with the given arguments, if ``condition`` is true.</doc>
<status status="PASS" start="2025-02-25T16:26:38.952833" elapsed="0.029241"/>
</kw>
<var name="${field}">&lt;selenium.webdriver.remote.webelement.WebElement (session="e2792176d8c85f3e9a3cec9397acd167", element="f.9335DE9BBF2C47E6D6156AD9C15F27EA.d.263D024BC66A2193D3AE3475E976827E.e.114")&gt;</var>
<status status="PASS" start="2025-02-25T16:26:38.948444" elapsed="0.033662"/>
</iter>
<iter>
<kw name="Get Text" owner="SeleniumLibrary">
<msg time="2025-02-25T16:26:38.986550" level="INFO">${label} = Email</msg>
<var>${label}</var>
<arg>${field}</arg>
<doc>Returns the text value of the element identified by ``locator``.</doc>
<status status="PASS" start="2025-02-25T16:26:38.982285" elapsed="0.004291"/>
</kw>
<kw name="Strip String" owner="String">
<msg time="2025-02-25T16:26:38.986778" level="INFO">${label} = Email</msg>
<var>${label}</var>
<arg>${label}</arg>
<doc>Remove leading and/or trailing whitespaces from the given string.</doc>
<status status="PASS" start="2025-02-25T16:26:38.986671" elapsed="0.000122"/>
</kw>
<kw name="Set Variable" owner="BuiltIn">
<msg time="2025-02-25T16:26:38.986958" level="INFO">${input_locator} = xpath=//label[contains(text(),'Email')]/following-sibling::input</msg>
<var>${input_locator}</var>
<arg>xpath=//label[contains(text(),'${label}')]/following-sibling::input</arg>
<doc>Returns the given values which can then be assigned to a variables.</doc>
<status status="PASS" start="2025-02-25T16:26:38.986857" elapsed="0.000115"/>
</kw>
<kw name="Get From Dictionary" owner="Collections">
<msg time="2025-02-25T16:26:38.987127" level="INFO">${value} = kipling@waterfront.com</msg>
<var>${value}</var>
<arg>${row}</arg>
<arg>${label}</arg>
<doc>Returns a value from the given ``dictionary`` based on the given ``key``.</doc>
<status status="PASS" start="2025-02-25T16:26:38.987032" elapsed="0.000109"/>
</kw>
<kw name="Run Keyword If" owner="BuiltIn">
<kw name="Input Text" owner="SeleniumLibrary">
<msg time="2025-02-25T16:26:38.987440" level="INFO">Typing text 'kipling@waterfront.com' into text field 'xpath=//label[contains(text(),'Email')]/following-sibling::input'.</msg>
<arg>${input_locator}</arg>
<arg>${value}</arg>
<doc>Types the given ``text`` into the text field identified by ``locator``.</doc>
<status status="PASS" start="2025-02-25T16:26:38.987334" elapsed="0.033415"/>
</kw>
<arg>'${value}' != ''</arg>
<arg>Input Text</arg>
<arg>${input_locator}</arg>
<arg>${value}</arg>
<doc>Runs the given keyword with the given arguments, if ``condition`` is true.</doc>
<status status="PASS" start="2025-02-25T16:26:38.987206" elapsed="0.033620"/>
</kw>
<var name="${field}">&lt;selenium.webdriver.remote.webelement.WebElement (session="e2792176d8c85f3e9a3cec9397acd167", element="f.9335DE9BBF2C47E6D6156AD9C15F27EA.d.263D024BC66A2193D3AE3475E976827E.e.115")&gt;</var>
<status status="PASS" start="2025-02-25T16:26:38.982204" elapsed="0.038654"/>
</iter>
<iter>
<kw name="Get Text" owner="SeleniumLibrary">
<msg time="2025-02-25T16:26:39.024335" level="INFO">${label} = Company Name</msg>
<var>${label}</var>
<arg>${field}</arg>
<doc>Returns the text value of the element identified by ``locator``.</doc>
<status status="PASS" start="2025-02-25T16:26:39.021062" elapsed="0.003296"/>
</kw>
<kw name="Strip String" owner="String">
<msg time="2025-02-25T16:26:39.024549" level="INFO">${label} = Company Name</msg>
<var>${label}</var>
<arg>${label}</arg>
<doc>Remove leading and/or trailing whitespaces from the given string.</doc>
<status status="PASS" start="2025-02-25T16:26:39.024446" elapsed="0.000119"/>
</kw>
<kw name="Set Variable" owner="BuiltIn">
<msg time="2025-02-25T16:26:39.024728" level="INFO">${input_locator} = xpath=//label[contains(text(),'Company Name')]/following-sibling::input</msg>
<var>${input_locator}</var>
<arg>xpath=//label[contains(text(),'${label}')]/following-sibling::input</arg>
<doc>Returns the given values which can then be assigned to a variables.</doc>
<status status="PASS" start="2025-02-25T16:26:39.024629" elapsed="0.000116"/>
</kw>
<kw name="Get From Dictionary" owner="Collections">
<msg time="2025-02-25T16:26:39.024907" level="INFO">${value} = Waterfront</msg>
<var>${value}</var>
<arg>${row}</arg>
<arg>${label}</arg>
<doc>Returns a value from the given ``dictionary`` based on the given ``key``.</doc>
<status status="PASS" start="2025-02-25T16:26:39.024810" elapsed="0.000111"/>
</kw>
<kw name="Run Keyword If" owner="BuiltIn">
<kw name="Input Text" owner="SeleniumLibrary">
<msg time="2025-02-25T16:26:39.025234" level="INFO">Typing text 'Waterfront' into text field 'xpath=//label[contains(text(),'Company Name')]/following-sibling::input'.</msg>
<arg>${input_locator}</arg>
<arg>${value}</arg>
<doc>Types the given ``text`` into the text field identified by ``locator``.</doc>
<status status="PASS" start="2025-02-25T16:26:39.025123" elapsed="0.027655"/>
</kw>
<arg>'${value}' != ''</arg>
<arg>Input Text</arg>
<arg>${input_locator}</arg>
<arg>${value}</arg>
<doc>Runs the given keyword with the given arguments, if ``condition`` is true.</doc>
<status status="PASS" start="2025-02-25T16:26:39.024989" elapsed="0.027864"/>
</kw>
<var name="${field}">&lt;selenium.webdriver.remote.webelement.WebElement (session="e2792176d8c85f3e9a3cec9397acd167", element="f.9335DE9BBF2C47E6D6156AD9C15F27EA.d.263D024BC66A2193D3AE3475E976827E.e.116")&gt;</var>
<status status="PASS" start="2025-02-25T16:26:39.020967" elapsed="0.031919"/>
</iter>
<iter>
<kw name="Get Text" owner="SeleniumLibrary">
<msg time="2025-02-25T16:26:39.056391" level="INFO">${label} = First Name</msg>
<var>${label}</var>
<arg>${field}</arg>
<doc>Returns the text value of the element identified by ``locator``.</doc>
<status status="PASS" start="2025-02-25T16:26:39.053093" elapsed="0.003324"/>
</kw>
<kw name="Strip String" owner="String">
<msg time="2025-02-25T16:26:39.056671" level="INFO">${label} = First Name</msg>
<var>${label}</var>
<arg>${label}</arg>
<doc>Remove leading and/or trailing whitespaces from the given string.</doc>
<status status="PASS" start="2025-02-25T16:26:39.056512" elapsed="0.000177"/>
</kw>
<kw name="Set Variable" owner="BuiltIn">
<msg time="2025-02-25T16:26:39.056872" level="INFO">${input_locator} = xpath=//label[contains(text(),'First Name')]/following-sibling::input</msg>
<var>${input_locator}</var>
<arg>xpath=//label[contains(text(),'${label}')]/following-sibling::input</arg>
<doc>Returns the given values which can then be assigned to a variables.</doc>
<status status="PASS" start="2025-02-25T16:26:39.056766" elapsed="0.000121"/>
</kw>
<kw name="Get From Dictionary" owner="Collections">
<msg time="2025-02-25T16:26:39.057049" level="INFO">${value} = Albert</msg>
<var>${value}</var>
<arg>${row}</arg>
<arg>${label}</arg>
<doc>Returns a value from the given ``dictionary`` based on the given ``key``.</doc>
<status status="PASS" start="2025-02-25T16:26:39.056948" elapsed="0.000116"/>
</kw>
<kw name="Run Keyword If" owner="BuiltIn">
<kw name="Input Text" owner="SeleniumLibrary">
<msg time="2025-02-25T16:26:39.057383" level="INFO">Typing text 'Albert' into text field 'xpath=//label[contains(text(),'First Name')]/following-sibling::input'.</msg>
<arg>${input_locator}</arg>
<arg>${value}</arg>
<doc>Types the given ``text`` into the text field identified by ``locator``.</doc>
<status status="PASS" start="2025-02-25T16:26:39.057270" elapsed="0.027518"/>
</kw>
<arg>'${value}' != ''</arg>
<arg>Input Text</arg>
<arg>${input_locator}</arg>
<arg>${value}</arg>
<doc>Runs the given keyword with the given arguments, if ``condition`` is true.</doc>
<status status="PASS" start="2025-02-25T16:26:39.057132" elapsed="0.027734"/>
</kw>
<var name="${field}">&lt;selenium.webdriver.remote.webelement.WebElement (session="e2792176d8c85f3e9a3cec9397acd167", element="f.9335DE9BBF2C47E6D6156AD9C15F27EA.d.263D024BC66A2193D3AE3475E976827E.e.117")&gt;</var>
<status status="PASS" start="2025-02-25T16:26:39.052992" elapsed="0.031907"/>
</iter>
<var>${field}</var>
<value>@{fields}</value>
<status status="PASS" start="2025-02-25T16:26:38.845828" elapsed="0.239106"/>
</for>
<kw name="Click Button" owner="SeleniumLibrary">
<msg time="2025-02-25T16:26:39.085175" level="INFO">Clicking button 'xpath=//input[@type='submit']'.</msg>
<arg>xpath=//input[@type='submit']</arg>
<doc>Clicks the button identified by ``locator``.</doc>
<status status="PASS" start="2025-02-25T16:26:39.085046" elapsed="0.027342"/>
</kw>
<arg>${row}</arg>
<status status="PASS" start="2025-02-25T16:26:38.839948" elapsed="0.272519"/>
</kw>
<var name="${row}">{'First Name': 'Albert', 'Last Name': 'Kipling', 'Company Name': 'Waterfront', 'Role in Company': 'Accountant', 'Address': '22 Guild Street', 'Email': 'kipling@waterfront.com', 'Phone Number': 4073541...</var>
<status status="PASS" start="2025-02-25T16:26:38.839831" elapsed="0.272663"/>
</iter>
<iter>
<kw name="Fill And Submit Form">
<kw name="Get WebElements" owner="SeleniumLibrary">
<msg time="2025-02-25T16:26:39.115668" level="INFO">${fields} = [&lt;selenium.webdriver.remote.webelement.WebElement (session="e2792176d8c85f3e9a3cec9397acd167", element="f.9335DE9BBF2C47E6D6156AD9C15F27EA.d.263D024BC66A2193D3AE3475E976827E.e.132")&gt;, &lt;selenium.webdri...</msg>
<var>${fields}</var>
<arg>//label</arg>
<doc>Returns a list of WebElement objects matching the ``locator``.</doc>
<status status="PASS" start="2025-02-25T16:26:39.112887" elapsed="0.002804"/>
</kw>
<for flavor="IN">
<iter>
<kw name="Get Text" owner="SeleniumLibrary">
<msg time="2025-02-25T16:26:39.119679" level="INFO">${label} = Role in Company</msg>
<var>${label}</var>
<arg>${field}</arg>
<doc>Returns the text value of the element identified by ``locator``.</doc>
<status status="PASS" start="2025-02-25T16:26:39.115887" elapsed="0.003815"/>
</kw>
<kw name="Strip String" owner="String">
<msg time="2025-02-25T16:26:39.119881" level="INFO">${label} = Role in Company</msg>
<var>${label}</var>
<arg>${label}</arg>
<doc>Remove leading and/or trailing whitespaces from the given string.</doc>
<status status="PASS" start="2025-02-25T16:26:39.119785" elapsed="0.000110"/>
</kw>
<kw name="Set Variable" owner="BuiltIn">
<msg time="2025-02-25T16:26:39.120057" level="INFO">${input_locator} = xpath=//label[contains(text(),'Role in Company')]/following-sibling::input</msg>
<var>${input_locator}</var>
<arg>xpath=//label[contains(text(),'${label}')]/following-sibling::input</arg>
<doc>Returns the given values which can then be assigned to a variables.</doc>
<status status="PASS" start="2025-02-25T16:26:39.119955" elapsed="0.000116"/>
</kw>
<kw name="Get From Dictionary" owner="Collections">
<msg time="2025-02-25T16:26:39.120223" level="INFO">${value} = IT Specialist</msg>
<var>${value}</var>
<arg>${row}</arg>
<arg>${label}</arg>
<doc>Returns a value from the given ``dictionary`` based on the given ``key``.</doc>
<status status="PASS" start="2025-02-25T16:26:39.120128" elapsed="0.000109"/>
</kw>
<kw name="Run Keyword If" owner="BuiltIn">
<kw name="Input Text" owner="SeleniumLibrary">
<msg time="2025-02-25T16:26:39.120534" level="INFO">Typing text 'IT Specialist' into text field 'xpath=//label[contains(text(),'Role in Company')]/following-sibling::input'.</msg>
<arg>${input_locator}</arg>
<arg>${value}</arg>
<doc>Types the given ``text`` into the text field identified by ``locator``.</doc>
<status status="PASS" start="2025-02-25T16:26:39.120431" elapsed="0.029763"/>
</kw>
<arg>'${value}' != ''</arg>
<arg>Input Text</arg>
<arg>${input_locator}</arg>
<arg>${value}</arg>
<doc>Runs the given keyword with the given arguments, if ``condition`` is true.</doc>
<status status="PASS" start="2025-02-25T16:26:39.120306" elapsed="0.029962"/>
</kw>
<var name="${field}">&lt;selenium.webdriver.remote.webelement.WebElement (session="e2792176d8c85f3e9a3cec9397acd167", element="f.9335DE9BBF2C47E6D6156AD9C15F27EA.d.263D024BC66A2193D3AE3475E976827E.e.132")&gt;</var>
<status status="PASS" start="2025-02-25T16:26:39.115821" elapsed="0.034495"/>
</iter>
<iter>
<kw name="Get Text" owner="SeleniumLibrary">
<msg time="2025-02-25T16:26:39.154066" level="INFO">${label} = Address</msg>
<var>${label}</var>
<arg>${field}</arg>
<doc>Returns the text value of the element identified by ``locator``.</doc>
<status status="PASS" start="2025-02-25T16:26:39.150554" elapsed="0.003534"/>
</kw>
<kw name="Strip String" owner="String">
<msg time="2025-02-25T16:26:39.154274" level="INFO">${label} = Address</msg>
<var>${label}</var>
<arg>${label}</arg>
<doc>Remove leading and/or trailing whitespaces from the given string.</doc>
<status status="PASS" start="2025-02-25T16:26:39.154174" elapsed="0.000114"/>
</kw>
<kw name="Set Variable" owner="BuiltIn">
<msg time="2025-02-25T16:26:39.154447" level="INFO">${input_locator} = xpath=//label[contains(text(),'Address')]/following-sibling::input</msg>
<var>${input_locator}</var>
<arg>xpath=//label[contains(text(),'${label}')]/following-sibling::input</arg>
<doc>Returns the given values which can then be assigned to a variables.</doc>
<status status="PASS" start="2025-02-25T16:26:39.154348" elapsed="0.000113"/>
</kw>
<kw name="Get From Dictionary" owner="Collections">
<msg time="2025-02-25T16:26:39.154616" level="INFO">${value} = 17 Farburn Terrace</msg>
<var>${value}</var>
<arg>${row}</arg>
<arg>${label}</arg>
<doc>Returns a value from the given ``dictionary`` based on the given ``key``.</doc>
<status status="PASS" start="2025-02-25T16:26:39.154523" elapsed="0.000106"/>
</kw>
<kw name="Run Keyword If" owner="BuiltIn">
<kw name="Input Text" owner="SeleniumLibrary">
<msg time="2025-02-25T16:26:39.154926" level="INFO">Typing text '17 Farburn Terrace' into text field 'xpath=//label[contains(text(),'Address')]/following-sibling::input'.</msg>
<arg>${input_locator}</arg>
<arg>${value}</arg>
<doc>Types the given ``text`` into the text field identified by ``locator``.</doc>
<status status="PASS" start="2025-02-25T16:26:39.154818" elapsed="0.030571"/>
</kw>
<arg>'${value}' != ''</arg>
<arg>Input Text</arg>
<arg>${input_locator}</arg>
<arg>${value}</arg>
<doc>Runs the given keyword with the given arguments, if ``condition`` is true.</doc>
<status status="PASS" start="2025-02-25T16:26:39.154693" elapsed="0.030766"/>
</kw>
<var name="${field}">&lt;selenium.webdriver.remote.webelement.WebElement (session="e2792176d8c85f3e9a3cec9397acd167", element="f.9335DE9BBF2C47E6D6156AD9C15F27EA.d.263D024BC66A2193D3AE3475E976827E.e.133")&gt;</var>
<status status="PASS" start="2025-02-25T16:26:39.150439" elapsed="0.035106"/>
</iter>
<iter>
<kw name="Get Text" owner="SeleniumLibrary">
<msg time="2025-02-25T16:26:39.189090" level="INFO">${label} = Last Name</msg>
<var>${label}</var>
<arg>${field}</arg>
<doc>Returns the text value of the element identified by ``locator``.</doc>
<status status="PASS" start="2025-02-25T16:26:39.185728" elapsed="0.003382"/>
</kw>
<kw name="Strip String" owner="String">
<msg time="2025-02-25T16:26:39.189282" level="INFO">${label} = Last Name</msg>
<var>${label}</var>
<arg>${label}</arg>
<doc>Remove leading and/or trailing whitespaces from the given string.</doc>
<status status="PASS" start="2025-02-25T16:26:39.189188" elapsed="0.000109"/>
</kw>
<kw name="Set Variable" owner="BuiltIn">
<msg time="2025-02-25T16:26:39.189454" level="INFO">${input_locator} = xpath=//label[contains(text(),'Last Name')]/following-sibling::input</msg>
<var>${input_locator}</var>
<arg>xpath=//label[contains(text(),'${label}')]/following-sibling::input</arg>
<doc>Returns the given values which can then be assigned to a variables.</doc>
<status status="PASS" start="2025-02-25T16:26:39.189356" elapsed="0.000112"/>
</kw>
<kw name="Get From Dictionary" owner="Collections">
<msg time="2025-02-25T16:26:39.189619" level="INFO">${value} = Robertson</msg>
<var>${value}</var>
<arg>${row}</arg>
<arg>${label}</arg>
<doc>Returns a value from the given ``dictionary`` based on the given ``key``.</doc>
<status status="PASS" start="2025-02-25T16:26:39.189525" elapsed="0.000108"/>
</kw>
<kw name="Run Keyword If" owner="BuiltIn">
<kw name="Input Text" owner="SeleniumLibrary">
<msg time="2025-02-25T16:26:39.189938" level="INFO">Typing text 'Robertson' into text field 'xpath=//label[contains(text(),'Last Name')]/following-sibling::input'.</msg>
<arg>${input_locator}</arg>
<arg>${value}</arg>
<doc>Types the given ``text`` into the text field identified by ``locator``.</doc>
<status status="PASS" start="2025-02-25T16:26:39.189835" elapsed="0.029081"/>
</kw>
<arg>'${value}' != ''</arg>
<arg>Input Text</arg>
<arg>${input_locator}</arg>
<arg>${value}</arg>
<doc>Runs the given keyword with the given arguments, if ``condition`` is true.</doc>
<status status="PASS" start="2025-02-25T16:26:39.189697" elapsed="0.029292"/>
</kw>
<var name="${field}">&lt;selenium.webdriver.remote.webelement.WebElement (session="e2792176d8c85f3e9a3cec9397acd167", element="f.9335DE9BBF2C47E6D6156AD9C15F27EA.d.263D024BC66A2193D3AE3475E976827E.e.134")&gt;</var>
<status status="PASS" start="2025-02-25T16:26:39.185647" elapsed="0.033374"/>
</iter>
<iter>
<kw name="Get Text" owner="SeleniumLibrary">
<msg time="2025-02-25T16:26:39.222474" level="INFO">${label} = Company Name</msg>
<var>${label}</var>
<arg>${field}</arg>
<doc>Returns the text value of the element identified by ``locator``.</doc>
<status status="PASS" start="2025-02-25T16:26:39.219243" elapsed="0.003251"/>
</kw>
<kw name="Strip String" owner="String">
<msg time="2025-02-25T16:26:39.222666" level="INFO">${label} = Company Name</msg>
<var>${label}</var>
<arg>${label}</arg>
<doc>Remove leading and/or trailing whitespaces from the given string.</doc>
<status status="PASS" start="2025-02-25T16:26:39.222571" elapsed="0.000109"/>
</kw>
<kw name="Set Variable" owner="BuiltIn">
<msg time="2025-02-25T16:26:39.222836" level="INFO">${input_locator} = xpath=//label[contains(text(),'Company Name')]/following-sibling::input</msg>
<var>${input_locator}</var>
<arg>xpath=//label[contains(text(),'${label}')]/following-sibling::input</arg>
<doc>Returns the given values which can then be assigned to a variables.</doc>
<status status="PASS" start="2025-02-25T16:26:39.222740" elapsed="0.000110"/>
</kw>
<kw name="Get From Dictionary" owner="Collections">
<msg time="2025-02-25T16:26:39.223003" level="INFO">${value} = MediCare</msg>
<var>${value}</var>
<arg>${row}</arg>
<arg>${label}</arg>
<doc>Returns a value from the given ``dictionary`` based on the given ``key``.</doc>
<status status="PASS" start="2025-02-25T16:26:39.222909" elapsed="0.000107"/>
</kw>
<kw name="Run Keyword If" owner="BuiltIn">
<kw name="Input Text" owner="SeleniumLibrary">
<msg time="2025-02-25T16:26:39.223308" level="INFO">Typing text 'MediCare' into text field 'xpath=//label[contains(text(),'Company Name')]/following-sibling::input'.</msg>
<arg>${input_locator}</arg>
<arg>${value}</arg>
<doc>Types the given ``text`` into the text field identified by ``locator``.</doc>
<status status="PASS" start="2025-02-25T16:26:39.223205" elapsed="0.029892"/>
</kw>
<arg>'${value}' != ''</arg>
<arg>Input Text</arg>
<arg>${input_locator}</arg>
<arg>${value}</arg>
<doc>Runs the given keyword with the given arguments, if ``condition`` is true.</doc>
<status status="PASS" start="2025-02-25T16:26:39.223080" elapsed="0.030085"/>
</kw>
<var name="${field}">&lt;selenium.webdriver.remote.webelement.WebElement (session="e2792176d8c85f3e9a3cec9397acd167", element="f.9335DE9BBF2C47E6D6156AD9C15F27EA.d.263D024BC66A2193D3AE3475E976827E.e.135")&gt;</var>
<status status="PASS" start="2025-02-25T16:26:39.219120" elapsed="0.034078"/>
</iter>
<iter>
<kw name="Get Text" owner="SeleniumLibrary">
<msg time="2025-02-25T16:26:39.256709" level="INFO">${label} = Email</msg>
<var>${label}</var>
<arg>${field}</arg>
<doc>Returns the text value of the element identified by ``locator``.</doc>
<status status="PASS" start="2025-02-25T16:26:39.253384" elapsed="0.003346"/>
</kw>
<kw name="Strip String" owner="String">
<msg time="2025-02-25T16:26:39.256909" level="INFO">${label} = Email</msg>
<var>${label}</var>
<arg>${label}</arg>
<doc>Remove leading and/or trailing whitespaces from the given string.</doc>
<status status="PASS" start="2025-02-25T16:26:39.256812" elapsed="0.000111"/>
</kw>
<kw name="Set Variable" owner="BuiltIn">
<msg time="2025-02-25T16:26:39.257079" level="INFO">${input_locator} = xpath=//label[contains(text(),'Email')]/following-sibling::input</msg>
<var>${input_locator}</var>
<arg>xpath=//label[contains(text(),'${label}')]/following-sibling::input</arg>
<doc>Returns the given values which can then be assigned to a variables.</doc>
<status status="PASS" start="2025-02-25T16:26:39.256983" elapsed="0.000110"/>
</kw>
<kw name="Get From Dictionary" owner="Collections">
<msg time="2025-02-25T16:26:39.257245" level="INFO">${value} = mrobertson@mc.com</msg>
<var>${value}</var>
<arg>${row}</arg>
<arg>${label}</arg>
<doc>Returns a value from the given ``dictionary`` based on the given ``key``.</doc>
<status status="PASS" start="2025-02-25T16:26:39.257150" elapsed="0.000109"/>
</kw>
<kw name="Run Keyword If" owner="BuiltIn">
<kw name="Input Text" owner="SeleniumLibrary">
<msg time="2025-02-25T16:26:39.257553" level="INFO">Typing text 'mrobertson@mc.com' into text field 'xpath=//label[contains(text(),'Email')]/following-sibling::input'.</msg>
<arg>${input_locator}</arg>
<arg>${value}</arg>
<doc>Types the given ``text`` into the text field identified by ``locator``.</doc>
<status status="PASS" start="2025-02-25T16:26:39.257446" elapsed="0.030444"/>
</kw>
<arg>'${value}' != ''</arg>
<arg>Input Text</arg>
<arg>${input_locator}</arg>
<arg>${value}</arg>
<doc>Runs the given keyword with the given arguments, if ``condition`` is true.</doc>
<status status="PASS" start="2025-02-25T16:26:39.257323" elapsed="0.030640"/>
</kw>
<var name="${field}">&lt;selenium.webdriver.remote.webelement.WebElement (session="e2792176d8c85f3e9a3cec9397acd167", element="f.9335DE9BBF2C47E6D6156AD9C15F27EA.d.263D024BC66A2193D3AE3475E976827E.e.136")&gt;</var>
<status status="PASS" start="2025-02-25T16:26:39.253301" elapsed="0.034694"/>
</iter>
<iter>
<kw name="Get Text" owner="SeleniumLibrary">
<msg time="2025-02-25T16:26:39.292073" level="INFO">${label} = First Name</msg>
<var>${label}</var>
<arg>${field}</arg>
<doc>Returns the text value of the element identified by ``locator``.</doc>
<status status="PASS" start="2025-02-25T16:26:39.288178" elapsed="0.003968"/>
</kw>
<kw name="Strip String" owner="String">
<msg time="2025-02-25T16:26:39.292345" level="INFO">${label} = First Name</msg>
<var>${label}</var>
<arg>${label}</arg>
<doc>Remove leading and/or trailing whitespaces from the given string.</doc>
<status status="PASS" start="2025-02-25T16:26:39.292240" elapsed="0.000120"/>
</kw>
<kw name="Set Variable" owner="BuiltIn">
<msg time="2025-02-25T16:26:39.292526" level="INFO">${input_locator} = xpath=//label[contains(text(),'First Name')]/following-sibling::input</msg>
<var>${input_locator}</var>
<arg>xpath=//label[contains(text(),'${label}')]/following-sibling::input</arg>
<doc>Returns the given values which can then be assigned to a variables.</doc>
<status status="PASS" start="2025-02-25T16:26:39.292424" elapsed="0.000116"/>
</kw>
<kw name="Get From Dictionary" owner="Collections">
<msg time="2025-02-25T16:26:39.292695" level="INFO">${value} = Michael</msg>
<var>${value}</var>
<arg>${row}</arg>
<arg>${label}</arg>
<doc>Returns a value from the given ``dictionary`` based on the given ``key``.</doc>
<status status="PASS" start="2025-02-25T16:26:39.292599" elapsed="0.000110"/>
</kw>
<kw name="Run Keyword If" owner="BuiltIn">
<kw name="Input Text" owner="SeleniumLibrary">
<msg time="2025-02-25T16:26:39.293028" level="INFO">Typing text 'Michael' into text field 'xpath=//label[contains(text(),'First Name')]/following-sibling::input'.</msg>
<arg>${input_locator}</arg>
<arg>${value}</arg>
<doc>Types the given ``text`` into the text field identified by ``locator``.</doc>
<status status="PASS" start="2025-02-25T16:26:39.292921" elapsed="0.027923"/>
</kw>
<arg>'${value}' != ''</arg>
<arg>Input Text</arg>
<arg>${input_locator}</arg>
<arg>${value}</arg>
<doc>Runs the given keyword with the given arguments, if ``condition`` is true.</doc>
<status status="PASS" start="2025-02-25T16:26:39.292775" elapsed="0.028131"/>
</kw>
<var name="${field}">&lt;selenium.webdriver.remote.webelement.WebElement (session="e2792176d8c85f3e9a3cec9397acd167", element="f.9335DE9BBF2C47E6D6156AD9C15F27EA.d.263D024BC66A2193D3AE3475E976827E.e.137")&gt;</var>
<status status="PASS" start="2025-02-25T16:26:39.288091" elapsed="0.032846"/>
</iter>
<iter>
<kw name="Get Text" owner="SeleniumLibrary">
<msg time="2025-02-25T16:26:39.324331" level="INFO">${label} = Phone Number</msg>
<var>${label}</var>
<arg>${field}</arg>
<doc>Returns the text value of the element identified by ``locator``.</doc>
<status status="PASS" start="2025-02-25T16:26:39.321107" elapsed="0.003244"/>
</kw>
<kw name="Strip String" owner="String">
<msg time="2025-02-25T16:26:39.324532" level="INFO">${label} = Phone Number</msg>
<var>${label}</var>
<arg>${label}</arg>
<doc>Remove leading and/or trailing whitespaces from the given string.</doc>
<status status="PASS" start="2025-02-25T16:26:39.324427" elapsed="0.000119"/>
</kw>
<kw name="Set Variable" owner="BuiltIn">
<msg time="2025-02-25T16:26:39.324807" level="INFO">${input_locator} = xpath=//label[contains(text(),'Phone Number')]/following-sibling::input</msg>
<var>${input_locator}</var>
<arg>xpath=//label[contains(text(),'${label}')]/following-sibling::input</arg>
<doc>Returns the given values which can then be assigned to a variables.</doc>
<status status="PASS" start="2025-02-25T16:26:39.324606" elapsed="0.000216"/>
</kw>
<kw name="Get From Dictionary" owner="Collections">
<msg time="2025-02-25T16:26:39.324978" level="INFO">${value} = 40733652145</msg>
<var>${value}</var>
<arg>${row}</arg>
<arg>${label}</arg>
<doc>Returns a value from the given ``dictionary`` based on the given ``key``.</doc>
<status status="PASS" start="2025-02-25T16:26:39.324882" elapsed="0.000110"/>
</kw>
<kw name="Run Keyword If" owner="BuiltIn">
<kw name="Input Text" owner="SeleniumLibrary">
<msg time="2025-02-25T16:26:39.325289" level="INFO">Typing text '40733652145' into text field 'xpath=//label[contains(text(),'Phone Number')]/following-sibling::input'.</msg>
<arg>${input_locator}</arg>
<arg>${value}</arg>
<doc>Types the given ``text`` into the text field identified by ``locator``.</doc>
<status status="PASS" start="2025-02-25T16:26:39.325187" elapsed="0.028885"/>
</kw>
<arg>'${value}' != ''</arg>
<arg>Input Text</arg>
<arg>${input_locator}</arg>
<arg>${value}</arg>
<doc>Runs the given keyword with the given arguments, if ``condition`` is true.</doc>
<status status="PASS" start="2025-02-25T16:26:39.325057" elapsed="0.029082"/>
</kw>
<var name="${field}">&lt;selenium.webdriver.remote.webelement.WebElement (session="e2792176d8c85f3e9a3cec9397acd167", element="f.9335DE9BBF2C47E6D6156AD9C15F27EA.d.263D024BC66A2193D3AE3475E976827E.e.138")&gt;</var>
<status status="PASS" start="2025-02-25T16:26:39.321030" elapsed="0.033140"/>
</iter>
<var>${field}</var>
<value>@{fields}</value>
<status status="PASS" start="2025-02-25T16:26:39.115734" elapsed="0.238468"/>
</for>
<kw name="Click Button" owner="SeleniumLibrary">
<msg time="2025-02-25T16:26:39.354417" level="INFO">Clicking button 'xpath=//input[@type='submit']'.</msg>
<arg>xpath=//input[@type='submit']</arg>
<doc>Clicks the button identified by ``locator``.</doc>
<status status="PASS" start="2025-02-25T16:26:39.354300" elapsed="0.025225"/>
</kw>
<arg>${row}</arg>
<status status="PASS" start="2025-02-25T16:26:39.112702" elapsed="0.266899"/>
</kw>
<var name="${row}">{'First Name': 'Michael', 'Last Name': 'Robertson', 'Company Name': 'MediCare', 'Role in Company': 'IT Specialist', 'Address': '17 Farburn Terrace', 'Email': 'mrobertson@mc.com', 'Phone Number': 40733...</var>
<status status="PASS" start="2025-02-25T16:26:39.112579" elapsed="0.267048"/>
</iter>
<iter>
<kw name="Fill And Submit Form">
<kw name="Get WebElements" owner="SeleniumLibrary">
<msg time="2025-02-25T16:26:39.383264" level="INFO">${fields} = [&lt;selenium.webdriver.remote.webelement.WebElement (session="e2792176d8c85f3e9a3cec9397acd167", element="f.9335DE9BBF2C47E6D6156AD9C15F27EA.d.263D024BC66A2193D3AE3475E976827E.e.153")&gt;, &lt;selenium.webdri...</msg>
<var>${fields}</var>
<arg>//label</arg>
<doc>Returns a list of WebElement objects matching the ``locator``.</doc>
[...]
<var>${fields}</var>
<arg>//label</arg>
<doc>Returns a list of WebElement objects matching the ``locator``.</doc>
<status status="PASS" start="2025-02-25T16:26:40.722740" elapsed="0.002884"/>
</kw>
<for flavor="IN">
<iter>
<kw name="Get Text" owner="SeleniumLibrary">
<msg time="2025-02-25T16:26:40.728892" level="INFO">${label} = Last Name</msg>
<var>${label}</var>
<arg>${field}</arg>
<doc>Returns the text value of the element identified by ``locator``.</doc>
<status status="PASS" start="2025-02-25T16:26:40.725812" elapsed="0.003098"/>
</kw>
<kw name="Strip String" owner="String">
<msg time="2025-02-25T16:26:40.729069" level="INFO">${label} = Last Name</msg>
<var>${label}</var>
<arg>${label}</arg>
<doc>Remove leading and/or trailing whitespaces from the given string.</doc>
<status status="PASS" start="2025-02-25T16:26:40.728982" elapsed="0.000101"/>
</kw>
<kw name="Set Variable" owner="BuiltIn">
<msg time="2025-02-25T16:26:40.729234" level="INFO">${input_locator} = xpath=//label[contains(text(),'Last Name')]/following-sibling::input</msg>
<var>${input_locator}</var>
<arg>xpath=//label[contains(text(),'${label}')]/following-sibling::input</arg>
<doc>Returns the given values which can then be assigned to a variables.</doc>
<status status="PASS" start="2025-02-25T16:26:40.729140" elapsed="0.000107"/>
</kw>
<kw name="Get From Dictionary" owner="Collections">
<msg time="2025-02-25T16:26:40.729393" level="INFO">${value} = Palmer</msg>
<var>${value}</var>
<arg>${row}</arg>
<arg>${label}</arg>
<doc>Returns a value from the given ``dictionary`` based on the given ``key``.</doc>
<status status="PASS" start="2025-02-25T16:26:40.729302" elapsed="0.000104"/>
</kw>
<kw name="Run Keyword If" owner="BuiltIn">
<kw name="Input Text" owner="SeleniumLibrary">
<msg time="2025-02-25T16:26:40.729710" level="INFO">Typing text 'Palmer' into text field 'xpath=//label[contains(text(),'Last Name')]/following-sibling::input'.</msg>
<arg>${input_locator}</arg>
<arg>${value}</arg>
<doc>Types the given ``text`` into the text field identified by ``locator``.</doc>
<status status="PASS" start="2025-02-25T16:26:40.729612" elapsed="0.027111"/>
</kw>
<arg>'${value}' != ''</arg>
<arg>Input Text</arg>
<arg>${input_locator}</arg>
<arg>${value}</arg>
<doc>Runs the given keyword with the given arguments, if ``condition`` is true.</doc>
<status status="PASS" start="2025-02-25T16:26:40.729487" elapsed="0.027294"/>
</kw>
<var name="${field}">&lt;selenium.webdriver.remote.webelement.WebElement (session="e2792176d8c85f3e9a3cec9397acd167", element="f.9335DE9BBF2C47E6D6156AD9C15F27EA.d.263D024BC66A2193D3AE3475E976827E.e.259")&gt;</var>
<status status="PASS" start="2025-02-25T16:26:40.725752" elapsed="0.031060"/>
</iter>
<iter>
<kw name="Get Text" owner="SeleniumLibrary">
<msg time="2025-02-25T16:26:40.760204" level="INFO">${label} = Company Name</msg>
<var>${label}</var>
<arg>${field}</arg>
<doc>Returns the text value of the element identified by ``locator``.</doc>
<status status="PASS" start="2025-02-25T16:26:40.756985" elapsed="0.003239"/>
</kw>
<kw name="Strip String" owner="String">
<msg time="2025-02-25T16:26:40.760397" level="INFO">${label} = Company Name</msg>
<var>${label}</var>
<arg>${label}</arg>
<doc>Remove leading and/or trailing whitespaces from the given string.</doc>
<status status="PASS" start="2025-02-25T16:26:40.760302" elapsed="0.000108"/>
</kw>
<kw name="Set Variable" owner="BuiltIn">
<msg time="2025-02-25T16:26:40.760563" level="INFO">${input_locator} = xpath=//label[contains(text(),'Company Name')]/following-sibling::input</msg>
<var>${input_locator}</var>
<arg>xpath=//label[contains(text(),'${label}')]/following-sibling::input</arg>
<doc>Returns the given values which can then be assigned to a variables.</doc>
<status status="PASS" start="2025-02-25T16:26:40.760468" elapsed="0.000109"/>
</kw>
<kw name="Get From Dictionary" owner="Collections">
<msg time="2025-02-25T16:26:40.760728" level="INFO">${value} = Timepath Inc.</msg>
<var>${value}</var>
<arg>${row}</arg>
<arg>${label}</arg>
<doc>Returns a value from the given ``dictionary`` based on the given ``key``.</doc>
<status status="PASS" start="2025-02-25T16:26:40.760633" elapsed="0.000109"/>
</kw>
<kw name="Run Keyword If" owner="BuiltIn">
<kw name="Input Text" owner="SeleniumLibrary">
<msg time="2025-02-25T16:26:40.761071" level="INFO">Typing text 'Timepath Inc.' into text field 'xpath=//label[contains(text(),'Company Name')]/following-sibling::input'.</msg>
<arg>${input_locator}</arg>
<arg>${value}</arg>
<doc>Types the given ``text`` into the text field identified by ``locator``.</doc>
<status status="PASS" start="2025-02-25T16:26:40.760968" elapsed="0.028798"/>
</kw>
<arg>'${value}' != ''</arg>
<arg>Input Text</arg>
<arg>${input_locator}</arg>
<arg>${value}</arg>
<doc>Runs the given keyword with the given arguments, if ``condition`` is true.</doc>
<status status="PASS" start="2025-02-25T16:26:40.760844" elapsed="0.028986"/>
</kw>
<var name="${field}">&lt;selenium.webdriver.remote.webelement.WebElement (session="e2792176d8c85f3e9a3cec9397acd167", element="f.9335DE9BBF2C47E6D6156AD9C15F27EA.d.263D024BC66A2193D3AE3475E976827E.e.260")&gt;</var>
<status status="PASS" start="2025-02-25T16:26:40.756904" elapsed="0.032956"/>
</iter>
<iter>
<kw name="Get Text" owner="SeleniumLibrary">
<msg time="2025-02-25T16:26:40.793251" level="INFO">${label} = Role in Company</msg>
<var>${label}</var>
<arg>${field}</arg>
<doc>Returns the text value of the element identified by ``locator``.</doc>
<status status="PASS" start="2025-02-25T16:26:40.790032" elapsed="0.003239"/>
</kw>
<kw name="Strip String" owner="String">
<msg time="2025-02-25T16:26:40.793444" level="INFO">${label} = Role in Company</msg>
<var>${label}</var>
<arg>${label}</arg>
<doc>Remove leading and/or trailing whitespaces from the given string.</doc>
<status status="PASS" start="2025-02-25T16:26:40.793350" elapsed="0.000108"/>
</kw>
<kw name="Set Variable" owner="BuiltIn">
<msg time="2025-02-25T16:26:40.793613" level="INFO">${input_locator} = xpath=//label[contains(text(),'Role in Company')]/following-sibling::input</msg>
<var>${input_locator}</var>
<arg>xpath=//label[contains(text(),'${label}')]/following-sibling::input</arg>
<doc>Returns the given values which can then be assigned to a variables.</doc>
<status status="PASS" start="2025-02-25T16:26:40.793518" elapsed="0.000109"/>
</kw>
<kw name="Get From Dictionary" owner="Collections">
<msg time="2025-02-25T16:26:40.793775" level="INFO">${value} = Programmer</msg>
<var>${value}</var>
<arg>${row}</arg>
<arg>${label}</arg>
<doc>Returns a value from the given ``dictionary`` based on the given ``key``.</doc>
<status status="PASS" start="2025-02-25T16:26:40.793683" elapsed="0.000106"/>
</kw>
<kw name="Run Keyword If" owner="BuiltIn">
<kw name="Input Text" owner="SeleniumLibrary">
<msg time="2025-02-25T16:26:40.794102" level="INFO">Typing text 'Programmer' into text field 'xpath=//label[contains(text(),'Role in Company')]/following-sibling::input'.</msg>
<arg>${input_locator}</arg>
<arg>${value}</arg>
<doc>Types the given ``text`` into the text field identified by ``locator``.</doc>
<status status="PASS" start="2025-02-25T16:26:40.793972" elapsed="0.028628"/>
</kw>
<arg>'${value}' != ''</arg>
<arg>Input Text</arg>
<arg>${input_locator}</arg>
<arg>${value}</arg>
<doc>Runs the given keyword with the given arguments, if ``condition`` is true.</doc>
<status status="PASS" start="2025-02-25T16:26:40.793852" elapsed="0.028810"/>
</kw>
<var name="${field}">&lt;selenium.webdriver.remote.webelement.WebElement (session="e2792176d8c85f3e9a3cec9397acd167", element="f.9335DE9BBF2C47E6D6156AD9C15F27EA.d.263D024BC66A2193D3AE3475E976827E.e.261")&gt;</var>
<status status="PASS" start="2025-02-25T16:26:40.789951" elapsed="0.032742"/>
</iter>
<iter>
<kw name="Get Text" owner="SeleniumLibrary">
<msg time="2025-02-25T16:26:40.826178" level="INFO">${label} = Email</msg>
<var>${label}</var>
<arg>${field}</arg>
<doc>Returns the text value of the element identified by ``locator``.</doc>
<status status="PASS" start="2025-02-25T16:26:40.822857" elapsed="0.003342"/>
</kw>
<kw name="Strip String" owner="String">
<msg time="2025-02-25T16:26:40.826376" level="INFO">${label} = Email</msg>
<var>${label}</var>
<arg>${label}</arg>
<doc>Remove leading and/or trailing whitespaces from the given string.</doc>
<status status="PASS" start="2025-02-25T16:26:40.826279" elapsed="0.000111"/>
</kw>
<kw name="Set Variable" owner="BuiltIn">
<msg time="2025-02-25T16:26:40.826545" level="INFO">${input_locator} = xpath=//label[contains(text(),'Email')]/following-sibling::input</msg>
<var>${input_locator}</var>
<arg>xpath=//label[contains(text(),'${label}')]/following-sibling::input</arg>
<doc>Returns the given values which can then be assigned to a variables.</doc>
<status status="PASS" start="2025-02-25T16:26:40.826450" elapsed="0.000109"/>
</kw>
<kw name="Get From Dictionary" owner="Collections">
<msg time="2025-02-25T16:26:40.826707" level="INFO">${value} = lpalmer@timepath.co.uk</msg>
<var>${value}</var>
<arg>${row}</arg>
<arg>${label}</arg>
<doc>Returns a value from the given ``dictionary`` based on the given ``key``.</doc>
<status status="PASS" start="2025-02-25T16:26:40.826615" elapsed="0.000106"/>
</kw>
<kw name="Run Keyword If" owner="BuiltIn">
<kw name="Input Text" owner="SeleniumLibrary">
<msg time="2025-02-25T16:26:40.827004" level="INFO">Typing text 'lpalmer@timepath.co.uk' into text field 'xpath=//label[contains(text(),'Email')]/following-sibling::input'.</msg>
<arg>${input_locator}</arg>
<arg>${value}</arg>
<doc>Types the given ``text`` into the text field identified by ``locator``.</doc>
<status status="PASS" start="2025-02-25T16:26:40.826906" elapsed="0.034808"/>
</kw>
<arg>'${value}' != ''</arg>
<arg>Input Text</arg>
<arg>${input_locator}</arg>
<arg>${value}</arg>
<doc>Runs the given keyword with the given arguments, if ``condition`` is true.</doc>
<status status="PASS" start="2025-02-25T16:26:40.826784" elapsed="0.034999"/>
</kw>
<var name="${field}">&lt;selenium.webdriver.remote.webelement.WebElement (session="e2792176d8c85f3e9a3cec9397acd167", element="f.9335DE9BBF2C47E6D6156AD9C15F27EA.d.263D024BC66A2193D3AE3475E976827E.e.262")&gt;</var>
<status status="PASS" start="2025-02-25T16:26:40.822781" elapsed="0.039032"/>
</iter>
<iter>
<kw name="Get Text" owner="SeleniumLibrary">
<msg time="2025-02-25T16:26:40.865296" level="INFO">${label} = Phone Number</msg>
<var>${label}</var>
<arg>${field}</arg>
<doc>Returns the text value of the element identified by ``locator``.</doc>
<status status="PASS" start="2025-02-25T16:26:40.862002" elapsed="0.003314"/>
</kw>
<kw name="Strip String" owner="String">
<msg time="2025-02-25T16:26:40.865499" level="INFO">${label} = Phone Number</msg>
<var>${label}</var>
<arg>${label}</arg>
<doc>Remove leading and/or trailing whitespaces from the given string.</doc>
<status status="PASS" start="2025-02-25T16:26:40.865400" elapsed="0.000113"/>
</kw>
<kw name="Set Variable" owner="BuiltIn">
<msg time="2025-02-25T16:26:40.865669" level="INFO">${input_locator} = xpath=//label[contains(text(),'Phone Number')]/following-sibling::input</msg>
<var>${input_locator}</var>
<arg>xpath=//label[contains(text(),'${label}')]/following-sibling::input</arg>
<doc>Returns the given values which can then be assigned to a variables.</doc>
<status status="PASS" start="2025-02-25T16:26:40.865572" elapsed="0.000111"/>
</kw>
<kw name="Get From Dictionary" owner="Collections">
<msg time="2025-02-25T16:26:40.865833" level="INFO">${value} = 40731653845</msg>
<var>${value}</var>
<arg>${row}</arg>
<arg>${label}</arg>
<doc>Returns a value from the given ``dictionary`` based on the given ``key``.</doc>
<status status="PASS" start="2025-02-25T16:26:40.865739" elapsed="0.000108"/>
</kw>
<kw name="Run Keyword If" owner="BuiltIn">
<kw name="Input Text" owner="SeleniumLibrary">
<msg time="2025-02-25T16:26:40.866143" level="INFO">Typing text '40731653845' into text field 'xpath=//label[contains(text(),'Phone Number')]/following-sibling::input'.</msg>
<arg>${input_locator}</arg>
<arg>${value}</arg>
<doc>Types the given ``text`` into the text field identified by ``locator``.</doc>
<status status="PASS" start="2025-02-25T16:26:40.866037" elapsed="0.029395"/>
</kw>
<arg>'${value}' != ''</arg>
<arg>Input Text</arg>
<arg>${input_locator}</arg>
<arg>${value}</arg>
<doc>Runs the given keyword with the given arguments, if ``condition`` is true.</doc>
<status status="PASS" start="2025-02-25T16:26:40.865913" elapsed="0.029587"/>
</kw>
<var name="${field}">&lt;selenium.webdriver.remote.webelement.WebElement (session="e2792176d8c85f3e9a3cec9397acd167", element="f.9335DE9BBF2C47E6D6156AD9C15F27EA.d.263D024BC66A2193D3AE3475E976827E.e.263")&gt;</var>
<status status="PASS" start="2025-02-25T16:26:40.861913" elapsed="0.033661"/>
</iter>
<iter>
<kw name="Get Text" owner="SeleniumLibrary">
<msg time="2025-02-25T16:26:40.899030" level="INFO">${label} = Address</msg>
<var>${label}</var>
<arg>${field}</arg>
<doc>Returns the text value of the element identified by ``locator``.</doc>
<status status="PASS" start="2025-02-25T16:26:40.895762" elapsed="0.003290"/>
</kw>
<kw name="Strip String" owner="String">
<msg time="2025-02-25T16:26:40.899245" level="INFO">${label} = Address</msg>
<var>${label}</var>
<arg>${label}</arg>
<doc>Remove leading and/or trailing whitespaces from the given string.</doc>
<status status="PASS" start="2025-02-25T16:26:40.899136" elapsed="0.000123"/>
</kw>
<kw name="Set Variable" owner="BuiltIn">
<msg time="2025-02-25T16:26:40.899418" level="INFO">${input_locator} = xpath=//label[contains(text(),'Address')]/following-sibling::input</msg>
<var>${input_locator}</var>
<arg>xpath=//label[contains(text(),'${label}')]/following-sibling::input</arg>
<doc>Returns the given values which can then be assigned to a variables.</doc>
<status status="PASS" start="2025-02-25T16:26:40.899320" elapsed="0.000112"/>
</kw>
<kw name="Get From Dictionary" owner="Collections">
<msg time="2025-02-25T16:26:40.899585" level="INFO">${value} = 87 Orange Street</msg>
<var>${value}</var>
<arg>${row}</arg>
<arg>${label}</arg>
<doc>Returns a value from the given ``dictionary`` based on the given ``key``.</doc>
<status status="PASS" start="2025-02-25T16:26:40.899492" elapsed="0.000106"/>
</kw>
<kw name="Run Keyword If" owner="BuiltIn">
<kw name="Input Text" owner="SeleniumLibrary">
<msg time="2025-02-25T16:26:40.899886" level="INFO">Typing text '87 Orange Street' into text field 'xpath=//label[contains(text(),'Address')]/following-sibling::input'.</msg>
<arg>${input_locator}</arg>
<arg>${value}</arg>
<doc>Types the given ``text`` into the text field identified by ``locator``.</doc>
<status status="PASS" start="2025-02-25T16:26:40.899784" elapsed="0.030315"/>
</kw>
<arg>'${value}' != ''</arg>
<arg>Input Text</arg>
<arg>${input_locator}</arg>
<arg>${value}</arg>
<doc>Runs the given keyword with the given arguments, if ``condition`` is true.</doc>
<status status="PASS" start="2025-02-25T16:26:40.899662" elapsed="0.030505"/>
</kw>
<var name="${field}">&lt;selenium.webdriver.remote.webelement.WebElement (session="e2792176d8c85f3e9a3cec9397acd167", element="f.9335DE9BBF2C47E6D6156AD9C15F27EA.d.263D024BC66A2193D3AE3475E976827E.e.264")&gt;</var>
<status status="PASS" start="2025-02-25T16:26:40.895675" elapsed="0.034521"/>
</iter>
<iter>
<kw name="Get Text" owner="SeleniumLibrary">
<msg time="2025-02-25T16:26:40.933766" level="INFO">${label} = First Name</msg>
<var>${label}</var>
<arg>${field}</arg>
<doc>Returns the text value of the element identified by ``locator``.</doc>
<status status="PASS" start="2025-02-25T16:26:40.930372" elapsed="0.003422"/>
</kw>
<kw name="Strip String" owner="String">
<msg time="2025-02-25T16:26:40.934004" level="INFO">${label} = First Name</msg>
<var>${label}</var>
<arg>${label}</arg>
<doc>Remove leading and/or trailing whitespaces from the given string.</doc>
<status status="PASS" start="2025-02-25T16:26:40.933887" elapsed="0.000135"/>
</kw>
<kw name="Set Variable" owner="BuiltIn">
<msg time="2025-02-25T16:26:40.934219" level="INFO">${input_locator} = xpath=//label[contains(text(),'First Name')]/following-sibling::input</msg>
<var>${input_locator}</var>
<arg>xpath=//label[contains(text(),'${label}')]/following-sibling::input</arg>
<doc>Returns the given values which can then be assigned to a variables.</doc>
<status status="PASS" start="2025-02-25T16:26:40.934088" elapsed="0.000164"/>
</kw>
<kw name="Get From Dictionary" owner="Collections">
<msg time="2025-02-25T16:26:40.934511" level="INFO">${value} = Lara</msg>
<var>${value}</var>
<arg>${row}</arg>
<arg>${label}</arg>
<doc>Returns a value from the given ``dictionary`` based on the given ``key``.</doc>
<status status="PASS" start="2025-02-25T16:26:40.934368" elapsed="0.000161"/>
</kw>
<kw name="Run Keyword If" owner="BuiltIn">
<kw name="Input Text" owner="SeleniumLibrary">
<msg time="2025-02-25T16:26:40.934887" level="INFO">Typing text 'Lara' into text field 'xpath=//label[contains(text(),'First Name')]/following-sibling::input'.</msg>
<arg>${input_locator}</arg>
<arg>${value}</arg>
<doc>Types the given ``text`` into the text field identified by ``locator``.</doc>
<status status="PASS" start="2025-02-25T16:26:40.934773" elapsed="0.027247"/>
</kw>
<arg>'${value}' != ''</arg>
<arg>Input Text</arg>
<arg>${input_locator}</arg>
<arg>${value}</arg>
<doc>Runs the given keyword with the given arguments, if ``condition`` is true.</doc>
<status status="PASS" start="2025-02-25T16:26:40.934621" elapsed="0.027470"/>
</kw>
<var name="${field}">&lt;selenium.webdriver.remote.webelement.WebElement (session="e2792176d8c85f3e9a3cec9397acd167", element="f.9335DE9BBF2C47E6D6156AD9C15F27EA.d.263D024BC66A2193D3AE3475E976827E.e.265")&gt;</var>
<status status="PASS" start="2025-02-25T16:26:40.930293" elapsed="0.031828"/>
</iter>
<var>${field}</var>
<value>@{fields}</value>
<status status="PASS" start="2025-02-25T16:26:40.725667" elapsed="0.236486"/>
</for>
<kw name="Click Button" owner="SeleniumLibrary">
<msg time="2025-02-25T16:26:40.962378" level="INFO">Clicking button 'xpath=//input[@type='submit']'.</msg>
<arg>xpath=//input[@type='submit']</arg>
<doc>Clicks the button identified by ``locator``.</doc>
<status status="PASS" start="2025-02-25T16:26:40.962253" elapsed="0.025993"/>
</kw>
<arg>${row}</arg>
<status status="PASS" start="2025-02-25T16:26:40.722564" elapsed="0.265758"/>
</kw>
<var name="${row}">{'First Name': 'Lara', 'Last Name': 'Palmer', 'Company Name': 'Timepath Inc.', 'Role in Company': 'Programmer', 'Address': '87 Orange Street', 'Email': 'lpalmer@timepath.co.uk', 'Phone Number': 407316...</var>
<status status="PASS" start="2025-02-25T16:26:40.722452" elapsed="0.265896"/>
</iter>
<var>${row}</var>
<value>@{data}</value>
<status status="PASS" start="2025-02-25T16:26:38.170754" elapsed="2.817623"/>
</for>
<kw name="Log To Console" owner="BuiltIn">
<arg>"*** Formulario completado. El navegador permanecerá abierto. ***"</arg>
<doc>Logs the given message to the console.</doc>
<status status="PASS" start="2025-02-25T16:26:40.988540" elapsed="0.000129"/>
</kw>
<kw name="Sleep" owner="BuiltIn">
<msg time="2025-02-25T16:26:50.989597" level="INFO">Slept 10 seconds.</msg>
<arg>10s</arg>
<doc>Pauses the test executed for the given time.</doc>
<status status="PASS" start="2025-02-25T16:26:40.988762" elapsed="10.001561"/>
</kw>
<kw name="Close Browser" owner="SeleniumLibrary">
<doc>Closes the current browser.</doc>
<status status="PASS" start="2025-02-25T16:26:50.991585" elapsed="0.093896"/>
</kw>
<status status="PASS" start="2025-02-25T16:26:31.180035" elapsed="19.905658"/>
</test>
<status status="PASS" start="2025-02-25T16:26:30.911482" elapsed="20.174563"/>
</suite>
<statistics>
<total>
<stat pass="1" fail="0" skip="0">All Tests</stat>
</total>
<tag>
</tag>
<suite>
<stat name="Challenge" id="s1" pass="1" fail="0" skip="0">Challenge</stat>
</suite>
</statistics>
<errors>
</errors>
</robot>
