<?xml version="1.0" encoding="UTF-8"?>
<robot generator="Robot 7.2.2 (Python 3.10.16 on darwin)" generated="2025-02-25T16:38:54.120050" rpa="false" schemaversion="5">
<suite id="s1" name="Challenge" source="/Users/bruno/Desktop/challenge/Challenge/challenge.robot">
<test id="s1-t1" name="Complete RPA Challenge" line="14">
<kw name="Open Browser" owner="SeleniumLibrary">
<msg time="2025-02-25T16:38:54.408776" level="INFO">Opening browser 'Chrome' to base url 'https://rpachallenge.com/'.</msg>
<arg>${URL}</arg>
<arg>${BROWSER}</arg>
<doc>Opens a new browser instance to the optional ``url``.</doc>
<status status="PASS" start="2025-02-25T16:38:54.408632" elapsed="6.146675"/>
</kw>
<kw name="Maximize Browser Window" owner="SeleniumLibrary">
<doc>Maximizes current browser window.</doc>
<status status="PASS" start="2025-02-25T16:39:00.556616" elapsed="0.348354"/>
</kw>
<kw name="Click Button" owner="SeleniumLibrary">
<msg time="2025-02-25T16:39:00.905738" level="INFO">Clicking button 'xpath=//button[contains(text(),'Start')]'.</msg>
<arg>xpath=//button[contains(text(),'Start')]</arg>
<doc>Clicks the button identified by ``locator``.</doc>
<status status="PASS" start="2025-02-25T16:39:00.905301" elapsed="0.043184"/>
</kw>
<kw name="Read Excel File">
<kw name="Open Workbook" owner="RPA.Excel.Files">
<msg time="2025-02-25T16:39:00.993654" level="INFO">Opened workbook: &lt;RPA.Excel.Files.XlsxWorkbook object at 0x1053408b0&gt;</msg>
<arg>${file_path}</arg>
<doc>Open an existing Excel workbook.</doc>
<status status="PASS" start="2025-02-25T16:39:00.949234" elapsed="0.044488"/>
</kw>
<kw name="Read Worksheet As Table" owner="RPA.Excel.Files">
<msg time="2025-02-25T16:39:01.010384" level="INFO">Created table: Table(columns=['First Name', 'Last Name', 'Company Name', 'Role in Company', 'Address', 'Email', 'Phone Number'], rows=10)</msg>
<msg time="2025-02-25T16:39:01.010559" level="INFO">${data} = Table(columns=['First Name', 'Last Name', 'Company Name', 'Role in Company', 'Address', 'Email', 'Phone Number'], rows=10)</msg>
<var>${data}</var>
<arg>header=True</arg>
<doc>Read the contents of a worksheet into a Table container. Allows
sorting/filtering/manipulating using the ``RPA.Tables`` library.</doc>
<status status="PASS" start="2025-02-25T16:39:00.993850" elapsed="0.016727"/>
</kw>
<kw name="Close Workbook" owner="RPA.Excel.Files">
<msg time="2025-02-25T16:39:01.010738" level="INFO">Closing workbook: &lt;RPA.Excel.Files.XlsxWorkbook object at 0x1053408b0&gt;</msg>
<doc>Close the active workbook.</doc>
<status status="PASS" start="2025-02-25T16:39:01.010668" elapsed="0.000102"/>
</kw>
<return>
<value>${data}</value>
<status status="PASS" start="2025-02-25T16:39:01.010800" elapsed="0.000039"/>
</return>
<msg time="2025-02-25T16:39:01.010922" level="INFO">${data} = Table(columns=['First Name', 'Last Name', 'Company Name', 'Role in Company', 'Address', 'Email', 'Phone Number'], rows=10)</msg>
<var>${data}</var>
<arg>${EXCEL}</arg>
<status status="PASS" start="2025-02-25T16:39:00.948906" elapsed="0.062032"/>
</kw>
<for flavor="IN">
<iter>
<kw name="Fill And Submit Form">
<kw name="Get WebElements" owner="SeleniumLibrary">
<msg time="2025-02-25T16:39:01.016542" level="INFO">${fields} = [&lt;selenium.webdriver.remote.webelement.WebElement (session="da2639537b2489088dd502763e4a2f69", element="f.78C0B2171B473CFA53C8E306C1E88DFF.d.256DCBBE6A643237C57888BC80A6B3BD.e.57")&gt;, &lt;selenium.webdriv...</msg>
<var>${fields}</var>
<arg>//label</arg>
<doc>Returns a list of WebElement objects matching the ``locator``.</doc>
<status status="PASS" start="2025-02-25T16:39:01.011495" elapsed="0.005072"/>
</kw>
<for flavor="IN">
<iter>
<kw name="Get Text" owner="SeleniumLibrary">
<msg time="2025-02-25T16:39:01.022622" level="INFO">${label} = Phone Number</msg>
<var>${label}</var>
<arg>${field}</arg>
<doc>Returns the text value of the element identified by ``locator``.</doc>
<status status="PASS" start="2025-02-25T16:39:01.016774" elapsed="0.005869"/>
</kw>
<kw name="Strip String" owner="String">
<msg time="2025-02-25T16:39:01.022828" level="INFO">${label} = Phone Number</msg>
<var>${label}</var>
<arg>${label}</arg>
<doc>Remove leading and/or trailing whitespaces from the given string.</doc>
<status status="PASS" start="2025-02-25T16:39:01.022723" elapsed="0.000120"/>
</kw>
<kw name="Set Variable" owner="BuiltIn">
<msg time="2025-02-25T16:39:01.023063" level="INFO">${input_locator} = xpath=//label[contains(text(),'Phone Number')]/following-sibling::input</msg>
<var>${input_locator}</var>
<arg>xpath=//label[contains(text(),'${label}')]/following-sibling::input</arg>
<doc>Returns the given values which can then be assigned to a variables.</doc>
<status status="PASS" start="2025-02-25T16:39:01.022922" elapsed="0.000157"/>
</kw>
<kw name="Get From Dictionary" owner="Collections">
<msg time="2025-02-25T16:39:01.023265" level="INFO">${value} = 40716543298</msg>
<var>${value}</var>
<arg>${row}</arg>
<arg>${label}</arg>
<doc>Returns a value from the given ``dictionary`` based on the given ``key``.</doc>
<status status="PASS" start="2025-02-25T16:39:01.023151" elapsed="0.000129"/>
</kw>
<kw name="Run Keyword If" owner="BuiltIn">
<kw name="Input Text" owner="SeleniumLibrary">
<msg time="2025-02-25T16:39:01.023645" level="INFO">Typing text '40716543298' into text field 'xpath=//label[contains(text(),'Phone Number')]/following-sibling::input'.</msg>
<arg>${input_locator}</arg>
<arg>${value}</arg>
<doc>Types the given ``text`` into the text field identified by ``locator``.</doc>
<status status="PASS" start="2025-02-25T16:39:01.023520" elapsed="0.102357"/>
</kw>
<arg>'${value}' != ''</arg>
<arg>Input Text</arg>
<arg>${input_locator}</arg>
<arg>${value}</arg>
<doc>Runs the given keyword with the given arguments, if ``condition`` is true.</doc>
<status status="PASS" start="2025-02-25T16:39:01.023359" elapsed="0.102709"/>
</kw>
<var name="${field}">&lt;selenium.webdriver.remote.webelement.WebElement (session="da2639537b2489088dd502763e4a2f69", element="f.78C0B2171B473CFA53C8E306C1E88DFF.d.256DCBBE6A643237C57888BC80A6B3BD.e.57")&gt;</var>
<status status="PASS" start="2025-02-25T16:39:01.016706" elapsed="0.109405"/>
</iter>
<iter>
<kw name="Get Text" owner="SeleniumLibrary">
<msg time="2025-02-25T16:39:01.133101" level="INFO">${label} = Email</msg>
<var>${label}</var>
<arg>${field}</arg>
<doc>Returns the text value of the element identified by ``locator``.</doc>
<status status="PASS" start="2025-02-25T16:39:01.126377" elapsed="0.006750"/>
</kw>
<kw name="Strip String" owner="String">
<msg time="2025-02-25T16:39:01.133339" level="INFO">${label} = Email</msg>
<var>${label}</var>
<arg>${label}</arg>
<doc>Remove leading and/or trailing whitespaces from the given string.</doc>
<status status="PASS" start="2025-02-25T16:39:01.133224" elapsed="0.000132"/>
</kw>
<kw name="Set Variable" owner="BuiltIn">
<msg time="2025-02-25T16:39:01.133530" level="INFO">${input_locator} = xpath=//label[contains(text(),'Email')]/following-sibling::input</msg>
<var>${input_locator}</var>
<arg>xpath=//label[contains(text(),'${label}')]/following-sibling::input</arg>
<doc>Returns the given values which can then be assigned to a variables.</doc>
<status status="PASS" start="2025-02-25T16:39:01.133424" elapsed="0.000122"/>
</kw>
<kw name="Get From Dictionary" owner="Collections">
<msg time="2025-02-25T16:39:01.133718" level="INFO">${value} = jsmith@itsolutions.co.uk</msg>
<var>${value}</var>
<arg>${row}</arg>
<arg>${label}</arg>
<doc>Returns a value from the given ``dictionary`` based on the given ``key``.</doc>
<status status="PASS" start="2025-02-25T16:39:01.133609" elapsed="0.000124"/>
</kw>
<kw name="Run Keyword If" owner="BuiltIn">
<kw name="Input Text" owner="SeleniumLibrary">
<msg time="2025-02-25T16:39:01.134064" level="INFO">Typing text 'jsmith@itsolutions.co.uk' into text field 'xpath=//label[contains(text(),'Email')]/following-sibling::input'.</msg>
<arg>${input_locator}</arg>
<arg>${value}</arg>
<doc>Types the given ``text`` into the text field identified by ``locator``.</doc>
<status status="PASS" start="2025-02-25T16:39:01.133945" elapsed="0.046184"/>
</kw>
<arg>'${value}' != ''</arg>
<arg>Input Text</arg>
<arg>${input_locator}</arg>
<arg>${value}</arg>
<doc>Runs the given keyword with the given arguments, if ``condition`` is true.</doc>
<status status="PASS" start="2025-02-25T16:39:01.133805" elapsed="0.046402"/>
</kw>
<var name="${field}">&lt;selenium.webdriver.remote.webelement.WebElement (session="da2639537b2489088dd502763e4a2f69", element="f.78C0B2171B473CFA53C8E306C1E88DFF.d.256DCBBE6A643237C57888BC80A6B3BD.e.58")&gt;</var>
<status status="PASS" start="2025-02-25T16:39:01.126254" elapsed="0.054061"/>
</iter>
<iter>
<kw name="Get Text" owner="SeleniumLibrary">
<msg time="2025-02-25T16:39:01.185065" level="INFO">${label} = Address</msg>
<var>${label}</var>
<arg>${field}</arg>
<doc>Returns the text value of the element identified by ``locator``.</doc>
<status status="PASS" start="2025-02-25T16:39:01.180536" elapsed="0.004592"/>
</kw>
<kw name="Strip String" owner="String">
<msg time="2025-02-25T16:39:01.185417" level="INFO">${label} = Address</msg>
<var>${label}</var>
<arg>${label}</arg>
<doc>Remove leading and/or trailing whitespaces from the given string.</doc>
<status status="PASS" start="2025-02-25T16:39:01.185274" elapsed="0.000164"/>
</kw>
<kw name="Set Variable" owner="BuiltIn">
<msg time="2025-02-25T16:39:01.185648" level="INFO">${input_locator} = xpath=//label[contains(text(),'Address')]/following-sibling::input</msg>
<var>${input_locator}</var>
<arg>xpath=//label[contains(text(),'${label}')]/following-sibling::input</arg>
<doc>Returns the given values which can then be assigned to a variables.</doc>
<status status="PASS" start="2025-02-25T16:39:01.185518" elapsed="0.000148"/>
</kw>
<kw name="Get From Dictionary" owner="Collections">
<msg time="2025-02-25T16:39:01.185862" level="INFO">${value} = 98 North Road</msg>
<var>${value}</var>
<arg>${row}</arg>
<arg>${label}</arg>
<doc>Returns a value from the given ``dictionary`` based on the given ``key``.</doc>
<status status="PASS" start="2025-02-25T16:39:01.185736" elapsed="0.000146"/>
</kw>
<kw name="Run Keyword If" owner="BuiltIn">
<kw name="Input Text" owner="SeleniumLibrary">
<msg time="2025-02-25T16:39:01.186260" level="INFO">Typing text '98 North Road' into text field 'xpath=//label[contains(text(),'Address')]/following-sibling::input'.</msg>
<arg>${input_locator}</arg>
<arg>${value}</arg>
<doc>Types the given ``text`` into the text field identified by ``locator``.</doc>
<status status="PASS" start="2025-02-25T16:39:01.186126" elapsed="0.030672"/>
</kw>
<arg>'${value}' != ''</arg>
<arg>Input Text</arg>
<arg>${input_locator}</arg>
<arg>${value}</arg>
<doc>Runs the given keyword with the given arguments, if ``condition`` is true.</doc>
<status status="PASS" start="2025-02-25T16:39:01.185968" elapsed="0.030899"/>
</kw>
<var name="${field}">&lt;selenium.webdriver.remote.webelement.WebElement (session="da2639537b2489088dd502763e4a2f69", element="f.78C0B2171B473CFA53C8E306C1E88DFF.d.256DCBBE6A643237C57888BC80A6B3BD.e.59")&gt;</var>
<status status="PASS" start="2025-02-25T16:39:01.180435" elapsed="0.036467"/>
</iter>
<iter>
<kw name="Get Text" owner="SeleniumLibrary">
<msg time="2025-02-25T16:39:01.220841" level="INFO">${label} = Last Name</msg>
<var>${label}</var>
<arg>${field}</arg>
<doc>Returns the text value of the element identified by ``locator``.</doc>
<status status="PASS" start="2025-02-25T16:39:01.217091" elapsed="0.003775"/>
</kw>
<kw name="Strip String" owner="String">
<msg time="2025-02-25T16:39:01.221060" level="INFO">${label} = Last Name</msg>
<var>${label}</var>
<arg>${label}</arg>
<doc>Remove leading and/or trailing whitespaces from the given string.</doc>
<status status="PASS" start="2025-02-25T16:39:01.220956" elapsed="0.000119"/>
</kw>
<kw name="Set Variable" owner="BuiltIn">
<msg time="2025-02-25T16:39:01.221236" level="INFO">${input_locator} = xpath=//label[contains(text(),'Last Name')]/following-sibling::input</msg>
<var>${input_locator}</var>
<arg>xpath=//label[contains(text(),'${label}')]/following-sibling::input</arg>
<doc>Returns the given values which can then be assigned to a variables.</doc>
<status status="PASS" start="2025-02-25T16:39:01.221138" elapsed="0.000112"/>
</kw>
<kw name="Get From Dictionary" owner="Collections">
<msg time="2025-02-25T16:39:01.221407" level="INFO">${value} = Smith</msg>
<var>${value}</var>
<arg>${row}</arg>
<arg>${label}</arg>
<doc>Returns a value from the given ``dictionary`` based on the given ``key``.</doc>
<status status="PASS" start="2025-02-25T16:39:01.221310" elapsed="0.000112"/>
</kw>
<kw name="Run Keyword If" owner="BuiltIn">
<kw name="Input Text" owner="SeleniumLibrary">
<msg time="2025-02-25T16:39:01.221727" level="INFO">Typing text 'Smith' into text field 'xpath=//label[contains(text(),'Last Name')]/following-sibling::input'.</msg>
<arg>${input_locator}</arg>
<arg>${value}</arg>
<doc>Types the given ``text`` into the text field identified by ``locator``.</doc>
<status status="PASS" start="2025-02-25T16:39:01.221620" elapsed="0.031186"/>
</kw>
<arg>'${value}' != ''</arg>
<arg>Input Text</arg>
<arg>${input_locator}</arg>
<arg>${value}</arg>
<doc>Runs the given keyword with the given arguments, if ``condition`` is true.</doc>
<status status="PASS" start="2025-02-25T16:39:01.221488" elapsed="0.031421"/>
</kw>
<var name="${field}">&lt;selenium.webdriver.remote.webelement.WebElement (session="da2639537b2489088dd502763e4a2f69", element="f.78C0B2171B473CFA53C8E306C1E88DFF.d.256DCBBE6A643237C57888BC80A6B3BD.e.60")&gt;</var>
<status status="PASS" start="2025-02-25T16:39:01.217009" elapsed="0.035968"/>
</iter>
<iter>
<kw name="Get Text" owner="SeleniumLibrary">
<msg time="2025-02-25T16:39:01.256352" level="INFO">${label} = Company Name</msg>
<var>${label}</var>
<arg>${field}</arg>
<doc>Returns the text value of the element identified by ``locator``.</doc>
<status status="PASS" start="2025-02-25T16:39:01.253198" elapsed="0.003181"/>
</kw>
<kw name="Strip String" owner="String">
<msg time="2025-02-25T16:39:01.256582" level="INFO">${label} = Company Name</msg>
<var>${label}</var>
<arg>${label}</arg>
<doc>Remove leading and/or trailing whitespaces from the given string.</doc>
<status status="PASS" start="2025-02-25T16:39:01.256476" elapsed="0.000121"/>
</kw>
<kw name="Set Variable" owner="BuiltIn">
<msg time="2025-02-25T16:39:01.256758" level="INFO">${input_locator} = xpath=//label[contains(text(),'Company Name')]/following-sibling::input</msg>
<var>${input_locator}</var>
<arg>xpath=//label[contains(text(),'${label}')]/following-sibling::input</arg>
<doc>Returns the given values which can then be assigned to a variables.</doc>
<status status="PASS" start="2025-02-25T16:39:01.256660" elapsed="0.000113"/>
</kw>
<kw name="Get From Dictionary" owner="Collections">
<msg time="2025-02-25T16:39:01.256926" level="INFO">${value} = IT Solutions</msg>
<var>${value}</var>
<arg>${row}</arg>
<arg>${label}</arg>
<doc>Returns a value from the given ``dictionary`` based on the given ``key``.</doc>
<status status="PASS" start="2025-02-25T16:39:01.256832" elapsed="0.000108"/>
</kw>
<kw name="Run Keyword If" owner="BuiltIn">
<kw name="Input Text" owner="SeleniumLibrary">
<msg time="2025-02-25T16:39:01.257238" level="INFO">Typing text 'IT Solutions' into text field 'xpath=//label[contains(text(),'Company Name')]/following-sibling::input'.</msg>
<arg>${input_locator}</arg>
<arg>${value}</arg>
<doc>Types the given ``text`` into the text field identified by ``locator``.</doc>
<status status="PASS" start="2025-02-25T16:39:01.257132" elapsed="0.032437"/>
</kw>
<arg>'${value}' != ''</arg>
<arg>Input Text</arg>
<arg>${input_locator}</arg>
<arg>${value}</arg>
<doc>Runs the given keyword with the given arguments, if ``condition`` is true.</doc>
<status status="PASS" start="2025-02-25T16:39:01.257006" elapsed="0.032634"/>
</kw>
<var name="${field}">&lt;selenium.webdriver.remote.webelement.WebElement (session="da2639537b2489088dd502763e4a2f69", element="f.78C0B2171B473CFA53C8E306C1E88DFF.d.256DCBBE6A643237C57888BC80A6B3BD.e.61")&gt;</var>
<status status="PASS" start="2025-02-25T16:39:01.253100" elapsed="0.036573"/>
</iter>
<iter>
<kw name="Get Text" owner="SeleniumLibrary">
<msg time="2025-02-25T16:39:01.293248" level="INFO">${label} = Role in Company</msg>
<var>${label}</var>
<arg>${field}</arg>
<doc>Returns the text value of the element identified by ``locator``.</doc>
<status status="PASS" start="2025-02-25T16:39:01.289860" elapsed="0.003454"/>
</kw>
<kw name="Strip String" owner="String">
<msg time="2025-02-25T16:39:01.293500" level="INFO">${label} = Role in Company</msg>
<var>${label}</var>
<arg>${label}</arg>
<doc>Remove leading and/or trailing whitespaces from the given string.</doc>
<status status="PASS" start="2025-02-25T16:39:01.293399" elapsed="0.000115"/>
</kw>
<kw name="Set Variable" owner="BuiltIn">
<msg time="2025-02-25T16:39:01.293675" level="INFO">${input_locator} = xpath=//label[contains(text(),'Role in Company')]/following-sibling::input</msg>
<var>${input_locator}</var>
<arg>xpath=//label[contains(text(),'${label}')]/following-sibling::input</arg>
<doc>Returns the given values which can then be assigned to a variables.</doc>
<status status="PASS" start="2025-02-25T16:39:01.293578" elapsed="0.000111"/>
</kw>
<kw name="Get From Dictionary" owner="Collections">
<msg time="2025-02-25T16:39:01.293843" level="INFO">${value} = Analyst</msg>
<var>${value}</var>
<arg>${row}</arg>
<arg>${label}</arg>
<doc>Returns a value from the given ``dictionary`` based on the given ``key``.</doc>
<status status="PASS" start="2025-02-25T16:39:01.293748" elapsed="0.000109"/>
</kw>
<kw name="Run Keyword If" owner="BuiltIn">
<kw name="Input Text" owner="SeleniumLibrary">
<msg time="2025-02-25T16:39:01.294154" level="INFO">Typing text 'Analyst' into text field 'xpath=//label[contains(text(),'Role in Company')]/following-sibling::input'.</msg>
<arg>${input_locator}</arg>
<arg>${value}</arg>
<doc>Types the given ``text`` into the text field identified by ``locator``.</doc>
<status status="PASS" start="2025-02-25T16:39:01.294049" elapsed="0.033973"/>
</kw>
<arg>'${value}' != ''</arg>
<arg>Input Text</arg>
<arg>${input_locator}</arg>
<arg>${value}</arg>
<doc>Runs the given keyword with the given arguments, if ``condition`` is true.</doc>
<status status="PASS" start="2025-02-25T16:39:01.293922" elapsed="0.034186"/>
</kw>
<var name="${field}">&lt;selenium.webdriver.remote.webelement.WebElement (session="da2639537b2489088dd502763e4a2f69", element="f.78C0B2171B473CFA53C8E306C1E88DFF.d.256DCBBE6A643237C57888BC80A6B3BD.e.62")&gt;</var>
<status status="PASS" start="2025-02-25T16:39:01.289775" elapsed="0.038368"/>
</iter>
<iter>
<kw name="Get Text" owner="SeleniumLibrary">
<msg time="2025-02-25T16:39:01.332936" level="INFO">${label} = First Name</msg>
<var>${label}</var>
<arg>${field}</arg>
<doc>Returns the text value of the element identified by ``locator``.</doc>
<status status="PASS" start="2025-02-25T16:39:01.328355" elapsed="0.004611"/>
</kw>
<kw name="Strip String" owner="String">
<msg time="2025-02-25T16:39:01.333186" level="INFO">${label} = First Name</msg>
<var>${label}</var>
<arg>${label}</arg>
<doc>Remove leading and/or trailing whitespaces from the given string.</doc>
<status status="PASS" start="2025-02-25T16:39:01.333071" elapsed="0.000130"/>
</kw>
<kw name="Set Variable" owner="BuiltIn">
<msg time="2025-02-25T16:39:01.333370" level="INFO">${input_locator} = xpath=//label[contains(text(),'First Name')]/following-sibling::input</msg>
<var>${input_locator}</var>
<arg>xpath=//label[contains(text(),'${label}')]/following-sibling::input</arg>
<doc>Returns the given values which can then be assigned to a variables.</doc>
<status status="PASS" start="2025-02-25T16:39:01.333272" elapsed="0.000113"/>
</kw>
<kw name="Get From Dictionary" owner="Collections">
<msg time="2025-02-25T16:39:01.333538" level="INFO">${value} = John</msg>
<var>${value}</var>
<arg>${row}</arg>
<arg>${label}</arg>
<doc>Returns a value from the given ``dictionary`` based on the given ``key``.</doc>
<status status="PASS" start="2025-02-25T16:39:01.333443" elapsed="0.000109"/>
</kw>
<kw name="Run Keyword If" owner="BuiltIn">
<kw name="Input Text" owner="SeleniumLibrary">
<msg time="2025-02-25T16:39:01.333856" level="INFO">Typing text 'John' into text field 'xpath=//label[contains(text(),'First Name')]/following-sibling::input'.</msg>
<arg>${input_locator}</arg>
<arg>${value}</arg>
<doc>Types the given ``text`` into the text field identified by ``locator``.</doc>
<status status="PASS" start="2025-02-25T16:39:01.333746" elapsed="0.029895"/>
</kw>
<arg>'${value}' != ''</arg>
<arg>Input Text</arg>
<arg>${input_locator}</arg>
<arg>${value}</arg>
<doc>Runs the given keyword with the given arguments, if ``condition`` is true.</doc>
<status status="PASS" start="2025-02-25T16:39:01.333619" elapsed="0.030095"/>
</kw>
<var name="${field}">&lt;selenium.webdriver.remote.webelement.WebElement (session="da2639537b2489088dd502763e4a2f69", element="f.78C0B2171B473CFA53C8E306C1E88DFF.d.256DCBBE6A643237C57888BC80A6B3BD.e.63")&gt;</var>
<status status="PASS" start="2025-02-25T16:39:01.328254" elapsed="0.035493"/>
</iter>
<var>${field}</var>
<value>@{fields}</value>
<status status="PASS" start="2025-02-25T16:39:01.016615" elapsed="0.347171"/>
</for>
<kw name="Click Button" owner="SeleniumLibrary">
<msg time="2025-02-25T16:39:01.364017" level="INFO">Clicking button 'xpath=//input[@type='submit']'.</msg>
<arg>xpath=//input[@type='submit']</arg>
<doc>Clicks the button identified by ``locator``.</doc>
<status status="PASS" start="2025-02-25T16:39:01.363890" elapsed="0.031602"/>
</kw>
<arg>${row}</arg>
<status status="PASS" start="2025-02-25T16:39:01.011331" elapsed="0.384248"/>
</kw>
<var name="${row}">{'First Name': 'John', 'Last Name': 'Smith', 'Company Name': 'IT Solutions', 'Role in Company': 'Analyst', 'Address': '98 North Road', 'Email': 'jsmith@itsolutions.co.uk', 'Phone Number': 40716543298}</var>
<status status="PASS" start="2025-02-25T16:39:01.011190" elapsed="0.384418"/>
</iter>
<iter>
<kw name="Fill And Submit Form">
<kw name="Get WebElements" owner="SeleniumLibrary">
<msg time="2025-02-25T16:39:01.399255" level="INFO">${fields} = [&lt;selenium.webdriver.remote.webelement.WebElement (session="da2639537b2489088dd502763e4a2f69", element="f.78C0B2171B473CFA53C8E306C1E88DFF.d.256DCBBE6A643237C57888BC80A6B3BD.e.87")&gt;, &lt;selenium.webdriv...</msg>
<var>${fields}</var>
<arg>//label</arg>
<doc>Returns a list of WebElement objects matching the ``locator``.</doc>
<status status="PASS" start="2025-02-25T16:39:01.396004" elapsed="0.003277"/>
</kw>
<for flavor="IN">
<iter>
<kw name="Get Text" owner="SeleniumLibrary">
<msg time="2025-02-25T16:39:01.404209" level="INFO">${label} = Company Name</msg>
<var>${label}</var>
<arg>${field}</arg>
<doc>Returns the text value of the element identified by ``locator``.</doc>
<status status="PASS" start="2025-02-25T16:39:01.399492" elapsed="0.004743"/>
</kw>
<kw name="Strip String" owner="String">
<msg time="2025-02-25T16:39:01.404435" level="INFO">${label} = Company Name</msg>
<var>${label}</var>
<arg>${label}</arg>
<doc>Remove leading and/or trailing whitespaces from the given string.</doc>
<status status="PASS" start="2025-02-25T16:39:01.404327" elapsed="0.000123"/>
</kw>
<kw name="Set Variable" owner="BuiltIn">
<msg time="2025-02-25T16:39:01.404614" level="INFO">${input_locator} = xpath=//label[contains(text(),'Company Name')]/following-sibling::input</msg>
<var>${input_locator}</var>
<arg>xpath=//label[contains(text(),'${label}')]/following-sibling::input</arg>
<doc>Returns the given values which can then be assigned to a variables.</doc>
<status status="PASS" start="2025-02-25T16:39:01.404515" elapsed="0.000114"/>
</kw>
<kw name="Get From Dictionary" owner="Collections">
<msg time="2025-02-25T16:39:01.404783" level="INFO">${value} = MediCare</msg>
<var>${value}</var>
<arg>${row}</arg>
<arg>${label}</arg>
<doc>Returns a value from the given ``dictionary`` based on the given ``key``.</doc>
<status status="PASS" start="2025-02-25T16:39:01.404689" elapsed="0.000109"/>
</kw>
<kw name="Run Keyword If" owner="BuiltIn">
<kw name="Input Text" owner="SeleniumLibrary">
<msg time="2025-02-25T16:39:01.405122" level="INFO">Typing text 'MediCare' into text field 'xpath=//label[contains(text(),'Company Name')]/following-sibling::input'.</msg>
<arg>${input_locator}</arg>
<arg>${value}</arg>
<doc>Types the given ``text`` into the text field identified by ``locator``.</doc>
<status status="PASS" start="2025-02-25T16:39:01.405003" elapsed="0.028195"/>
</kw>
<arg>'${value}' != ''</arg>
<arg>Input Text</arg>
<arg>${input_locator}</arg>
<arg>${value}</arg>
<doc>Runs the given keyword with the given arguments, if ``condition`` is true.</doc>
<status status="PASS" start="2025-02-25T16:39:01.404869" elapsed="0.028453"/>
</kw>
<var name="${field}">&lt;selenium.webdriver.remote.webelement.WebElement (session="da2639537b2489088dd502763e4a2f69", element="f.78C0B2171B473CFA53C8E306C1E88DFF.d.256DCBBE6A643237C57888BC80A6B3BD.e.87")&gt;</var>
<status status="PASS" start="2025-02-25T16:39:01.399426" elapsed="0.033928"/>
</iter>
<iter>
<kw name="Get Text" owner="SeleniumLibrary">
<msg time="2025-02-25T16:39:01.437173" level="INFO">${label} = Last Name</msg>
<var>${label}</var>
<arg>${field}</arg>
<doc>Returns the text value of the element identified by ``locator``.</doc>
<status status="PASS" start="2025-02-25T16:39:01.433529" elapsed="0.003668"/>
</kw>
<kw name="Strip String" owner="String">
<msg time="2025-02-25T16:39:01.437386" level="INFO">${label} = Last Name</msg>
<var>${label}</var>
<arg>${label}</arg>
<doc>Remove leading and/or trailing whitespaces from the given string.</doc>
<status status="PASS" start="2025-02-25T16:39:01.437284" elapsed="0.000118"/>
</kw>
<kw name="Set Variable" owner="BuiltIn">
<msg time="2025-02-25T16:39:01.437566" level="INFO">${input_locator} = xpath=//label[contains(text(),'Last Name')]/following-sibling::input</msg>
<var>${input_locator}</var>
<arg>xpath=//label[contains(text(),'${label}')]/following-sibling::input</arg>
<doc>Returns the given values which can then be assigned to a variables.</doc>
<status status="PASS" start="2025-02-25T16:39:01.437466" elapsed="0.000114"/>
</kw>
<kw name="Get From Dictionary" owner="Collections">
<msg time="2025-02-25T16:39:01.437738" level="INFO">${value} = Dorsey</msg>
<var>${value}</var>
<arg>${row}</arg>
<arg>${label}</arg>
<doc>Returns a value from the given ``dictionary`` based on the given ``key``.</doc>
<status status="PASS" start="2025-02-25T16:39:01.437640" elapsed="0.000112"/>
</kw>
<kw name="Run Keyword If" owner="BuiltIn">
<kw name="Input Text" owner="SeleniumLibrary">
<msg time="2025-02-25T16:39:01.438044" level="INFO">Typing text 'Dorsey' into text field 'xpath=//label[contains(text(),'Last Name')]/following-sibling::input'.</msg>
<arg>${input_locator}</arg>
<arg>${value}</arg>
<doc>Types the given ``text`` into the text field identified by ``locator``.</doc>
<status status="PASS" start="2025-02-25T16:39:01.437942" elapsed="0.027644"/>
</kw>
<arg>'${value}' != ''</arg>
<arg>Input Text</arg>
<arg>${input_locator}</arg>
<arg>${value}</arg>
<doc>Runs the given keyword with the given arguments, if ``condition`` is true.</doc>
<status status="PASS" start="2025-02-25T16:39:01.437817" elapsed="0.027842"/>
</kw>
<var name="${field}">&lt;selenium.webdriver.remote.webelement.WebElement (session="da2639537b2489088dd502763e4a2f69", element="f.78C0B2171B473CFA53C8E306C1E88DFF.d.256DCBBE6A643237C57888BC80A6B3BD.e.88")&gt;</var>
<status status="PASS" start="2025-02-25T16:39:01.433450" elapsed="0.032243"/>
</iter>
<iter>
<kw name="Get Text" owner="SeleniumLibrary">
<msg time="2025-02-25T16:39:01.469451" level="INFO">${label} = Email</msg>
<var>${label}</var>
<arg>${field}</arg>
<doc>Returns the text value of the element identified by ``locator``.</doc>
<status status="PASS" start="2025-02-25T16:39:01.465886" elapsed="0.003591"/>
</kw>
<kw name="Strip String" owner="String">
<msg time="2025-02-25T16:39:01.469682" level="INFO">${label} = Email</msg>
<var>${label}</var>
<arg>${label}</arg>
<doc>Remove leading and/or trailing whitespaces from the given string.</doc>
<status status="PASS" start="2025-02-25T16:39:01.469571" elapsed="0.000127"/>
</kw>
<kw name="Set Variable" owner="BuiltIn">
<msg time="2025-02-25T16:39:01.469870" level="INFO">${input_locator} = xpath=//label[contains(text(),'Email')]/following-sibling::input</msg>
<var>${input_locator}</var>
<arg>xpath=//label[contains(text(),'${label}')]/following-sibling::input</arg>
<doc>Returns the given values which can then be assigned to a variables.</doc>
<status status="PASS" start="2025-02-25T16:39:01.469765" elapsed="0.000120"/>
</kw>
<kw name="Get From Dictionary" owner="Collections">
<msg time="2025-02-25T16:39:01.470042" level="INFO">${value} = jdorsey@mc.com</msg>
<var>${value}</var>
<arg>${row}</arg>
<arg>${label}</arg>
<doc>Returns a value from the given ``dictionary`` based on the given ``key``.</doc>
<status status="PASS" start="2025-02-25T16:39:01.469945" elapsed="0.000111"/>
</kw>
<kw name="Run Keyword If" owner="BuiltIn">
<kw name="Input Text" owner="SeleniumLibrary">
<msg time="2025-02-25T16:39:01.470357" level="INFO">Typing text 'jdorsey@mc.com' into text field 'xpath=//label[contains(text(),'Email')]/following-sibling::input'.</msg>
<arg>${input_locator}</arg>
<arg>${value}</arg>
<doc>Types the given ``text`` into the text field identified by ``locator``.</doc>
<status status="PASS" start="2025-02-25T16:39:01.470250" elapsed="0.030123"/>
</kw>
<arg>'${value}' != ''</arg>
<arg>Input Text</arg>
<arg>${input_locator}</arg>
<arg>${value}</arg>
<doc>Runs the given keyword with the given arguments, if ``condition`` is true.</doc>
<status status="PASS" start="2025-02-25T16:39:01.470123" elapsed="0.030319"/>
</kw>
<var name="${field}">&lt;selenium.webdriver.remote.webelement.WebElement (session="da2639537b2489088dd502763e4a2f69", element="f.78C0B2171B473CFA53C8E306C1E88DFF.d.256DCBBE6A643237C57888BC80A6B3BD.e.89")&gt;</var>
<status status="PASS" start="2025-02-25T16:39:01.465799" elapsed="0.034676"/>
</iter>
<iter>
<kw name="Get Text" owner="SeleniumLibrary">
<msg time="2025-02-25T16:39:01.504366" level="INFO">${label} = First Name</msg>
<var>${label}</var>
<arg>${field}</arg>
<doc>Returns the text value of the element identified by ``locator``.</doc>
<status status="PASS" start="2025-02-25T16:39:01.500659" elapsed="0.003732"/>
</kw>
<kw name="Strip String" owner="String">
<msg time="2025-02-25T16:39:01.504585" level="INFO">${label} = First Name</msg>
<var>${label}</var>
<arg>${label}</arg>
<doc>Remove leading and/or trailing whitespaces from the given string.</doc>
<status status="PASS" start="2025-02-25T16:39:01.504481" elapsed="0.000119"/>
</kw>
<kw name="Set Variable" owner="BuiltIn">
<msg time="2025-02-25T16:39:01.504762" level="INFO">${input_locator} = xpath=//label[contains(text(),'First Name')]/following-sibling::input</msg>
<var>${input_locator}</var>
<arg>xpath=//label[contains(text(),'${label}')]/following-sibling::input</arg>
<doc>Returns the given values which can then be assigned to a variables.</doc>
<status status="PASS" start="2025-02-25T16:39:01.504664" elapsed="0.000113"/>
</kw>
<kw name="Get From Dictionary" owner="Collections">
<msg time="2025-02-25T16:39:01.504933" level="INFO">${value} = Jane</msg>
<var>${value}</var>
<arg>${row}</arg>
<arg>${label}</arg>
<doc>Returns a value from the given ``dictionary`` based on the given ``key``.</doc>
<status status="PASS" start="2025-02-25T16:39:01.504836" elapsed="0.000111"/>
</kw>
<kw name="Run Keyword If" owner="BuiltIn">
<kw name="Input Text" owner="SeleniumLibrary">
<msg time="2025-02-25T16:39:01.505246" level="INFO">Typing text 'Jane' into text field 'xpath=//label[contains(text(),'First Name')]/following-sibling::input'.</msg>
<arg>${input_locator}</arg>
<arg>${value}</arg>
<doc>Types the given ``text`` into the text field identified by ``locator``.</doc>
<status status="PASS" start="2025-02-25T16:39:01.505139" elapsed="0.028383"/>
</kw>
<arg>'${value}' != ''</arg>
<arg>Input Text</arg>
<arg>${input_locator}</arg>
<arg>${value}</arg>
<doc>Runs the given keyword with the given arguments, if ``condition`` is true.</doc>
<status status="PASS" start="2025-02-25T16:39:01.505013" elapsed="0.028583"/>
</kw>
<var name="${field}">&lt;selenium.webdriver.remote.webelement.WebElement (session="da2639537b2489088dd502763e4a2f69", element="f.78C0B2171B473CFA53C8E306C1E88DFF.d.256DCBBE6A643237C57888BC80A6B3BD.e.90")&gt;</var>
<status status="PASS" start="2025-02-25T16:39:01.500576" elapsed="0.033055"/>
</iter>
<iter>
<kw name="Get Text" owner="SeleniumLibrary">
<msg time="2025-02-25T16:39:01.537649" level="INFO">${label} = Address</msg>
<var>${label}</var>
<arg>${field}</arg>
<doc>Returns the text value of the element identified by ``locator``.</doc>
<status status="PASS" start="2025-02-25T16:39:01.533879" elapsed="0.003795"/>
</kw>
<kw name="Strip String" owner="String">
<msg time="2025-02-25T16:39:01.537870" level="INFO">${label} = Address</msg>
<var>${label}</var>
<arg>${label}</arg>
<doc>Remove leading and/or trailing whitespaces from the given string.</doc>
<status status="PASS" start="2025-02-25T16:39:01.537765" elapsed="0.000120"/>
</kw>
<kw name="Set Variable" owner="BuiltIn">
<msg time="2025-02-25T16:39:01.538046" level="INFO">${input_locator} = xpath=//label[contains(text(),'Address')]/following-sibling::input</msg>
<var>${input_locator}</var>
<arg>xpath=//label[contains(text(),'${label}')]/following-sibling::input</arg>
<doc>Returns the given values which can then be assigned to a variables.</doc>
<status status="PASS" start="2025-02-25T16:39:01.537947" elapsed="0.000114"/>
</kw>
<kw name="Get From Dictionary" owner="Collections">
<msg time="2025-02-25T16:39:01.538218" level="INFO">${value} = 11 Crown Street</msg>
<var>${value}</var>
<arg>${row}</arg>
<arg>${label}</arg>
<doc>Returns a value from the given ``dictionary`` based on the given ``key``.</doc>
<status status="PASS" start="2025-02-25T16:39:01.538121" elapsed="0.000112"/>
</kw>
<kw name="Run Keyword If" owner="BuiltIn">
<kw name="Input Text" owner="SeleniumLibrary">
<msg time="2025-02-25T16:39:01.538535" level="INFO">Typing text '11 Crown Street' into text field 'xpath=//label[contains(text(),'Address')]/following-sibling::input'.</msg>
<arg>${input_locator}</arg>
<arg>${value}</arg>
<doc>Types the given ``text`` into the text field identified by ``locator``.</doc>
<status status="PASS" start="2025-02-25T16:39:01.538428" elapsed="0.031928"/>
</kw>
<arg>'${value}' != ''</arg>
<arg>Input Text</arg>
<arg>${input_locator}</arg>
<arg>${value}</arg>
<doc>Runs the given keyword with the given arguments, if ``condition`` is true.</doc>
<status status="PASS" start="2025-02-25T16:39:01.538298" elapsed="0.032169"/>
</kw>
<var name="${field}">&lt;selenium.webdriver.remote.webelement.WebElement (session="da2639537b2489088dd502763e4a2f69", element="f.78C0B2171B473CFA53C8E306C1E88DFF.d.256DCBBE6A643237C57888BC80A6B3BD.e.91")&gt;</var>
<status status="PASS" start="2025-02-25T16:39:01.533790" elapsed="0.036714"/>
</iter>
<iter>
<kw name="Get Text" owner="SeleniumLibrary">
<msg time="2025-02-25T16:39:01.574376" level="INFO">${label} = Role in Company</msg>
<var>${label}</var>
<arg>${field}</arg>
<doc>Returns the text value of the element identified by ``locator``.</doc>
<status status="PASS" start="2025-02-25T16:39:01.570751" elapsed="0.003648"/>
</kw>
<kw name="Strip String" owner="String">
<msg time="2025-02-25T16:39:01.574592" level="INFO">${label} = Role in Company</msg>
<var>${label}</var>
<arg>${label}</arg>
<doc>Remove leading and/or trailing whitespaces from the given string.</doc>
<status status="PASS" start="2025-02-25T16:39:01.574489" elapsed="0.000117"/>
</kw>
<kw name="Set Variable" owner="BuiltIn">
<msg time="2025-02-25T16:39:01.574769" level="INFO">${input_locator} = xpath=//label[contains(text(),'Role in Company')]/following-sibling::input</msg>
<var>${input_locator}</var>
<arg>xpath=//label[contains(text(),'${label}')]/following-sibling::input</arg>
<doc>Returns the given values which can then be assigned to a variables.</doc>
<status status="PASS" start="2025-02-25T16:39:01.574671" elapsed="0.000112"/>
</kw>
<kw name="Get From Dictionary" owner="Collections">
<msg time="2025-02-25T16:39:01.575331" level="INFO">${value} = Medical Engineer</msg>
<var>${value}</var>
<arg>${row}</arg>
<arg>${label}</arg>
<doc>Returns a value from the given ``dictionary`` based on the given ``key``.</doc>
<status status="PASS" start="2025-02-25T16:39:01.574841" elapsed="0.000505"/>
</kw>
<kw name="Run Keyword If" owner="BuiltIn">
<kw name="Input Text" owner="SeleniumLibrary">
<msg time="2025-02-25T16:39:01.575655" level="INFO">Typing text 'Medical Engineer' into text field 'xpath=//label[contains(text(),'Role in Company')]/following-sibling::input'.</msg>
<arg>${input_locator}</arg>
<arg>${value}</arg>
<doc>Types the given ``text`` into the text field identified by ``locator``.</doc>
<status status="PASS" start="2025-02-25T16:39:01.575545" elapsed="0.030791"/>
</kw>
<arg>'${value}' != ''</arg>
<arg>Input Text</arg>
<arg>${input_locator}</arg>
<arg>${value}</arg>
<doc>Runs the given keyword with the given arguments, if ``condition`` is true.</doc>
<status status="PASS" start="2025-02-25T16:39:01.575416" elapsed="0.030989"/>
</kw>
<var name="${field}">&lt;selenium.webdriver.remote.webelement.WebElement (session="da2639537b2489088dd502763e4a2f69", element="f.78C0B2171B473CFA53C8E306C1E88DFF.d.256DCBBE6A643237C57888BC80A6B3BD.e.92")&gt;</var>
<status status="PASS" start="2025-02-25T16:39:01.570652" elapsed="0.035784"/>
</iter>
<iter>
<kw name="Get Text" owner="SeleniumLibrary">
<msg time="2025-02-25T16:39:01.610008" level="INFO">${label} = Phone Number</msg>
<var>${label}</var>
<arg>${field}</arg>
<doc>Returns the text value of the element identified by ``locator``.</doc>
<status status="PASS" start="2025-02-25T16:39:01.606614" elapsed="0.003418"/>
</kw>
<kw name="Strip String" owner="String">
<msg time="2025-02-25T16:39:01.610217" level="INFO">${label} = Phone Number</msg>
<var>${label}</var>
<arg>${label}</arg>
<doc>Remove leading and/or trailing whitespaces from the given string.</doc>
<status status="PASS" start="2025-02-25T16:39:01.610116" elapsed="0.000115"/>
</kw>
<kw name="Set Variable" owner="BuiltIn">
<msg time="2025-02-25T16:39:01.610392" level="INFO">${input_locator} = xpath=//label[contains(text(),'Phone Number')]/following-sibling::input</msg>
<var>${input_locator}</var>
<arg>xpath=//label[contains(text(),'${label}')]/following-sibling::input</arg>
<doc>Returns the given values which can then be assigned to a variables.</doc>
<status status="PASS" start="2025-02-25T16:39:01.610294" elapsed="0.000113"/>
</kw>
<kw name="Get From Dictionary" owner="Collections">
<msg time="2025-02-25T16:39:01.610562" level="INFO">${value} = 40791345621</msg>
<var>${value}</var>
<arg>${row}</arg>
<arg>${label}</arg>
<doc>Returns a value from the given ``dictionary`` based on the given ``key``.</doc>
<status status="PASS" start="2025-02-25T16:39:01.610466" elapsed="0.000111"/>
</kw>
<kw name="Run Keyword If" owner="BuiltIn">
<kw name="Input Text" owner="SeleniumLibrary">
<msg time="2025-02-25T16:39:01.610875" level="INFO">Typing text '40791345621' into text field 'xpath=//label[contains(text(),'Phone Number')]/following-sibling::input'.</msg>
<arg>${input_locator}</arg>
<arg>${value}</arg>
<doc>Types the given ``text`` into the text field identified by ``locator``.</doc>
<status status="PASS" start="2025-02-25T16:39:01.610771" elapsed="0.029284"/>
</kw>
<arg>'${value}' != ''</arg>
<arg>Input Text</arg>
<arg>${input_locator}</arg>
<arg>${value}</arg>
<doc>Runs the given keyword with the given arguments, if ``condition`` is true.</doc>
<status status="PASS" start="2025-02-25T16:39:01.610643" elapsed="0.029478"/>
</kw>
<var name="${field}">&lt;selenium.webdriver.remote.webelement.WebElement (session="da2639537b2489088dd502763e4a2f69", element="f.78C0B2171B473CFA53C8E306C1E88DFF.d.256DCBBE6A643237C57888BC80A6B3BD.e.93")&gt;</var>
<status status="PASS" start="2025-02-25T16:39:01.606534" elapsed="0.033618"/>
</iter>
<var>${field}</var>
<value>@{fields}</value>
<status status="PASS" start="2025-02-25T16:39:01.399331" elapsed="0.240852"/>
</for>
<kw name="Click Button" owner="SeleniumLibrary">
<msg time="2025-02-25T16:39:01.640400" level="INFO">Clicking button 'xpath=//input[@type='submit']'.</msg>
<arg>xpath=//input[@type='submit']</arg>
<doc>Clicks the button identified by ``locator``.</doc>
<status status="PASS" start="2025-02-25T16:39:01.640283" elapsed="0.026684"/>
</kw>
<arg>${row}</arg>
<status status="PASS" start="2025-02-25T16:39:01.395818" elapsed="0.271223"/>
</kw>
<var name="${row}">{'First Name': 'Jane', 'Last Name': 'Dorsey', 'Company Name': 'MediCare', 'Role in Company': 'Medical Engineer', 'Address': '11 Crown Street', 'Email': 'jdorsey@mc.com', 'Phone Number': 40791345621}</var>
<status status="PASS" start="2025-02-25T16:39:01.395698" elapsed="0.271421"/>
</iter>
<iter>
<kw name="Fill And Submit Form">
<kw name="Get WebElements" owner="SeleniumLibrary">
<msg time="2025-02-25T16:39:01.670954" level="INFO">${fields} = [&lt;selenium.webdriver.remote.webelement.WebElement (session="da2639537b2489088dd502763e4a2f69", element="f.78C0B2171B473CFA53C8E306C1E88DFF.d.256DCBBE6A643237C57888BC80A6B3BD.e.108")&gt;, &lt;selenium.webdri...</msg>
<var>${fields}</var>
<arg>//label</arg>
<doc>Returns a list of WebElement objects matching the ``locator``.</doc>
<status status="PASS" start="2025-02-25T16:39:01.667496" elapsed="0.003485"/>
</kw>
<for flavor="IN">
<iter>
<kw name="Get Text" owner="SeleniumLibrary">
<msg time="2025-02-25T16:39:01.674261" level="INFO">${label} = Company Name</msg>
<var>${label}</var>
<arg>${field}</arg>
<doc>Returns the text value of the element identified by ``locator``.</doc>
<status status="PASS" start="2025-02-25T16:39:01.671187" elapsed="0.003093"/>
</kw>
<kw name="Strip String" owner="String">
<msg time="2025-02-25T16:39:01.674448" level="INFO">${label} = Company Name</msg>
<var>${label}</var>
<arg>${label}</arg>
<doc>Remove leading and/or trailing whitespaces from the given string.</doc>
<status status="PASS" start="2025-02-25T16:39:01.674355" elapsed="0.000107"/>
</kw>
<kw name="Set Variable" owner="BuiltIn">
<msg time="2025-02-25T16:39:01.674618" level="INFO">${input_locator} = xpath=//label[contains(text(),'Company Name')]/following-sibling::input</msg>
<var>${input_locator}</var>
<arg>xpath=//label[contains(text(),'${label}')]/following-sibling::input</arg>
<doc>Returns the given values which can then be assigned to a variables.</doc>
<status status="PASS" start="2025-02-25T16:39:01.674522" elapsed="0.000110"/>
</kw>
<kw name="Get From Dictionary" owner="Collections">
<msg time="2025-02-25T16:39:01.674784" level="INFO">${value} = Waterfront</msg>
<var>${value}</var>
<arg>${row}</arg>
<arg>${label}</arg>
<doc>Returns a value from the given ``dictionary`` based on the given ``key``.</doc>
<status status="PASS" start="2025-02-25T16:39:01.674689" elapsed="0.000109"/>
</kw>
<kw name="Run Keyword If" owner="BuiltIn">
<kw name="Input Text" owner="SeleniumLibrary">
<msg time="2025-02-25T16:39:01.675104" level="INFO">Typing text 'Waterfront' into text field 'xpath=//label[contains(text(),'Company Name')]/following-sibling::input'.</msg>
<arg>${input_locator}</arg>
<arg>${value}</arg>
<doc>Types the given ``text`` into the text field identified by ``locator``.</doc>
<status status="PASS" start="2025-02-25T16:39:01.675003" elapsed="0.031782"/>
</kw>
<arg>'${value}' != ''</arg>
<arg>Input Text</arg>
<arg>${input_locator}</arg>
<arg>${value}</arg>
<doc>Runs the given keyword with the given arguments, if ``condition`` is true.</doc>
<status status="PASS" start="2025-02-25T16:39:01.674869" elapsed="0.031984"/>
</kw>
<var name="${field}">&lt;selenium.webdriver.remote.webelement.WebElement (session="da2639537b2489088dd502763e4a2f69", element="f.78C0B2171B473CFA53C8E306C1E88DFF.d.256DCBBE6A643237C57888BC80A6B3BD.e.108")&gt;</var>
<status status="PASS" start="2025-02-25T16:39:01.671123" elapsed="0.035761"/>
</iter>
<iter>
<kw name="Get Text" owner="SeleniumLibrary">
<msg time="2025-02-25T16:39:01.710421" level="INFO">${label} = Last Name</msg>
<var>${label}</var>
<arg>${field}</arg>
<doc>Returns the text value of the element identified by ``locator``.</doc>
<status status="PASS" start="2025-02-25T16:39:01.707065" elapsed="0.003377"/>
</kw>
<kw name="Strip String" owner="String">
<msg time="2025-02-25T16:39:01.710624" level="INFO">${label} = Last Name</msg>
<var>${label}</var>
<arg>${label}</arg>
<doc>Remove leading and/or trailing whitespaces from the given string.</doc>
<status status="PASS" start="2025-02-25T16:39:01.710524" elapsed="0.000115"/>
</kw>
<kw name="Set Variable" owner="BuiltIn">
<msg time="2025-02-25T16:39:01.710796" level="INFO">${input_locator} = xpath=//label[contains(text(),'Last Name')]/following-sibling::input</msg>
<var>${input_locator}</var>
<arg>xpath=//label[contains(text(),'${label}')]/following-sibling::input</arg>
<doc>Returns the given values which can then be assigned to a variables.</doc>
<status status="PASS" start="2025-02-25T16:39:01.710700" elapsed="0.000111"/>
</kw>
<kw name="Get From Dictionary" owner="Collections">
<msg time="2025-02-25T16:39:01.710964" level="INFO">${value} = Kipling</msg>
<var>${value}</var>
<arg>${row}</arg>
<arg>${label}</arg>
<doc>Returns a value from the given ``dictionary`` based on the given ``key``.</doc>
<status status="PASS" start="2025-02-25T16:39:01.710868" elapsed="0.000109"/>
</kw>
<kw name="Run Keyword If" owner="BuiltIn">
<kw name="Input Text" owner="SeleniumLibrary">
<msg time="2025-02-25T16:39:01.711279" level="INFO">Typing text 'Kipling' into text field 'xpath=//label[contains(text(),'Last Name')]/following-sibling::input'.</msg>
<arg>${input_locator}</arg>
<arg>${value}</arg>
<doc>Types the given ``text`` into the text field identified by ``locator``.</doc>
<status status="PASS" start="2025-02-25T16:39:01.711176" elapsed="0.027996"/>
</kw>
<arg>'${value}' != ''</arg>
<arg>Input Text</arg>
<arg>${input_locator}</arg>
<arg>${value}</arg>
<doc>Runs the given keyword with the given arguments, if ``condition`` is true.</doc>
<status status="PASS" start="2025-02-25T16:39:01.711043" elapsed="0.028191"/>
</kw>
<var name="${field}">&lt;selenium.webdriver.remote.webelement.WebElement (session="da2639537b2489088dd502763e4a2f69", element="f.78C0B2171B473CFA53C8E306C1E88DFF.d.256DCBBE6A643237C57888BC80A6B3BD.e.109")&gt;</var>
<status status="PASS" start="2025-02-25T16:39:01.706984" elapsed="0.032281"/>
</iter>
<iter>
<kw name="Get Text" owner="SeleniumLibrary">
<msg time="2025-02-25T16:39:01.742752" level="INFO">${label} = Email</msg>
<var>${label}</var>
<arg>${field}</arg>
<doc>Returns the text value of the element identified by ``locator``.</doc>
<status status="PASS" start="2025-02-25T16:39:01.739433" elapsed="0.003340"/>
</kw>
<kw name="Strip String" owner="String">
<msg time="2025-02-25T16:39:01.742951" level="INFO">${label} = Email</msg>
<var>${label}</var>
<arg>${label}</arg>
<doc>Remove leading and/or trailing whitespaces from the given string.</doc>
<status status="PASS" start="2025-02-25T16:39:01.742854" elapsed="0.000112"/>
</kw>
<kw name="Set Variable" owner="BuiltIn">
<msg time="2025-02-25T16:39:01.743123" level="INFO">${input_locator} = xpath=//label[contains(text(),'Email')]/following-sibling::input</msg>
<var>${input_locator}</var>
<arg>xpath=//label[contains(text(),'${label}')]/following-sibling::input</arg>
<doc>Returns the given values which can then be assigned to a variables.</doc>
<status status="PASS" start="2025-02-25T16:39:01.743028" elapsed="0.000109"/>
</kw>
<kw name="Get From Dictionary" owner="Collections">
<msg time="2025-02-25T16:39:01.743290" level="INFO">${value} = kipling@waterfront.com</msg>
<var>${value}</var>
<arg>${row}</arg>
<arg>${label}</arg>
<doc>Returns a value from the given ``dictionary`` based on the given ``key``.</doc>
<status status="PASS" start="2025-02-25T16:39:01.743196" elapsed="0.000109"/>
</kw>
<kw name="Run Keyword If" owner="BuiltIn">
<kw name="Input Text" owner="SeleniumLibrary">
<msg time="2025-02-25T16:39:01.743592" level="INFO">Typing text 'kipling@waterfront.com' into text field 'xpath=//label[contains(text(),'Email')]/following-sibling::input'.</msg>
<arg>${input_locator}</arg>
<arg>${value}</arg>
<doc>Types the given ``text`` into the text field identified by ``locator``.</doc>
<status status="PASS" start="2025-02-25T16:39:01.743491" elapsed="0.032444"/>
</kw>
<arg>'${value}' != ''</arg>
<arg>Input Text</arg>
<arg>${input_locator}</arg>
<arg>${value}</arg>
<doc>Runs the given keyword with the given arguments, if ``condition`` is true.</doc>
<status status="PASS" start="2025-02-25T16:39:01.743369" elapsed="0.032636"/>
</kw>
<var name="${field}">&lt;selenium.webdriver.remote.webelement.WebElement (session="da2639537b2489088dd502763e4a2f69", element="f.78C0B2171B473CFA53C8E306C1E88DFF.d.256DCBBE6A643237C57888BC80A6B3BD.e.110")&gt;</var>
<status status="PASS" start="2025-02-25T16:39:01.739357" elapsed="0.036725"/>
</iter>
<iter>
<kw name="Get Text" owner="SeleniumLibrary">
<msg time="2025-02-25T16:39:01.779804" level="INFO">${label} = Phone Number</msg>
<var>${label}</var>
<arg>${field}</arg>
<doc>Returns the text value of the element identified by ``locator``.</doc>
<status status="PASS" start="2025-02-25T16:39:01.776270" elapsed="0.003557"/>
</kw>
<kw name="Strip String" owner="String">
<msg time="2025-02-25T16:39:01.780013" level="INFO">${label} = Phone Number</msg>
<var>${label}</var>
<arg>${label}</arg>
<doc>Remove leading and/or trailing whitespaces from the given string.</doc>
<status status="PASS" start="2025-02-25T16:39:01.779913" elapsed="0.000115"/>
</kw>
<kw name="Set Variable" owner="BuiltIn">
<msg time="2025-02-25T16:39:01.780187" level="INFO">${input_locator} = xpath=//label[contains(text(),'Phone Number')]/following-sibling::input</msg>
<var>${input_locator}</var>
<arg>xpath=//label[contains(text(),'${label}')]/following-sibling::input</arg>
<doc>Returns the given values which can then be assigned to a variables.</doc>
<status status="PASS" start="2025-02-25T16:39:01.780090" elapsed="0.000213"/>
</kw>
<kw name="Get From Dictionary" owner="Collections">
<msg time="2025-02-25T16:39:01.780463" level="INFO">${value} = 40735416854</msg>
<var>${value}</var>
<arg>${row}</arg>
<arg>${label}</arg>
<doc>Returns a value from the given ``dictionary`` based on the given ``key``.</doc>
<status status="PASS" start="2025-02-25T16:39:01.780365" elapsed="0.000112"/>
</kw>
<kw name="Run Keyword If" owner="BuiltIn">
<kw name="Input Text" owner="SeleniumLibrary">
<msg time="2025-02-25T16:39:01.780779" level="INFO">Typing text '40735416854' into text field 'xpath=//label[contains(text(),'Phone Number')]/following-sibling::input'.</msg>
<arg>${input_locator}</arg>
<arg>${value}</arg>
<doc>Types the given ``text`` into the text field identified by ``locator``.</doc>
<status status="PASS" start="2025-02-25T16:39:01.780670" elapsed="0.030808"/>
</kw>
<arg>'${value}' != ''</arg>
<arg>Input Text</arg>
<arg>${input_locator}</arg>
<arg>${value}</arg>
<doc>Runs the given keyword with the given arguments, if ``condition`` is true.</doc>
<status status="PASS" start="2025-02-25T16:39:01.780544" elapsed="0.031006"/>
</kw>
<var name="${field}">&lt;selenium.webdriver.remote.webelement.WebElement (session="da2639537b2489088dd502763e4a2f69", element="f.78C0B2171B473CFA53C8E306C1E88DFF.d.256DCBBE6A643237C57888BC80A6B3BD.e.111")&gt;</var>
<status status="PASS" start="2025-02-25T16:39:01.776186" elapsed="0.035395"/>
</iter>
<iter>
<kw name="Get Text" owner="SeleniumLibrary">
<msg time="2025-02-25T16:39:01.815187" level="INFO">${label} = First Name</msg>
<var>${label}</var>
<arg>${field}</arg>
<doc>Returns the text value of the element identified by ``locator``.</doc>
<status status="PASS" start="2025-02-25T16:39:01.811779" elapsed="0.003431"/>
</kw>
<kw name="Strip String" owner="String">
<msg time="2025-02-25T16:39:01.815397" level="INFO">${label} = First Name</msg>
<var>${label}</var>
<arg>${label}</arg>
<doc>Remove leading and/or trailing whitespaces from the given string.</doc>
<status status="PASS" start="2025-02-25T16:39:01.815295" elapsed="0.000117"/>
</kw>
<kw name="Set Variable" owner="BuiltIn">
<msg time="2025-02-25T16:39:01.815573" level="INFO">${input_locator} = xpath=//label[contains(text(),'First Name')]/following-sibling::input</msg>
<var>${input_locator}</var>
<arg>xpath=//label[contains(text(),'${label}')]/following-sibling::input</arg>
<doc>Returns the given values which can then be assigned to a variables.</doc>
<status status="PASS" start="2025-02-25T16:39:01.815475" elapsed="0.000113"/>
</kw>
<kw name="Get From Dictionary" owner="Collections">
<msg time="2025-02-25T16:39:01.815743" level="INFO">${value} = Albert</msg>
<var>${value}</var>
<arg>${row}</arg>
<arg>${label}</arg>
<doc>Returns a value from the given ``dictionary`` based on the given ``key``.</doc>
<status status="PASS" start="2025-02-25T16:39:01.815647" elapsed="0.000110"/>
</kw>
<kw name="Run Keyword If" owner="BuiltIn">
<kw name="Input Text" owner="SeleniumLibrary">
<msg time="2025-02-25T16:39:01.816059" level="INFO">Typing text 'Albert' into text field 'xpath=//label[contains(text(),'First Name')]/following-sibling::input'.</msg>
<arg>${input_locator}</arg>
<arg>${value}</arg>
<doc>Types the given ``text`` into the text field identified by ``locator``.</doc>
<status status="PASS" start="2025-02-25T16:39:01.815954" elapsed="0.029376"/>
</kw>
<arg>'${value}' != ''</arg>
<arg>Input Text</arg>
<arg>${input_locator}</arg>
<arg>${value}</arg>
<doc>Runs the given keyword with the given arguments, if ``condition`` is true.</doc>
<status status="PASS" start="2025-02-25T16:39:01.815823" elapsed="0.029582"/>
</kw>
<var name="${field}">&lt;selenium.webdriver.remote.webelement.WebElement (session="da2639537b2489088dd502763e4a2f69", element="f.78C0B2171B473CFA53C8E306C1E88DFF.d.256DCBBE6A643237C57888BC80A6B3BD.e.112")&gt;</var>
<status status="PASS" start="2025-02-25T16:39:01.811690" elapsed="0.033749"/>
</iter>
<iter>
<kw name="Get Text" owner="SeleniumLibrary">
<msg time="2025-02-25T16:39:01.848835" level="INFO">${label} = Address</msg>
<var>${label}</var>
<arg>${field}</arg>
<doc>Returns the text value of the element identified by ``locator``.</doc>
<status status="PASS" start="2025-02-25T16:39:01.845640" elapsed="0.003217"/>
</kw>
<kw name="Strip String" owner="String">
<msg time="2025-02-25T16:39:01.849048" level="INFO">${label} = Address</msg>
<var>${label}</var>
<arg>${label}</arg>
<doc>Remove leading and/or trailing whitespaces from the given string.</doc>
<status status="PASS" start="2025-02-25T16:39:01.848945" elapsed="0.000118"/>
</kw>
<kw name="Set Variable" owner="BuiltIn">
<msg time="2025-02-25T16:39:01.849223" level="INFO">${input_locator} = xpath=//label[contains(text(),'Address')]/following-sibling::input</msg>
<var>${input_locator}</var>
<arg>xpath=//label[contains(text(),'${label}')]/following-sibling::input</arg>
<doc>Returns the given values which can then be assigned to a variables.</doc>
<status status="PASS" start="2025-02-25T16:39:01.849125" elapsed="0.000112"/>
</kw>
<kw name="Get From Dictionary" owner="Collections">
<msg time="2025-02-25T16:39:01.849389" level="INFO">${value} = 22 Guild Street</msg>
<var>${value}</var>
<arg>${row}</arg>
<arg>${label}</arg>
<doc>Returns a value from the given ``dictionary`` based on the given ``key``.</doc>
<status status="PASS" start="2025-02-25T16:39:01.849295" elapsed="0.000109"/>
</kw>
<kw name="Run Keyword If" owner="BuiltIn">
<kw name="Input Text" owner="SeleniumLibrary">
<msg time="2025-02-25T16:39:01.849706" level="INFO">Typing text '22 Guild Street' into text field 'xpath=//label[contains(text(),'Address')]/following-sibling::input'.</msg>
<arg>${input_locator}</arg>
<arg>${value}</arg>
<doc>Types the given ``text`` into the text field identified by ``locator``.</doc>
<status status="PASS" start="2025-02-25T16:39:01.849600" elapsed="0.030297"/>
</kw>
<arg>'${value}' != ''</arg>
<arg>Input Text</arg>
<arg>${input_locator}</arg>
<arg>${value}</arg>
<doc>Runs the given keyword with the given arguments, if ``condition`` is true.</doc>
<status status="PASS" start="2025-02-25T16:39:01.849471" elapsed="0.030498"/>
</kw>
<var name="${field}">&lt;selenium.webdriver.remote.webelement.WebElement (session="da2639537b2489088dd502763e4a2f69", element="f.78C0B2171B473CFA53C8E306C1E88DFF.d.256DCBBE6A643237C57888BC80A6B3BD.e.113")&gt;</var>
<status status="PASS" start="2025-02-25T16:39:01.845548" elapsed="0.034452"/>
</iter>
<iter>
<kw name="Get Text" owner="SeleniumLibrary">
<msg time="2025-02-25T16:39:01.883565" level="INFO">${label} = Role in Company</msg>
<var>${label}</var>
<arg>${field}</arg>
<doc>Returns the text value of the element identified by ``locator``.</doc>
<status status="PASS" start="2025-02-25T16:39:01.880185" elapsed="0.003403"/>
</kw>
<kw name="Strip String" owner="String">
<msg time="2025-02-25T16:39:01.883824" level="INFO">${label} = Role in Company</msg>
<var>${label}</var>
<arg>${label}</arg>
<doc>Remove leading and/or trailing whitespaces from the given string.</doc>
<status status="PASS" start="2025-02-25T16:39:01.883721" elapsed="0.000119"/>
</kw>
<kw name="Set Variable" owner="BuiltIn">
<msg time="2025-02-25T16:39:01.884002" level="INFO">${input_locator} = xpath=//label[contains(text(),'Role in Company')]/following-sibling::input</msg>
<var>${input_locator}</var>
<arg>xpath=//label[contains(text(),'${label}')]/following-sibling::input</arg>
<doc>Returns the given values which can then be assigned to a variables.</doc>
<status status="PASS" start="2025-02-25T16:39:01.883902" elapsed="0.000115"/>
</kw>
<kw name="Get From Dictionary" owner="Collections">
<msg time="2025-02-25T16:39:01.884178" level="INFO">${value} = Accountant</msg>
<var>${value}</var>
<arg>${row}</arg>
<arg>${label}</arg>
<doc>Returns a value from the given ``dictionary`` based on the given ``key``.</doc>
<status status="PASS" start="2025-02-25T16:39:01.884081" elapsed="0.000111"/>
</kw>
<kw name="Run Keyword If" owner="BuiltIn">
<kw name="Input Text" owner="SeleniumLibrary">
<msg time="2025-02-25T16:39:01.884602" level="INFO">Typing text 'Accountant' into text field 'xpath=//label[contains(text(),'Role in Company')]/following-sibling::input'.</msg>
<arg>${input_locator}</arg>
<arg>${value}</arg>
<doc>Types the given ``text`` into the text field identified by ``locator``.</doc>
<status status="PASS" start="2025-02-25T16:39:01.884447" elapsed="0.030623"/>
</kw>
<arg>'${value}' != ''</arg>
<arg>Input Text</arg>
<arg>${input_locator}</arg>
<arg>${value}</arg>
<doc>Runs the given keyword with the given arguments, if ``condition`` is true.</doc>
<status status="PASS" start="2025-02-25T16:39:01.884258" elapsed="0.030895"/>
</kw>
<var name="${field}">&lt;selenium.webdriver.remote.webelement.WebElement (session="da2639537b2489088dd502763e4a2f69", element="f.78C0B2171B473CFA53C8E306C1E88DFF.d.256DCBBE6A643237C57888BC80A6B3BD.e.114")&gt;</var>
<status status="PASS" start="2025-02-25T16:39:01.880102" elapsed="0.035083"/>
</iter>
<var>${field}</var>
<value>@{fields}</value>
<status status="PASS" start="2025-02-25T16:39:01.671031" elapsed="0.244188"/>
</for>
<kw name="Click Button" owner="SeleniumLibrary">
<msg time="2025-02-25T16:39:01.915467" level="INFO">Clicking button 'xpath=//input[@type='submit']'.</msg>
<arg>xpath=//input[@type='submit']</arg>
<doc>Clicks the button identified by ``locator``.</doc>
<status status="PASS" start="2025-02-25T16:39:01.915329" elapsed="0.027653"/>
</kw>
<arg>${row}</arg>
<status status="PASS" start="2025-02-25T16:39:01.667318" elapsed="0.275745"/>
</kw>
<var name="${row}">{'First Name': 'Albert', 'Last Name': 'Kipling', 'Company Name': 'Waterfront', 'Role in Company': 'Accountant', 'Address': '22 Guild Street', 'Email': 'kipling@waterfront.com', 'Phone Number': 4073541...</var>
<status status="PASS" start="2025-02-25T16:39:01.667206" elapsed="0.275884"/>
</iter>
<iter>
<kw name="Fill And Submit Form">
<kw name="Get WebElements" owner="SeleniumLibrary">
<msg time="2025-02-25T16:39:01.946565" level="INFO">${fields} = [&lt;selenium.webdriver.remote.webelement.WebElement (session="da2639537b2489088dd502763e4a2f69", element="f.78C0B2171B473CFA53C8E306C1E88DFF.d.256DCBBE6A643237C57888BC80A6B3BD.e.130")&gt;, &lt;selenium.webdri...</msg>
<var>${fields}</var>
<arg>//label</arg>
<doc>Returns a list of WebElement objects matching the ``locator``.</doc>
<status status="PASS" start="2025-02-25T16:39:01.943500" elapsed="0.003092"/>
</kw>
<for flavor="IN">
<iter>
<kw name="Get Text" owner="SeleniumLibrary">
<msg time="2025-02-25T16:39:01.949972" level="INFO">${label} = Last Name</msg>
<var>${label}</var>
<arg>${field}</arg>
<doc>Returns the text value of the element identified by ``locator``.</doc>
<status status="PASS" start="2025-02-25T16:39:01.946802" elapsed="0.003189"/>
</kw>
<kw name="Strip String" owner="String">
<msg time="2025-02-25T16:39:01.950158" level="INFO">${label} = Last Name</msg>
<var>${label}</var>
<arg>${label}</arg>
<doc>Remove leading and/or trailing whitespaces from the given string.</doc>
<status status="PASS" start="2025-02-25T16:39:01.950065" elapsed="0.000108"/>
</kw>
<kw name="Set Variable" owner="BuiltIn">
<msg time="2025-02-25T16:39:01.950345" level="INFO">${input_locator} = xpath=//label[contains(text(),'Last Name')]/following-sibling::input</msg>
<var>${input_locator}</var>
<arg>xpath=//label[contains(text(),'${label}')]/following-sibling::input</arg>
<doc>Returns the given values which can then be assigned to a variables.</doc>
<status status="PASS" start="2025-02-25T16:39:01.950235" elapsed="0.000128"/>
</kw>
<kw name="Get From Dictionary" owner="Collections">
<msg time="2025-02-25T16:39:01.950570" level="INFO">${value} = Robertson</msg>
<var>${value}</var>
<arg>${row}</arg>
<arg>${label}</arg>
<doc>Returns a value from the given ``dictionary`` based on the given ``key``.</doc>
<status status="PASS" start="2025-02-25T16:39:01.950426" elapsed="0.000165"/>
</kw>
<kw name="Run Keyword If" owner="BuiltIn">
<kw name="Input Text" owner="SeleniumLibrary">
<msg time="2025-02-25T16:39:01.951018" level="INFO">Typing text 'Robertson' into text field 'xpath=//label[contains(text(),'Last Name')]/following-sibling::input'.</msg>
<arg>${input_locator}</arg>
<arg>${value}</arg>
<doc>Types the given ``text`` into the text field identified by ``locator``.</doc>
<status status="PASS" start="2025-02-25T16:39:01.950863" elapsed="0.029355"/>
</kw>
<arg>'${value}' != ''</arg>
<arg>Input Text</arg>
<arg>${input_locator}</arg>
<arg>${value}</arg>
<doc>Runs the given keyword with the given arguments, if ``condition`` is true.</doc>
<status status="PASS" start="2025-02-25T16:39:01.950681" elapsed="0.029606"/>
</kw>
<var name="${field}">&lt;selenium.webdriver.remote.webelement.WebElement (session="da2639537b2489088dd502763e4a2f69", element="f.78C0B2171B473CFA53C8E306C1E88DFF.d.256DCBBE6A643237C57888BC80A6B3BD.e.130")&gt;</var>
<status status="PASS" start="2025-02-25T16:39:01.946732" elapsed="0.033593"/>
</iter>
<iter>
<kw name="Get Text" owner="SeleniumLibrary">
<msg time="2025-02-25T16:39:01.983877" level="INFO">${label} = Role in Company</msg>
<var>${label}</var>
<arg>${field}</arg>
<doc>Returns the text value of the element identified by ``locator``.</doc>
<status status="PASS" start="2025-02-25T16:39:01.980505" elapsed="0.003399"/>
</kw>
<kw name="Strip String" owner="String">
<msg time="2025-02-25T16:39:01.984107" level="INFO">${label} = Role in Company</msg>
<var>${label}</var>
<arg>${label}</arg>
<doc>Remove leading and/or trailing whitespaces from the given string.</doc>
<status status="PASS" start="2025-02-25T16:39:01.984003" elapsed="0.000118"/>
</kw>
<kw name="Set Variable" owner="BuiltIn">
<msg time="2025-02-25T16:39:01.984278" level="INFO">${input_locator} = xpath=//label[contains(text(),'Role in Company')]/following-sibling::input</msg>
<var>${input_locator}</var>
<arg>xpath=//label[contains(text(),'${label}')]/following-sibling::input</arg>
<doc>Returns the given values which can then be assigned to a variables.</doc>
<status status="PASS" start="2025-02-25T16:39:01.984180" elapsed="0.000115"/>
</kw>
<kw name="Get From Dictionary" owner="Collections">
<msg time="2025-02-25T16:39:01.984558" level="INFO">${value} = IT Specialist</msg>
<var>${value}</var>
<arg>${row}</arg>
<arg>${label}</arg>
<doc>Returns a value from the given ``dictionary`` based on the given ``key``.</doc>
<status status="PASS" start="2025-02-25T16:39:01.984409" elapsed="0.000168"/>
</kw>
<kw name="Run Keyword If" owner="BuiltIn">
<kw name="Input Text" owner="SeleniumLibrary">
<msg time="2025-02-25T16:39:01.984997" level="INFO">Typing text 'IT Specialist' into text field 'xpath=//label[contains(text(),'Role in Company')]/following-sibling::input'.</msg>
<arg>${input_locator}</arg>
<arg>${value}</arg>
<doc>Types the given ``text`` into the text field identified by ``locator``.</doc>
<status status="PASS" start="2025-02-25T16:39:01.984832" elapsed="0.030920"/>
</kw>
<arg>'${value}' != ''</arg>
<arg>Input Text</arg>
<arg>${input_locator}</arg>
<arg>${value}</arg>
<doc>Runs the given keyword with the given arguments, if ``condition`` is true.</doc>
<status status="PASS" start="2025-02-25T16:39:01.984659" elapsed="0.031207"/>
</kw>
<var name="${field}">&lt;selenium.webdriver.remote.webelement.WebElement (session="da2639537b2489088dd502763e4a2f69", element="f.78C0B2171B473CFA53C8E306C1E88DFF.d.256DCBBE6A643237C57888BC80A6B3BD.e.131")&gt;</var>
<status status="PASS" start="2025-02-25T16:39:01.980424" elapsed="0.035475"/>
</iter>
<iter>
<kw name="Get Text" owner="SeleniumLibrary">
<msg time="2025-02-25T16:39:02.019591" level="INFO">${label} = Phone Number</msg>
<var>${label}</var>
<arg>${field}</arg>
<doc>Returns the text value of the element identified by ``locator``.</doc>
<status status="PASS" start="2025-02-25T16:39:02.016091" elapsed="0.003526"/>
</kw>
<kw name="Strip String" owner="String">
<msg time="2025-02-25T16:39:02.019815" level="INFO">${label} = Phone Number</msg>
<var>${label}</var>
<arg>${label}</arg>
<doc>Remove leading and/or trailing whitespaces from the given string.</doc>
<status status="PASS" start="2025-02-25T16:39:02.019712" elapsed="0.000118"/>
</kw>
<kw name="Set Variable" owner="BuiltIn">
<msg time="2025-02-25T16:39:02.019986" level="INFO">${input_locator} = xpath=//label[contains(text(),'Phone Number')]/following-sibling::input</msg>
<var>${input_locator}</var>
<arg>xpath=//label[contains(text(),'${label}')]/following-sibling::input</arg>
<doc>Returns the given values which can then be assigned to a variables.</doc>
<status status="PASS" start="2025-02-25T16:39:02.019890" elapsed="0.000110"/>
</kw>
<kw name="Get From Dictionary" owner="Collections">
<msg time="2025-02-25T16:39:02.020153" level="INFO">${value} = 40733652145</msg>
<var>${value}</var>
<arg>${row}</arg>
<arg>${label}</arg>
<doc>Returns a value from the given ``dictionary`` based on the given ``key``.</doc>
<status status="PASS" start="2025-02-25T16:39:02.020058" elapsed="0.000109"/>
</kw>
<kw name="Run Keyword If" owner="BuiltIn">
<kw name="Input Text" owner="SeleniumLibrary">
<msg time="2025-02-25T16:39:02.020481" level="INFO">Typing text '40733652145' into text field 'xpath=//label[contains(text(),'Phone Number')]/following-sibling::input'.</msg>
<arg>${input_locator}</arg>
<arg>${value}</arg>
<doc>Types the given ``text`` into the text field identified by ``locator``.</doc>
<status status="PASS" start="2025-02-25T16:39:02.020373" elapsed="0.028898"/>
</kw>
<arg>'${value}' != ''</arg>
<arg>Input Text</arg>
<arg>${input_locator}</arg>
<arg>${value}</arg>
<doc>Runs the given keyword with the given arguments, if ``condition`` is true.</doc>
<status status="PASS" start="2025-02-25T16:39:02.020236" elapsed="0.029107"/>
</kw>
<var name="${field}">&lt;selenium.webdriver.remote.webelement.WebElement (session="da2639537b2489088dd502763e4a2f69", element="f.78C0B2171B473CFA53C8E306C1E88DFF.d.256DCBBE6A643237C57888BC80A6B3BD.e.132")&gt;</var>
<status status="PASS" start="2025-02-25T16:39:02.016005" elapsed="0.033374"/>
</iter>
<iter>
<kw name="Get Text" owner="SeleniumLibrary">
<msg time="2025-02-25T16:39:02.053182" level="INFO">${label} = Address</msg>
<var>${label}</var>
<arg>${field}</arg>
<doc>Returns the text value of the element identified by ``locator``.</doc>
<status status="PASS" start="2025-02-25T16:39:02.049563" elapsed="0.003644"/>
</kw>
<kw name="Strip String" owner="String">
<msg time="2025-02-25T16:39:02.053398" level="INFO">${label} = Address</msg>
<var>${label}</var>
<arg>${label}</arg>
<doc>Remove leading and/or trailing whitespaces from the given string.</doc>
<status status="PASS" start="2025-02-25T16:39:02.053296" elapsed="0.000117"/>
</kw>
<kw name="Set Variable" owner="BuiltIn">
<msg time="2025-02-25T16:39:02.053572" level="INFO">${input_locator} = xpath=//label[contains(text(),'Address')]/following-sibling::input</msg>
<var>${input_locator}</var>
<arg>xpath=//label[contains(text(),'${label}')]/following-sibling::input</arg>
<doc>Returns the given values which can then be assigned to a variables.</doc>
<status status="PASS" start="2025-02-25T16:39:02.053474" elapsed="0.000112"/>
</kw>
<kw name="Get From Dictionary" owner="Collections">
<msg time="2025-02-25T16:39:02.053739" level="INFO">${value} = 17 Farburn Terrace</msg>
<var>${value}</var>
<arg>${row}</arg>
<arg>${label}</arg>
<doc>Returns a value from the given ``dictionary`` based on the given ``key``.</doc>
<status status="PASS" start="2025-02-25T16:39:02.053644" elapsed="0.000109"/>
</kw>
<kw name="Run Keyword If" owner="BuiltIn">
<kw name="Input Text" owner="SeleniumLibrary">
<msg time="2025-02-25T16:39:02.054050" level="INFO">Typing text '17 Farburn Terrace' into text field 'xpath=//label[contains(text(),'Address')]/following-sibling::input'.</msg>
<arg>${input_locator}</arg>
<arg>${value}</arg>
<doc>Types the given ``text`` into the text field identified by ``locator``.</doc>
<status status="PASS" start="2025-02-25T16:39:02.053945" elapsed="0.032352"/>
</kw>
<arg>'${value}' != ''</arg>
<arg>Input Text</arg>
<arg>${input_locator}</arg>
<arg>${value}</arg>
<doc>Runs the given keyword with the given arguments, if ``condition`` is true.</doc>
<status status="PASS" start="2025-02-25T16:39:02.053818" elapsed="0.032556"/>
</kw>
<var name="${field}">&lt;selenium.webdriver.remote.webelement.WebElement (session="da2639537b2489088dd502763e4a2f69", element="f.78C0B2171B473CFA53C8E306C1E88DFF.d.256DCBBE6A643237C57888BC80A6B3BD.e.133")&gt;</var>
<status status="PASS" start="2025-02-25T16:39:02.049480" elapsed="0.036929"/>
</iter>
<iter>
<kw name="Get Text" owner="SeleniumLibrary">
<msg time="2025-02-25T16:39:02.090417" level="INFO">${label} = First Name</msg>
<var>${label}</var>
<arg>${field}</arg>
<doc>Returns the text value of the element identified by ``locator``.</doc>
<status status="PASS" start="2025-02-25T16:39:02.086624" elapsed="0.003821"/>
</kw>
<kw name="Strip String" owner="String">
<msg time="2025-02-25T16:39:02.090642" level="INFO">${label} = First Name</msg>
<var>${label}</var>
<arg>${label}</arg>
<doc>Remove leading and/or trailing whitespaces from the given string.</doc>
<status status="PASS" start="2025-02-25T16:39:02.090538" elapsed="0.000118"/>
</kw>
<kw name="Set Variable" owner="BuiltIn">
<msg time="2025-02-25T16:39:02.090817" level="INFO">${input_locator} = xpath=//label[contains(text(),'First Name')]/following-sibling::input</msg>
<var>${input_locator}</var>
<arg>xpath=//label[contains(text(),'${label}')]/following-sibling::input</arg>
<doc>Returns the given values which can then be assigned to a variables.</doc>
<status status="PASS" start="2025-02-25T16:39:02.090718" elapsed="0.000114"/>
</kw>
<kw name="Get From Dictionary" owner="Collections">
<msg time="2025-02-25T16:39:02.091032" level="INFO">${value} = Michael</msg>
<var>${value}</var>
<arg>${row}</arg>
<arg>${label}</arg>
<doc>Returns a value from the given ``dictionary`` based on the given ``key``.</doc>
<status status="PASS" start="2025-02-25T16:39:02.090915" elapsed="0.000132"/>
</kw>
<kw name="Run Keyword If" owner="BuiltIn">
<kw name="Input Text" owner="SeleniumLibrary">
<msg time="2025-02-25T16:39:02.091377" level="INFO">Typing text 'Michael' into text field 'xpath=//label[contains(text(),'First Name')]/following-sibling::input'.</msg>
<arg>${input_locator}</arg>
<arg>${value}</arg>
<doc>Types the given ``text`` into the text field identified by ``locator``.</doc>
<status status="PASS" start="2025-02-25T16:39:02.091261" elapsed="0.031301"/>
</kw>
<arg>'${value}' != ''</arg>
<arg>Input Text</arg>
<arg>${input_locator}</arg>
<arg>${value}</arg>
<doc>Runs the given keyword with the given arguments, if ``condition`` is true.</doc>
<status status="PASS" start="2025-02-25T16:39:02.091117" elapsed="0.031529"/>
</kw>
<var name="${field}">&lt;selenium.webdriver.remote.webelement.WebElement (session="da2639537b2489088dd502763e4a2f69", element="f.78C0B2171B473CFA53C8E306C1E88DFF.d.256DCBBE6A643237C57888BC80A6B3BD.e.134")&gt;</var>
<status status="PASS" start="2025-02-25T16:39:02.086528" elapsed="0.036153"/>
</iter>
<iter>
<kw name="Get Text" owner="SeleniumLibrary">
<msg time="2025-02-25T16:39:02.127925" level="INFO">${label} = Email</msg>
<var>${label}</var>
<arg>${field}</arg>
<doc>Returns the text value of the element identified by ``locator``.</doc>
<status status="PASS" start="2025-02-25T16:39:02.122956" elapsed="0.004996"/>
</kw>
<kw name="Strip String" owner="String">
<msg time="2025-02-25T16:39:02.128162" level="INFO">${label} = Email</msg>
<var>${label}</var>
<arg>${label}</arg>
<doc>Remove leading and/or trailing whitespaces from the given string.</doc>
<status status="PASS" start="2025-02-25T16:39:02.128053" elapsed="0.000124"/>
</kw>
<kw name="Set Variable" owner="BuiltIn">
<msg time="2025-02-25T16:39:02.128338" level="INFO">${input_locator} = xpath=//label[contains(text(),'Email')]/following-sibling::input</msg>
<var>${input_locator}</var>
<arg>xpath=//label[contains(text(),'${label}')]/following-sibling::input</arg>
<doc>Returns the given values which can then be assigned to a variables.</doc>
<status status="PASS" start="2025-02-25T16:39:02.128240" elapsed="0.000113"/>
</kw>
<kw name="Get From Dictionary" owner="Collections">
<msg time="2025-02-25T16:39:02.128507" level="INFO">${value} = mrobertson@mc.com</msg>
<var>${value}</var>
<arg>${row}</arg>
<arg>${label}</arg>
<doc>Returns a value from the given ``dictionary`` based on the given ``key``.</doc>
<status status="PASS" start="2025-02-25T16:39:02.128411" elapsed="0.000111"/>
</kw>
<kw name="Run Keyword If" owner="BuiltIn">
<kw name="Input Text" owner="SeleniumLibrary">
<msg time="2025-02-25T16:39:02.128889" level="INFO">Typing text 'mrobertson@mc.com' into text field 'xpath=//label[contains(text(),'Email')]/following-sibling::input'.</msg>
<arg>${input_locator}</arg>
<arg>${value}</arg>
<doc>Types the given ``text`` into the text field identified by ``locator``.</doc>
<status status="PASS" start="2025-02-25T16:39:02.128747" elapsed="0.031134"/>
</kw>
<arg>'${value}' != ''</arg>
<arg>Input Text</arg>
<arg>${input_locator}</arg>
<arg>${value}</arg>
<doc>Runs the given keyword with the given arguments, if ``condition`` is true.</doc>
<status status="PASS" start="2025-02-25T16:39:02.128587" elapsed="0.031358"/>
</kw>
<var name="${field}">&lt;selenium.webdriver.remote.webelement.WebElement (session="da2639537b2489088dd502763e4a2f69", element="f.78C0B2171B473CFA53C8E306C1E88DFF.d.256DCBBE6A643237C57888BC80A6B3BD.e.135")&gt;</var>
<status status="PASS" start="2025-02-25T16:39:02.122856" elapsed="0.037119"/>
</iter>
<iter>
<kw name="Get Text" owner="SeleniumLibrary">
<msg time="2025-02-25T16:39:02.163623" level="INFO">${label} = Company Name</msg>
<var>${label}</var>
<arg>${field}</arg>
<doc>Returns the text value of the element identified by ``locator``.</doc>
<status status="PASS" start="2025-02-25T16:39:02.160151" elapsed="0.003492"/>
</kw>
<kw name="Strip String" owner="String">
<msg time="2025-02-25T16:39:02.163818" level="INFO">${label} = Company Name</msg>
<var>${label}</var>
<arg>${label}</arg>
<doc>Remove leading and/or trailing whitespaces from the given string.</doc>
<status status="PASS" start="2025-02-25T16:39:02.163723" elapsed="0.000109"/>
</kw>
<kw name="Set Variable" owner="BuiltIn">
<msg time="2025-02-25T16:39:02.164082" level="INFO">${input_locator} = xpath=//label[contains(text(),'Company Name')]/following-sibling::input</msg>
<var>${input_locator}</var>
<arg>xpath=//label[contains(text(),'${label}')]/following-sibling::input</arg>
<doc>Returns the given values which can then be assigned to a variables.</doc>
<status status="PASS" start="2025-02-25T16:39:02.163893" elapsed="0.000204"/>
</kw>
<kw name="Get From Dictionary" owner="Collections">
<msg time="2025-02-25T16:39:02.164251" level="INFO">${value} = MediCare</msg>
<var>${value}</var>
<arg>${row}</arg>
<arg>${label}</arg>
<doc>Returns a value from the given ``dictionary`` based on the given ``key``.</doc>
<status status="PASS" start="2025-02-25T16:39:02.164156" elapsed="0.000109"/>
</kw>
<kw name="Run Keyword If" owner="BuiltIn">
<kw name="Input Text" owner="SeleniumLibrary">
<msg time="2025-02-25T16:39:02.164565" level="INFO">Typing text 'MediCare' into text field 'xpath=//label[contains(text(),'Company Name')]/following-sibling::input'.</msg>
<arg>${input_locator}</arg>
<arg>${value}</arg>
<doc>Types the given ``text`` into the text field identified by ``locator``.</doc>
<status status="PASS" start="2025-02-25T16:39:02.164462" elapsed="0.029240"/>
</kw>
<arg>'${value}' != ''</arg>
<arg>Input Text</arg>
<arg>${input_locator}</arg>
<arg>${value}</arg>
<doc>Runs the given keyword with the given arguments, if ``condition`` is true.</doc>
<status status="PASS" start="2025-02-25T16:39:02.164329" elapsed="0.029441"/>
</kw>
<var name="${field}">&lt;selenium.webdriver.remote.webelement.WebElement (session="da2639537b2489088dd502763e4a2f69", element="f.78C0B2171B473CFA53C8E306C1E88DFF.d.256DCBBE6A643237C57888BC80A6B3BD.e.136")&gt;</var>
<status status="PASS" start="2025-02-25T16:39:02.160073" elapsed="0.033728"/>
</iter>
<var>${field}</var>
<value>@{fields}</value>
<status status="PASS" start="2025-02-25T16:39:01.946639" elapsed="0.247195"/>
</for>
<kw name="Click Button" owner="SeleniumLibrary">
<msg time="2025-02-25T16:39:02.194084" level="INFO">Clicking button 'xpath=//input[@type='submit']'.</msg>
<arg>xpath=//input[@type='submit']</arg>
<doc>Clicks the button identified by ``locator``.</doc>
<status status="PASS" start="2025-02-25T16:39:02.193942" elapsed="0.026806"/>
</kw>
<arg>${row}</arg>
<status status="PASS" start="2025-02-25T16:39:01.943299" elapsed="0.277582"/>
</kw>
<var name="${row}">{'First Name': 'Michael', 'Last Name': 'Robertson', 'Company Name': 'MediCare', 'Role in Company': 'IT Specialist', 'Address': '17 Farburn Terrace', 'Email': 'mrobertson@mc.com', 'Phone Number': 40733...</var>
<status status="PASS" start="2025-02-25T16:39:01.943180" elapsed="0.277734"/>
</iter>
<iter>
<kw name="Fill And Submit Form">
<kw name="Get WebElements" owner="SeleniumLibrary">
<msg time="2025-02-25T16:39:02.224462" level="INFO">${fields} = [&lt;selenium.webdriver.remote.webelement.WebElement (session="da2639537b2489088dd502763e4a2f69", element="f.78C0B2171B473CFA53C8E306C1E88DFF.d.256DCBBE6A643237C57888BC80A6B3BD.e.151")&gt;, &lt;selenium.webdri...</msg>
<var>${fields}</var>
<arg>//label</arg>
<doc>Returns a list of WebElement objects matching the ``locator``.</doc>
[...]
<var>${fields}</var>
<arg>//label</arg>
<doc>Returns a list of WebElement objects matching the ``locator``.</doc>
<status status="PASS" start="2025-02-25T16:39:03.619373" elapsed="0.004404"/>
</kw>
<for flavor="IN">
<iter>
<kw name="Get Text" owner="SeleniumLibrary">
<msg time="2025-02-25T16:39:03.627033" level="INFO">${label} = Role in Company</msg>
<var>${label}</var>
<arg>${field}</arg>
<doc>Returns the text value of the element identified by ``locator``.</doc>
<status status="PASS" start="2025-02-25T16:39:03.623995" elapsed="0.003058"/>
</kw>
<kw name="Strip String" owner="String">
<msg time="2025-02-25T16:39:03.627228" level="INFO">${label} = Role in Company</msg>
<var>${label}</var>
<arg>${label}</arg>
<doc>Remove leading and/or trailing whitespaces from the given string.</doc>
<status status="PASS" start="2025-02-25T16:39:03.627131" elapsed="0.000112"/>
</kw>
<kw name="Set Variable" owner="BuiltIn">
<msg time="2025-02-25T16:39:03.627398" level="INFO">${input_locator} = xpath=//label[contains(text(),'Role in Company')]/following-sibling::input</msg>
<var>${input_locator}</var>
<arg>xpath=//label[contains(text(),'${label}')]/following-sibling::input</arg>
<doc>Returns the given values which can then be assigned to a variables.</doc>
<status status="PASS" start="2025-02-25T16:39:03.627305" elapsed="0.000107"/>
</kw>
<kw name="Get From Dictionary" owner="Collections">
<msg time="2025-02-25T16:39:03.627563" level="INFO">${value} = Programmer</msg>
<var>${value}</var>
<arg>${row}</arg>
<arg>${label}</arg>
<doc>Returns a value from the given ``dictionary`` based on the given ``key``.</doc>
<status status="PASS" start="2025-02-25T16:39:03.627470" elapsed="0.000107"/>
</kw>
<kw name="Run Keyword If" owner="BuiltIn">
<kw name="Input Text" owner="SeleniumLibrary">
<msg time="2025-02-25T16:39:03.627868" level="INFO">Typing text 'Programmer' into text field 'xpath=//label[contains(text(),'Role in Company')]/following-sibling::input'.</msg>
<arg>${input_locator}</arg>
<arg>${value}</arg>
<doc>Types the given ``text`` into the text field identified by ``locator``.</doc>
<status status="PASS" start="2025-02-25T16:39:03.627769" elapsed="0.030584"/>
</kw>
<arg>'${value}' != ''</arg>
<arg>Input Text</arg>
<arg>${input_locator}</arg>
<arg>${value}</arg>
<doc>Runs the given keyword with the given arguments, if ``condition`` is true.</doc>
<status status="PASS" start="2025-02-25T16:39:03.627644" elapsed="0.030784"/>
</kw>
<var name="${field}">&lt;selenium.webdriver.remote.webelement.WebElement (session="da2639537b2489088dd502763e4a2f69", element="f.78C0B2171B473CFA53C8E306C1E88DFF.d.256DCBBE6A643237C57888BC80A6B3BD.e.256")&gt;</var>
<status status="PASS" start="2025-02-25T16:39:03.623927" elapsed="0.034534"/>
</iter>
<iter>
<kw name="Get Text" owner="SeleniumLibrary">
<msg time="2025-02-25T16:39:03.662094" level="INFO">${label} = First Name</msg>
<var>${label}</var>
<arg>${field}</arg>
<doc>Returns the text value of the element identified by ``locator``.</doc>
<status status="PASS" start="2025-02-25T16:39:03.658659" elapsed="0.003459"/>
</kw>
<kw name="Strip String" owner="String">
<msg time="2025-02-25T16:39:03.662307" level="INFO">${label} = First Name</msg>
<var>${label}</var>
<arg>${label}</arg>
<doc>Remove leading and/or trailing whitespaces from the given string.</doc>
<status status="PASS" start="2025-02-25T16:39:03.662206" elapsed="0.000115"/>
</kw>
<kw name="Set Variable" owner="BuiltIn">
<msg time="2025-02-25T16:39:03.662478" level="INFO">${input_locator} = xpath=//label[contains(text(),'First Name')]/following-sibling::input</msg>
<var>${input_locator}</var>
<arg>xpath=//label[contains(text(),'${label}')]/following-sibling::input</arg>
<doc>Returns the given values which can then be assigned to a variables.</doc>
<status status="PASS" start="2025-02-25T16:39:03.662383" elapsed="0.000108"/>
</kw>
<kw name="Get From Dictionary" owner="Collections">
<msg time="2025-02-25T16:39:03.662642" level="INFO">${value} = Lara</msg>
<var>${value}</var>
<arg>${row}</arg>
<arg>${label}</arg>
<doc>Returns a value from the given ``dictionary`` based on the given ``key``.</doc>
<status status="PASS" start="2025-02-25T16:39:03.662549" elapsed="0.000106"/>
</kw>
<kw name="Run Keyword If" owner="BuiltIn">
<kw name="Input Text" owner="SeleniumLibrary">
<msg time="2025-02-25T16:39:03.663000" level="INFO">Typing text 'Lara' into text field 'xpath=//label[contains(text(),'First Name')]/following-sibling::input'.</msg>
<arg>${input_locator}</arg>
<arg>${value}</arg>
<doc>Types the given ``text`` into the text field identified by ``locator``.</doc>
<status status="PASS" start="2025-02-25T16:39:03.662888" elapsed="0.027052"/>
</kw>
<arg>'${value}' != ''</arg>
<arg>Input Text</arg>
<arg>${input_locator}</arg>
<arg>${value}</arg>
<doc>Runs the given keyword with the given arguments, if ``condition`` is true.</doc>
<status status="PASS" start="2025-02-25T16:39:03.662760" elapsed="0.027238"/>
</kw>
<var name="${field}">&lt;selenium.webdriver.remote.webelement.WebElement (session="da2639537b2489088dd502763e4a2f69", element="f.78C0B2171B473CFA53C8E306C1E88DFF.d.256DCBBE6A643237C57888BC80A6B3BD.e.257")&gt;</var>
<status status="PASS" start="2025-02-25T16:39:03.658571" elapsed="0.031457"/>
</iter>
<iter>
<kw name="Get Text" owner="SeleniumLibrary">
<msg time="2025-02-25T16:39:03.693455" level="INFO">${label} = Address</msg>
<var>${label}</var>
<arg>${field}</arg>
<doc>Returns the text value of the element identified by ``locator``.</doc>
<status status="PASS" start="2025-02-25T16:39:03.690191" elapsed="0.003284"/>
</kw>
<kw name="Strip String" owner="String">
<msg time="2025-02-25T16:39:03.693641" level="INFO">${label} = Address</msg>
<var>${label}</var>
<arg>${label}</arg>
<doc>Remove leading and/or trailing whitespaces from the given string.</doc>
<status status="PASS" start="2025-02-25T16:39:03.693548" elapsed="0.000106"/>
</kw>
<kw name="Set Variable" owner="BuiltIn">
<msg time="2025-02-25T16:39:03.693807" level="INFO">${input_locator} = xpath=//label[contains(text(),'Address')]/following-sibling::input</msg>
<var>${input_locator}</var>
<arg>xpath=//label[contains(text(),'${label}')]/following-sibling::input</arg>
<doc>Returns the given values which can then be assigned to a variables.</doc>
<status status="PASS" start="2025-02-25T16:39:03.693713" elapsed="0.000107"/>
</kw>
<kw name="Get From Dictionary" owner="Collections">
<msg time="2025-02-25T16:39:03.693969" level="INFO">${value} = 87 Orange Street</msg>
<var>${value}</var>
<arg>${row}</arg>
<arg>${label}</arg>
<doc>Returns a value from the given ``dictionary`` based on the given ``key``.</doc>
<status status="PASS" start="2025-02-25T16:39:03.693877" elapsed="0.000105"/>
</kw>
<kw name="Run Keyword If" owner="BuiltIn">
<kw name="Input Text" owner="SeleniumLibrary">
<msg time="2025-02-25T16:39:03.694260" level="INFO">Typing text '87 Orange Street' into text field 'xpath=//label[contains(text(),'Address')]/following-sibling::input'.</msg>
<arg>${input_locator}</arg>
<arg>${value}</arg>
<doc>Types the given ``text`` into the text field identified by ``locator``.</doc>
<status status="PASS" start="2025-02-25T16:39:03.694164" elapsed="0.030301"/>
</kw>
<arg>'${value}' != ''</arg>
<arg>Input Text</arg>
<arg>${input_locator}</arg>
<arg>${value}</arg>
<doc>Runs the given keyword with the given arguments, if ``condition`` is true.</doc>
<status status="PASS" start="2025-02-25T16:39:03.694045" elapsed="0.030487"/>
</kw>
<var name="${field}">&lt;selenium.webdriver.remote.webelement.WebElement (session="da2639537b2489088dd502763e4a2f69", element="f.78C0B2171B473CFA53C8E306C1E88DFF.d.256DCBBE6A643237C57888BC80A6B3BD.e.258")&gt;</var>
<status status="PASS" start="2025-02-25T16:39:03.690118" elapsed="0.034444"/>
</iter>
<iter>
<kw name="Get Text" owner="SeleniumLibrary">
<msg time="2025-02-25T16:39:03.728478" level="INFO">${label} = Phone Number</msg>
<var>${label}</var>
<arg>${field}</arg>
<doc>Returns the text value of the element identified by ``locator``.</doc>
<status status="PASS" start="2025-02-25T16:39:03.724737" elapsed="0.003764"/>
</kw>
<kw name="Strip String" owner="String">
<msg time="2025-02-25T16:39:03.728690" level="INFO">${label} = Phone Number</msg>
<var>${label}</var>
<arg>${label}</arg>
<doc>Remove leading and/or trailing whitespaces from the given string.</doc>
<status status="PASS" start="2025-02-25T16:39:03.728589" elapsed="0.000115"/>
</kw>
<kw name="Set Variable" owner="BuiltIn">
<msg time="2025-02-25T16:39:03.728862" level="INFO">${input_locator} = xpath=//label[contains(text(),'Phone Number')]/following-sibling::input</msg>
<var>${input_locator}</var>
<arg>xpath=//label[contains(text(),'${label}')]/following-sibling::input</arg>
<doc>Returns the given values which can then be assigned to a variables.</doc>
<status status="PASS" start="2025-02-25T16:39:03.728765" elapsed="0.000111"/>
</kw>
<kw name="Get From Dictionary" owner="Collections">
<msg time="2025-02-25T16:39:03.729028" level="INFO">${value} = 40731653845</msg>
<var>${value}</var>
<arg>${row}</arg>
<arg>${label}</arg>
<doc>Returns a value from the given ``dictionary`` based on the given ``key``.</doc>
<status status="PASS" start="2025-02-25T16:39:03.728933" elapsed="0.000108"/>
</kw>
<kw name="Run Keyword If" owner="BuiltIn">
<kw name="Input Text" owner="SeleniumLibrary">
<msg time="2025-02-25T16:39:03.729336" level="INFO">Typing text '40731653845' into text field 'xpath=//label[contains(text(),'Phone Number')]/following-sibling::input'.</msg>
<arg>${input_locator}</arg>
<arg>${value}</arg>
<doc>Types the given ``text`` into the text field identified by ``locator``.</doc>
<status status="PASS" start="2025-02-25T16:39:03.729232" elapsed="0.028479"/>
</kw>
<arg>'${value}' != ''</arg>
<arg>Input Text</arg>
<arg>${input_locator}</arg>
<arg>${value}</arg>
<doc>Runs the given keyword with the given arguments, if ``condition`` is true.</doc>
<status status="PASS" start="2025-02-25T16:39:03.729106" elapsed="0.028667"/>
</kw>
<var name="${field}">&lt;selenium.webdriver.remote.webelement.WebElement (session="da2639537b2489088dd502763e4a2f69", element="f.78C0B2171B473CFA53C8E306C1E88DFF.d.256DCBBE6A643237C57888BC80A6B3BD.e.259")&gt;</var>
<status status="PASS" start="2025-02-25T16:39:03.724658" elapsed="0.033145"/>
</iter>
<iter>
<kw name="Get Text" owner="SeleniumLibrary">
<msg time="2025-02-25T16:39:03.761177" level="INFO">${label} = Company Name</msg>
<var>${label}</var>
<arg>${field}</arg>
<doc>Returns the text value of the element identified by ``locator``.</doc>
<status status="PASS" start="2025-02-25T16:39:03.757975" elapsed="0.003222"/>
</kw>
<kw name="Strip String" owner="String">
<msg time="2025-02-25T16:39:03.761366" level="INFO">${label} = Company Name</msg>
<var>${label}</var>
<arg>${label}</arg>
<doc>Remove leading and/or trailing whitespaces from the given string.</doc>
<status status="PASS" start="2025-02-25T16:39:03.761273" elapsed="0.000107"/>
</kw>
<kw name="Set Variable" owner="BuiltIn">
<msg time="2025-02-25T16:39:03.761532" level="INFO">${input_locator} = xpath=//label[contains(text(),'Company Name')]/following-sibling::input</msg>
<var>${input_locator}</var>
<arg>xpath=//label[contains(text(),'${label}')]/following-sibling::input</arg>
<doc>Returns the given values which can then be assigned to a variables.</doc>
<status status="PASS" start="2025-02-25T16:39:03.761440" elapsed="0.000106"/>
</kw>
<kw name="Get From Dictionary" owner="Collections">
<msg time="2025-02-25T16:39:03.761693" level="INFO">${value} = Timepath Inc.</msg>
<var>${value}</var>
<arg>${row}</arg>
<arg>${label}</arg>
<doc>Returns a value from the given ``dictionary`` based on the given ``key``.</doc>
<status status="PASS" start="2025-02-25T16:39:03.761602" elapsed="0.000105"/>
</kw>
<kw name="Run Keyword If" owner="BuiltIn">
<kw name="Input Text" owner="SeleniumLibrary">
<msg time="2025-02-25T16:39:03.761987" level="INFO">Typing text 'Timepath Inc.' into text field 'xpath=//label[contains(text(),'Company Name')]/following-sibling::input'.</msg>
<arg>${input_locator}</arg>
<arg>${value}</arg>
<doc>Types the given ``text`` into the text field identified by ``locator``.</doc>
<status status="PASS" start="2025-02-25T16:39:03.761890" elapsed="0.029195"/>
</kw>
<arg>'${value}' != ''</arg>
<arg>Input Text</arg>
<arg>${input_locator}</arg>
<arg>${value}</arg>
<doc>Runs the given keyword with the given arguments, if ``condition`` is true.</doc>
<status status="PASS" start="2025-02-25T16:39:03.761771" elapsed="0.029377"/>
</kw>
<var name="${field}">&lt;selenium.webdriver.remote.webelement.WebElement (session="da2639537b2489088dd502763e4a2f69", element="f.78C0B2171B473CFA53C8E306C1E88DFF.d.256DCBBE6A643237C57888BC80A6B3BD.e.260")&gt;</var>
<status status="PASS" start="2025-02-25T16:39:03.757898" elapsed="0.033321"/>
</iter>
<iter>
<kw name="Get Text" owner="SeleniumLibrary">
<msg time="2025-02-25T16:39:03.794709" level="INFO">${label} = Email</msg>
<var>${label}</var>
<arg>${field}</arg>
<doc>Returns the text value of the element identified by ``locator``.</doc>
<status status="PASS" start="2025-02-25T16:39:03.791395" elapsed="0.003335"/>
</kw>
<kw name="Strip String" owner="String">
<msg time="2025-02-25T16:39:03.794910" level="INFO">${label} = Email</msg>
<var>${label}</var>
<arg>${label}</arg>
<doc>Remove leading and/or trailing whitespaces from the given string.</doc>
<status status="PASS" start="2025-02-25T16:39:03.794811" elapsed="0.000114"/>
</kw>
<kw name="Set Variable" owner="BuiltIn">
<msg time="2025-02-25T16:39:03.795082" level="INFO">${input_locator} = xpath=//label[contains(text(),'Email')]/following-sibling::input</msg>
<var>${input_locator}</var>
<arg>xpath=//label[contains(text(),'${label}')]/following-sibling::input</arg>
<doc>Returns the given values which can then be assigned to a variables.</doc>
<status status="PASS" start="2025-02-25T16:39:03.794986" elapsed="0.000110"/>
</kw>
<kw name="Get From Dictionary" owner="Collections">
<msg time="2025-02-25T16:39:03.795248" level="INFO">${value} = lpalmer@timepath.co.uk</msg>
<var>${value}</var>
<arg>${row}</arg>
<arg>${label}</arg>
<doc>Returns a value from the given ``dictionary`` based on the given ``key``.</doc>
<status status="PASS" start="2025-02-25T16:39:03.795154" elapsed="0.000108"/>
</kw>
<kw name="Run Keyword If" owner="BuiltIn">
<kw name="Input Text" owner="SeleniumLibrary">
<msg time="2025-02-25T16:39:03.795552" level="INFO">Typing text 'lpalmer@timepath.co.uk' into text field 'xpath=//label[contains(text(),'Email')]/following-sibling::input'.</msg>
<arg>${input_locator}</arg>
<arg>${value}</arg>
<doc>Types the given ``text`` into the text field identified by ``locator``.</doc>
<status status="PASS" start="2025-02-25T16:39:03.795452" elapsed="0.031616"/>
</kw>
<arg>'${value}' != ''</arg>
<arg>Input Text</arg>
<arg>${input_locator}</arg>
<arg>${value}</arg>
<doc>Runs the given keyword with the given arguments, if ``condition`` is true.</doc>
<status status="PASS" start="2025-02-25T16:39:03.795330" elapsed="0.031804"/>
</kw>
<var name="${field}">&lt;selenium.webdriver.remote.webelement.WebElement (session="da2639537b2489088dd502763e4a2f69", element="f.78C0B2171B473CFA53C8E306C1E88DFF.d.256DCBBE6A643237C57888BC80A6B3BD.e.261")&gt;</var>
<status status="PASS" start="2025-02-25T16:39:03.791314" elapsed="0.035851"/>
</iter>
<iter>
<kw name="Get Text" owner="SeleniumLibrary">
<msg time="2025-02-25T16:39:03.830685" level="INFO">${label} = Last Name</msg>
<var>${label}</var>
<arg>${field}</arg>
<doc>Returns the text value of the element identified by ``locator``.</doc>
<status status="PASS" start="2025-02-25T16:39:03.827343" elapsed="0.003362"/>
</kw>
<kw name="Strip String" owner="String">
<msg time="2025-02-25T16:39:03.830879" level="INFO">${label} = Last Name</msg>
<var>${label}</var>
<arg>${label}</arg>
<doc>Remove leading and/or trailing whitespaces from the given string.</doc>
<status status="PASS" start="2025-02-25T16:39:03.830783" elapsed="0.000110"/>
</kw>
<kw name="Set Variable" owner="BuiltIn">
<msg time="2025-02-25T16:39:03.831046" level="INFO">${input_locator} = xpath=//label[contains(text(),'Last Name')]/following-sibling::input</msg>
<var>${input_locator}</var>
<arg>xpath=//label[contains(text(),'${label}')]/following-sibling::input</arg>
<doc>Returns the given values which can then be assigned to a variables.</doc>
<status status="PASS" start="2025-02-25T16:39:03.830951" elapsed="0.000109"/>
</kw>
<kw name="Get From Dictionary" owner="Collections">
<msg time="2025-02-25T16:39:03.831209" level="INFO">${value} = Palmer</msg>
<var>${value}</var>
<arg>${row}</arg>
<arg>${label}</arg>
<doc>Returns a value from the given ``dictionary`` based on the given ``key``.</doc>
<status status="PASS" start="2025-02-25T16:39:03.831116" elapsed="0.000106"/>
</kw>
<kw name="Run Keyword If" owner="BuiltIn">
<kw name="Input Text" owner="SeleniumLibrary">
<msg time="2025-02-25T16:39:03.831508" level="INFO">Typing text 'Palmer' into text field 'xpath=//label[contains(text(),'Last Name')]/following-sibling::input'.</msg>
<arg>${input_locator}</arg>
<arg>${value}</arg>
<doc>Types the given ``text`` into the text field identified by ``locator``.</doc>
<status status="PASS" start="2025-02-25T16:39:03.831409" elapsed="0.028257"/>
</kw>
<arg>'${value}' != ''</arg>
<arg>Input Text</arg>
<arg>${input_locator}</arg>
<arg>${value}</arg>
<doc>Runs the given keyword with the given arguments, if ``condition`` is true.</doc>
<status status="PASS" start="2025-02-25T16:39:03.831286" elapsed="0.028448"/>
</kw>
<var name="${field}">&lt;selenium.webdriver.remote.webelement.WebElement (session="da2639537b2489088dd502763e4a2f69", element="f.78C0B2171B473CFA53C8E306C1E88DFF.d.256DCBBE6A643237C57888BC80A6B3BD.e.262")&gt;</var>
<status status="PASS" start="2025-02-25T16:39:03.827262" elapsed="0.032503"/>
</iter>
<var>${field}</var>
<value>@{fields}</value>
<status status="PASS" start="2025-02-25T16:39:03.623828" elapsed="0.235968"/>
</for>
<kw name="Click Button" owner="SeleniumLibrary">
<msg time="2025-02-25T16:39:03.860022" level="INFO">Clicking button 'xpath=//input[@type='submit']'.</msg>
<arg>xpath=//input[@type='submit']</arg>
<doc>Clicks the button identified by ``locator``.</doc>
<status status="PASS" start="2025-02-25T16:39:03.859898" elapsed="0.025101"/>
</kw>
<arg>${row}</arg>
<status status="PASS" start="2025-02-25T16:39:03.619018" elapsed="0.266057"/>
</kw>
<var name="${row}">{'First Name': 'Lara', 'Last Name': 'Palmer', 'Company Name': 'Timepath Inc.', 'Role in Company': 'Programmer', 'Address': '87 Orange Street', 'Email': 'lpalmer@timepath.co.uk', 'Phone Number': 407316...</var>
<status status="PASS" start="2025-02-25T16:39:03.618814" elapsed="0.266288"/>
</iter>
<var>${row}</var>
<value>@{data}</value>
<status status="PASS" start="2025-02-25T16:39:01.011019" elapsed="2.874114"/>
</for>
<kw name="Log To Console" owner="BuiltIn">
<arg>"*** Formulario completado. El navegador permanecerá abierto. ***"</arg>
<doc>Logs the given message to the console.</doc>
<status status="PASS" start="2025-02-25T16:39:03.885291" elapsed="0.000112"/>
</kw>
<kw name="Sleep" owner="BuiltIn">
<msg time="2025-02-25T16:39:13.887382" level="INFO">Slept 10 seconds.</msg>
<arg>10s</arg>
<doc>Pauses the test executed for the given time.</doc>
<status status="PASS" start="2025-02-25T16:39:03.885501" elapsed="10.002514"/>
</kw>
<kw name="Close Browser" owner="SeleniumLibrary">
<doc>Closes the current browser.</doc>
<status status="PASS" start="2025-02-25T16:39:13.889162" elapsed="0.092441"/>
</kw>
<status status="PASS" start="2025-02-25T16:38:54.407890" elapsed="19.573923"/>
</test>
<status status="PASS" start="2025-02-25T16:38:54.120962" elapsed="19.861208"/>
</suite>
<statistics>
<total>
<stat pass="1" fail="0" skip="0">All Tests</stat>
</total>
<tag>
</tag>
<suite>
<stat name="Challenge" id="s1" pass="1" fail="0" skip="0">Challenge</stat>
</suite>
</statistics>
<errors>
</errors>
</robot>
